BLOCK00/SES002/SA002S12	SES002	0.935352	-57.2647	-58.2
BLOCK00/SES002/SA002S13	SES002	0.6376	-58.2098	-58.8474
BLOCK00/SES002/SA002S23	SES002	1.06377	-57.2654	-58.3292
BLOCK00/SES002/SA002S26	SES002	1.02499	-57.3241	-58.3491
BLOCK00/SES002/SA002S28	SES002	0.596836	-57.9254	-58.5223
BLOCK00/SES007/SA007S14	SES007	0.300346	-58.3977	-58.6981
BLOCK00/SES007/SA007S15	SES007	-0.176674	-59.3282	-59.1516
BLOCK00/SES007/SA007S24	SES007	-0.205738	-59.3451	-59.1393
BLOCK00/SES007/SA007S27	SES007	0.0815239	-59.4619	-59.5435
BLOCK00/SES007/SA007S29	SES007	-0.119682	-58.4185	-58.2988
BLOCK00/SES008/SA008S11	SES008	0.222492	-58.9753	-59.1978
BLOCK00/SES008/SA008S12	SES008	-0.532978	-59.4123	-58.8793
BLOCK00/SES008/SA008S19	SES008	0.461105	-57.699	-58.1601
BLOCK00/SES008/SA008S22	SES008	0.182552	-59.2133	-59.3958
BLOCK00/SES008/SA008S29	SES008	0.184227	-58.5364	-58.7206
BLOCK01/SES014/SA014S10	SES014	0.212605	-58.8446	-59.0572
BLOCK01/SES014/SA014S12	SES014	0.535282	-56.7662	-57.3015
BLOCK01/SES014/SA014S24	SES014	0.411728	-57.7131	-58.1248
BLOCK01/SES014/SA014S26	SES014	0.592731	-55.8339	-56.4266
BLOCK01/SES014/SA014S28	SES014	0.723457	-57.3479	-58.0714
BLOCK01/SES016/SA016S12	SES016	-0.459087	-61.5026	-61.0435
BLOCK01/SES016/SA016S13	SES016	0.0260162	-60.7701	-60.7961
BLOCK01/SES016/SA016S22	SES016	-0.71917	-61.5468	-60.8276
BLOCK01/SES016/SA016S25	SES016	-0.426647	-58.9316	-58.5049
BLOCK01/SES016/SA016S27	SES016	0.322025	-59.0085	-59.3305
BLOCK01/SES019/SA019S13	SES019	1.5929	-58.9979	-60.5908
BLOCK01/SES019/SA019S14	SES019	0.691689	-58.9724	-59.6641
BLOCK01/SES019/SA019S22	SES019	0.887966	-58.3202	-59.2082
BLOCK01/SES019/SA019S25	SES019	1.0114	-58.9813	-59.9927
BLOCK01/SES019/SA019S29	SES019	1.90388	-59.0091	-60.913
BLOCK02/SES029/SA029S11	SES029	-0.0813713	-59.4113	-59.3299
BLOCK02/SES029/SA029S12	SES029	-0.344685	-58.9768	-58.6321
BLOCK02/SES029/SA029S20	SES029	-0.378933	-60.6307	-60.2518
BLOCK02/SES029/SA029S25	SES029	-0.0986404	-59.2873	-59.1887
BLOCK02/SES029/SA029S28	SES029	-0.465103	-59.8427	-59.3776
BLOCK04/SES042/SA042S12	SES042	0.828587	-57.3135	-58.142
BLOCK04/SES042/SA042S15	SES042	0.114597	-57.6488	-57.7634
BLOCK04/SES042/SA042S22	SES042	1.71752	-55.8081	-57.5256
BLOCK04/SES042/SA042S25	SES042	0.765457	-57.6183	-58.3837
BLOCK04/SES042/SA042S27	SES042	0.181847	-56.9516	-57.1335
BLOCK04/SES048/SA048S11	SES048	0.0895844	-58.0705	-58.1601
BLOCK04/SES048/SA048S12	SES048	0.52961	-57.1717	-57.7013
BLOCK04/SES048/SA048S20	SES048	0.404045	-57.7089	-58.113
BLOCK04/SES048/SA048S23	SES048	0.531761	-58.6219	-59.1536
BLOCK04/SES048/SA048S27	SES048	0.242817	-57.4036	-57.6464
BLOCK06/SES060/SA060S11	SES060	0.775803	-58.8988	-59.6746
BLOCK06/SES060/SA060S12	SES060	-0.752197	-60.3207	-59.5685
BLOCK06/SES060/SA060S22	SES060	-0.174099	-59.8284	-59.6543
BLOCK06/SES060/SA060S24	SES060	-0.0905113	-58.8257	-58.7352
BLOCK06/SES060/SA060S28	SES060	0.357574	-57.1378	-57.4954
BLOCK06/SES062/SA062S10	SES062	0.482269	-57.7079	-58.1901
BLOCK06/SES062/SA062S11	SES062	0.198814	-58.6183	-58.8171
BLOCK06/SES062/SA062S21	SES062	0.434502	-56.4817	-56.9162
BLOCK06/SES062/SA062S26	SES062	0.40033	-57.3435	-57.7438
BLOCK06/SES062/SA062S29	SES062	0.148315	-57.8904	-58.0387
BLOCK06/SES068/SA068S14	SES068	-0.389709	-59.9868	-59.5971
BLOCK06/SES068/SA068S15	SES068	0.221386	-58.4762	-58.6976
BLOCK06/SES068/SA068S23	SES068	-0.482723	-60.2432	-59.7605
BLOCK06/SES068/SA068S27	SES068	0.378609	-59.4605	-59.8391
BLOCK06/SES068/SA068S29	SES068	-0.0681839	-58.9217	-58.8535
BLOCK08/SES082/SA082S12	SES082	0.0404053	-58.0796	-58.12
BLOCK08/SES082/SA082S14	SES082	-0.341831	-59.0659	-58.7241
BLOCK08/SES082/SA082S21	SES082	-0.782436	-59.6154	-58.8329
BLOCK08/SES082/SA082S24	SES082	-1.17807	-59.8216	-58.6435
BLOCK08/SES082/SA082S28	SES082	-0.695995	-59.6633	-58.9673
BLOCK08/SES083/SA083S14	SES083	-0.994492	-60.4097	-59.4152
BLOCK08/SES083/SA083S15	SES083	-0.843235	-59.9395	-59.0962
BLOCK08/SES083/SA083S24	SES083	-0.811386	-59.8561	-59.0447
BLOCK08/SES083/SA083S26	SES083	-0.497643	-58.7459	-58.2483
BLOCK08/SES083/SA083S29	SES083	-0.895443	-59.4256	-58.5302
BLOCK08/SES085/SA085S10	SES085	-0.557472	-60.001	-59.4435
BLOCK08/SES085/SA085S13	SES085	0.0206909	-60.7905	-60.8112
BLOCK08/SES085/SA085S22	SES085	-0.762535	-61.1816	-60.4191
BLOCK08/SES085/SA085S26	SES085	-0.457569	-61.0035	-60.5459
BLOCK08/SES085/SA085S28	SES085	-0.0270844	-59.1736	-59.1465
BLOCK08/SES087/SA087S15	SES087	0.207298	-57.6662	-57.8735
BLOCK08/SES087/SA087S16	SES087	0.391754	-57.8679	-58.2597
BLOCK08/SES087/SA087S24	SES087	0.57267	-57.5765	-58.1492
BLOCK08/SES087/SA087S26	SES087	0.287895	-56.772	-57.0599
BLOCK08/SES087/SA087S29	SES087	0.191448	-57.8717	-58.0632
BLOCK09/SES099/SA099S15	SES099	0.730343	-58.3024	-59.0327
BLOCK09/SES099/SA099S16	SES099	0.744808	-58.4425	-59.1873
BLOCK09/SES099/SA099S24	SES099	0.613754	-57.6588	-58.2725
BLOCK09/SES099/SA099S26	SES099	0.79184	-57.4122	-58.204
BLOCK09/SES099/SA099S29	SES099	0.719936	-57.6705	-58.3905
BLOCK10/SES101/SA101S11	SES101	0.288998	-58.0805	-58.3695
BLOCK10/SES101/SA101S13	SES101	0.108688	-58.9202	-59.0289
BLOCK10/SES101/SA101S22	SES101	-0.0262566	-59.5374	-59.5112
BLOCK10/SES101/SA101S24	SES101	0.35088	-58.9698	-59.3206
BLOCK10/SES101/SA101S28	SES101	-0.9231	-60.7215	-59.7984
BLOCK10/SES104/SA104S11	SES104	0.0873489	-57.4744	-57.5618
BLOCK10/SES104/SA104S12	SES104	-0.323933	-58.1486	-57.8247
BLOCK10/SES104/SA104S21	SES104	-0.455193	-59.0752	-58.62
BLOCK10/SES104/SA104S24	SES104	-0.207016	-58.6056	-58.3986
BLOCK10/SES104/SA104S28	SES104	-0.914391	-58.9967	-58.0823
BLOCK10/SES105/SA105S12	SES105	0.0343704	-59.0492	-59.0836
BLOCK10/SES105/SA105S13	SES105	0.0226898	-58.7349	-58.7576
BLOCK10/SES105/SA105S22	SES105	-0.0941811	-59.5156	-59.4214
BLOCK10/SES105/SA105S26	SES105	0.00765991	-59.0383	-59.046
BLOCK10/SES105/SA105S29	SES105	-0.300167	-59.579	-59.2788
BLOCK10/SES106/SA106S09	SES106	-0.71796	-59.5787	-58.8607
BLOCK10/SES106/SA106S11	SES106	0.0341339	-58.0375	-58.0717
BLOCK10/SES106/SA106S22	SES106	0.345772	-59.5145	-59.8603
BLOCK10/SES106/SA106S27	SES106	-0.259651	-58.8049	-58.5453
BLOCK10/SES106/SA106S29	SES106	-0.0354576	-57.684	-57.6486
BLOCK11/SES117/SA117S12	SES117	0.197289	-59.9655	-60.1628
BLOCK11/SES117/SA117S13	SES117	-0.405106	-59.9169	-59.5117
BLOCK11/SES117/SA117S23	SES117	0.871918	-60.6656	-61.5376
BLOCK11/SES117/SA117S25	SES117	0.630119	-60.2313	-60.8614
BLOCK11/SES117/SA117S28	SES117	0.326981	-60.2594	-60.5864
BLOCK12/SES120/SA120S08	SES120	-0.304581	-60.6092	-60.3046
BLOCK12/SES120/SA120S11	SES120	-0.399162	-61.2994	-60.9002
BLOCK12/SES120/SA120S22	SES120	-0.705227	-60.4309	-59.7257
BLOCK12/SES120/SA120S24	SES120	0.398216	-59.7355	-60.1337
BLOCK12/SES120/SA120S28	SES120	-0.0728111	-61.3443	-61.2715
BLOCK12/SES125/SA125S13	SES125	0.608955	-57.329	-57.938
BLOCK12/SES125/SA125S14	SES125	0.499001	-57.7314	-58.2304
BLOCK12/SES125/SA125S25	SES125	1.24896	-56.9954	-58.2443
BLOCK12/SES125/SA125S27	SES125	1.31916	-56.2611	-57.5803
BLOCK12/SES125/SA125S29	SES125	0.568336	-57.7876	-58.3559
BLOCK12/SES127/SA127S11	SES127	-0.133133	-60.5726	-60.4394
BLOCK12/SES127/SA127S12	SES127	-0.252224	-59.5965	-59.3442
BLOCK12/SES127/SA127S23	SES127	-0.344238	-60.3506	-60.0064
BLOCK12/SES127/SA127S25	SES127	-0.876148	-60.3377	-59.4616
BLOCK12/SES127/SA127S27	SES127	0.01194	-60.0874	-60.0993
BLOCK12/SES129/SA129S11	SES129	0.363476	-58.0567	-58.4202
BLOCK12/SES129/SA129S12	SES129	0.549175	-57.7948	-58.344
BLOCK12/SES129/SA129S22	SES129	0.449234	-57.5611	-58.0103
BLOCK12/SES129/SA129S27	SES129	0.84779	-57.1019	-57.9497
BLOCK12/SES129/SA129S29	SES129	1.0327	-57.0717	-58.1044
BLOCK14/SES142/SA142S11	SES142	1.62376	-60.301	-61.9248
BLOCK14/SES142/SA142S12	SES142	0.721966	-61.1674	-61.8893
BLOCK14/SES142/SA142S24	SES142	2.09245	-60.4549	-62.5473
BLOCK14/SES142/SA142S27	SES142	2.17592	-59.0748	-61.2507
BLOCK14/SES142/SA142S29	SES142	1.80988	-58.8906	-60.7005
BLOCK14/SES143/SA143S12	SES143	0.393124	-60.2323	-60.6254
BLOCK14/SES143/SA143S13	SES143	0.30883	-60.2062	-60.515
BLOCK14/SES143/SA143S23	SES143	0.783909	-60.7565	-61.5404
BLOCK14/SES143/SA143S25	SES143	-0.0480003	-60.3749	-60.3269
BLOCK14/SES143/SA143S28	SES143	0.185127	-59.7741	-59.9592
BLOCK14/SES144/SA144S09	SES144	0.232555	-58.7031	-58.9356
BLOCK14/SES144/SA144S11	SES144	0.438152	-59.4903	-59.9284
BLOCK14/SES144/SA144S21	SES144	-0.144367	-59.3971	-59.2528
BLOCK14/SES144/SA144S25	SES144	-0.1637	-59.7574	-59.5937
BLOCK14/SES144/SA144S29	SES144	-0.276127	-59.7886	-59.5124
BLOCK14/SES146/SA146S14	SES146	0.34129	-59.1751	-59.5164
BLOCK14/SES146/SA146S15	SES146	-0.0926895	-59.7477	-59.655
BLOCK14/SES146/SA146S24	SES146	0.0320015	-59.36	-59.392
BLOCK14/SES146/SA146S26	SES146	0.466434	-60.2733	-60.7397
BLOCK14/SES146/SA146S29	SES146	0.0103073	-59.6829	-59.6932
BLOCK14/SES147/SA147S11	SES147	0.431499	-60.038	-60.4695
BLOCK14/SES147/SA147S13	SES147	0.684605	-59.4593	-60.1439
BLOCK14/SES147/SA147S23	SES147	0.595398	-60.7999	-61.3953
BLOCK14/SES147/SA147S26	SES147	0.709702	-60.1105	-60.8202
BLOCK14/SES147/SA147S28	SES147	0.674873	-60.168	-60.8429
BLOCK14/SES148/SA148S10	SES148	-0.0205345	-58.6792	-58.6587
BLOCK14/SES148/SA148S12	SES148	-0.121376	-59.8856	-59.7642
BLOCK14/SES148/SA148S22	SES148	0.0899544	-58.7822	-58.8722
BLOCK14/SES148/SA148S26	SES148	-0.201088	-58.9487	-58.7476
BLOCK14/SES148/SA148S29	SES148	-0.0945129	-59.6117	-59.5172
BLOCK14/SES149/SA149S13	SES149	-0.475094	-58.6536	-58.1785
BLOCK14/SES149/SA149S14	SES149	-0.250381	-57.8615	-57.6111
BLOCK14/SES149/SA149S24	SES149	-0.45306	-58.7995	-58.3464
BLOCK14/SES149/SA149S26	SES149	-0.436253	-58.3853	-57.9491
BLOCK14/SES149/SA149S28	SES149	0.188576	-58.2372	-58.4258
BLOCK15/SES158/SA158S13	SES158	-0.706177	-59.8405	-59.1343
BLOCK15/SES158/SA158S14	SES158	-0.477463	-60.1872	-59.7097
BLOCK15/SES158/SA158S23	SES158	-0.47485	-59.374	-58.8992
BLOCK15/SES158/SA158S26	SES158	0.351089	-59.4623	-59.8134
BLOCK15/SES158/SA158S28	SES158	-0.248447	-59.19	-58.9416
BLOCK16/SES162/SA162S10	SES162	0.292732	-59.5911	-59.8838
BLOCK16/SES162/SA162S11	SES162	-0.21973	-60.4119	-60.1921
BLOCK16/SES162/SA162S21	SES162	0.647545	-60.5319	-61.1794
BLOCK16/SES162/SA162S24	SES162	0.405724	-60.1986	-60.6043
BLOCK16/SES162/SA162S27	SES162	0.521599	-60.264	-60.7856
BLOCK16/SES167/SA167S14	SES167	0.995514	-58.6941	-59.6896
BLOCK16/SES167/SA167S15	SES167	0.550819	-60.0749	-60.6257
BLOCK16/SES167/SA167S21	SES167	0.401459	-58.925	-59.3264
BLOCK16/SES167/SA167S25	SES167	1.02567	-59.3034	-60.329
BLOCK16/SES167/SA167S29	SES167	1.32484	-58.8853	-60.2101
BLOCK17/SES172/SA172S12	SES172	0.613808	-59.9411	-60.5549
BLOCK17/SES172/SA172S13	SES172	0.388195	-60.9567	-61.3449
BLOCK17/SES172/SA172S23	SES172	0.378269	-58.9236	-59.3019
BLOCK17/SES172/SA172S27	SES172	0.644699	-59.5649	-60.2096
BLOCK17/SES172/SA172S29	SES172	0.686825	-59.9844	-60.6712
BLOCK17/SES175/SA175S11	SES175	1.03598	-60.1755	-61.2114
BLOCK17/SES175/SA175S13	SES175	0.0266113	-59.9281	-59.9547
BLOCK17/SES175/SA175S23	SES175	1.33336	-60.0017	-61.3351
BLOCK17/SES175/SA175S25	SES175	0.201332	-61.2989	-61.5002
BLOCK17/SES175/SA175S28	SES175	0.709026	-60.1721	-60.8811
BLOCK17/SES177/SA177S15	SES177	0.0554008	-59.6971	-59.7525
BLOCK17/SES177/SA177S17	SES177	0.0549469	-59.7654	-59.8204
BLOCK17/SES177/SA177S23	SES177	0.102421	-60.186	-60.2885
BLOCK17/SES177/SA177S26	SES177	0.0467949	-58.7252	-58.772
BLOCK17/SES177/SA177S28	SES177	0.626064	-59.1942	-59.8203
BLOCK18/SES180/SA180S13	SES180	0.565247	-60.0957	-60.661
BLOCK18/SES180/SA180S15	SES180	0.433441	-60.3293	-60.7627
BLOCK18/SES180/SA180S24	SES180	0.49992	-58.667	-59.167
BLOCK18/SES180/SA180S26	SES180	0.63522	-59.198	-59.8332
BLOCK18/SES180/SA180S29	SES180	0.464115	-60.5343	-60.9984
BLOCK18/SES183/SA183S13	SES183	0.0574837	-59.8972	-59.9547
BLOCK18/SES183/SA183S14	SES183	-0.308937	-59.7486	-59.4397
BLOCK18/SES183/SA183S24	SES183	0.340839	-60.3398	-60.6806
BLOCK18/SES183/SA183S27	SES183	0.225464	-59.3832	-59.6087
BLOCK18/SES183/SA183S29	SES183	0.167965	-58.9507	-59.1187
BLOCK18/SES187/SA187S13	SES187	-0.338329	-61.3369	-60.9986
BLOCK18/SES187/SA187S14	SES187	0.213413	-60.4405	-60.6539
BLOCK18/SES187/SA187S24	SES187	0.0137367	-61.6114	-61.6251
BLOCK18/SES187/SA187S27	SES187	0.118389	-60.2536	-60.372
BLOCK18/SES187/SA187S29	SES187	0.176594	-61.1085	-61.2851
BLOCK18/SES189/SA189S10	SES189	0.961994	-61.3579	-62.3199
BLOCK18/SES189/SA189S13	SES189	1.25489	-62.1843	-63.4392
BLOCK18/SES189/SA189S24	SES189	1.21885	-61.5563	-62.7751
BLOCK18/SES189/SA189S26	SES189	0.58963	-60.9367	-61.5263
BLOCK18/SES189/SA189S29	SES189	1.3517	-61.2854	-62.6371
BLOCK20/SES202/SA202S12	SES202	1.09369	-61.2554	-62.349
BLOCK20/SES202/SA202S14	SES202	1.19978	-60.8428	-62.0426
BLOCK20/SES202/SA202S24	SES202	0.981541	-60.9305	-61.9121
BLOCK20/SES202/SA202S27	SES202	1.20621	-59.9192	-61.1254
BLOCK20/SES202/SA202S29	SES202	1.46931	-60.5084	-61.9777
BLOCK20/SES206/SA206S15	SES206	-0.461807	-58.2624	-57.8006
BLOCK20/SES206/SA206S17	SES206	0.634388	-57.6301	-58.2644
BLOCK20/SES206/SA206S24	SES206	0.423222	-57.6301	-58.0533
BLOCK20/SES206/SA206S27	SES206	0.74165	-57.813	-58.5546
BLOCK20/SES206/SA206S29	SES206	0.586124	-56.6408	-57.2269
BLOCK22/SES226/SA226S12	SES226	-0.702415	-59.6514	-58.949
BLOCK22/SES226/SA226S13	SES226	-0.884178	-59.3648	-58.4806
BLOCK22/SES226/SA226S20	SES226	-0.353348	-59.3248	-58.9715
BLOCK22/SES226/SA226S23	SES226	-0.26297	-58.4746	-58.2117
BLOCK22/SES226/SA226S28	SES226	-0.545338	-58.706	-58.1607
BLOCK25/SES259/SA259S13	SES259	0.655079	-57.9253	-58.5804
BLOCK25/SES259/SA259S14	SES259	0.217319	-57.8838	-58.1011
BLOCK25/SES259/SA259S22	SES259	0.622837	-57.4583	-58.0811
BLOCK25/SES259/SA259S24	SES259	0.897144	-56.4384	-57.3356
BLOCK25/SES259/SA259S28	SES259	0.524818	-57.1629	-57.6878
BLOCK27/SES270/SA270S14	SES270	0.682663	-59.0413	-59.724
BLOCK27/SES270/SA270S16	SES270	0.114708	-58.8447	-58.9594
BLOCK27/SES270/SA270S22	SES270	0.70435	-58.3116	-59.016
BLOCK27/SES270/SA270S26	SES270	0.590691	-58.9711	-59.5618
BLOCK27/SES270/SA270S28	SES270	0.119183	-58.5487	-58.6679
BLOCK27/SES275/SA275S17	SES275	0.267612	-59.4841	-59.7518
BLOCK27/SES275/SA275S18	SES275	0.129101	-59.5564	-59.6855
BLOCK27/SES275/SA275S24	SES275	0.283333	-59.0937	-59.377
BLOCK27/SES275/SA275S26	SES275	0.611866	-58.0414	-58.6533
BLOCK27/SES275/SA275S28	SES275	0.227757	-57.8782	-58.106
BLOCK29/SES292/SA292S10	SES292	-0.909622	-59.7852	-58.8755
BLOCK29/SES292/SA292S12	SES292	-0.532661	-61.0142	-60.4816
BLOCK29/SES292/SA292S22	SES292	0.113976	-58.4904	-58.6044
BLOCK29/SES292/SA292S24	SES292	-0.432442	-59.2217	-58.7893
BLOCK29/SES292/SA292S27	SES292	-0.0770645	-58.5541	-58.4771
BLOCK00/SES001/SA001S14	SES062	-0.346333	-58.4566	-58.1103
BLOCK00/SES001/SA001S14	SES082	-3.0769	-61.1872	-58.1103
BLOCK00/SES001/SA001S14	SES106	-4.18962	-62.2999	-58.1103
BLOCK00/SES001/SA001S14	SES206	-5.15867	-63.2689	-58.1103
BLOCK00/SES001/SA001S15	SES062	-0.606731	-57.7212	-57.1145
BLOCK00/SES001/SA001S15	SES104	-3.31687	-60.4313	-57.1145
BLOCK00/SES001/SA001S15	SES106	-3.83154	-60.946	-57.1145
BLOCK00/SES001/SA001S15	SES206	-4.67934	-61.7938	-57.1145
BLOCK00/SES001/SA001S24	SES062	-0.957863	-59.9368	-58.9789
BLOCK00/SES001/SA001S24	SES082	-2.08724	-61.0662	-58.9789
BLOCK00/SES001/SA001S24	SES087	-2.95127	-61.9302	-58.9789
BLOCK00/SES001/SA001S24	SES206	-2.7696	-61.7485	-58.9789
BLOCK00/SES001/SA001S27	SES062	-1.00077	-58.6138	-57.613
BLOCK00/SES001/SA001S27	SES082	-1.64275	-59.2558	-57.613
BLOCK00/SES001/SA001S27	SES087	-2.55285	-60.1659	-57.613
BLOCK00/SES001/SA001S27	SES206	-2.64259	-60.2556	-57.613
BLOCK00/SES001/SA001S29	SES062	-0.802322	-59.5376	-58.7353
BLOCK00/SES001/SA001S29	SES082	-2.78173	-61.517	-58.7353
BLOCK00/SES001/SA001S29	SES158	-2.50277	-61.238	-58.7353
BLOCK00/SES001/SA001S29	SES206	-4.42468	-63.1599	-58.7353
BLOCK00/SES003/SA003S11	SES002	-1.8483	-60.3636	-58.5153
BLOCK00/SES003/SA003S11	SES019	-1.60884	-60.1241	-58.5153
BLOCK00/SES003/SA003S11	SES082	-0.890327	-59.4056	-58.5153
BLOCK00/SES003/SA003S11	SES125	-1.53746	-60.0527	-58.5153
BLOCK00/SES003/SA003S15	SES016	-1.10704	-58.9041	-57.797
BLOCK00/SES003/SA003S15	SES019	-1.32616	-59.1232	-57.797
BLOCK00/SES003/SA003S15	SES062	-0.728455	-58.5255	-57.797
BLOCK00/SES003/SA003S15	SES206	-1.26649	-59.0635	-57.797
BLOCK00/SES003/SA003S22	SES002	-2.61851	-60.8493	-58.2308
BLOCK00/SES003/SA003S22	SES062	-0.342686	-58.5734	-58.2308
BLOCK00/SES003/SA003S22	SES082	-1.17693	-59.4077	-58.2308
BLOCK00/SES003/SA003S22	SES087	-2.20373	-60.4345	-58.2308
BLOCK00/SES003/SA003S25	SES062	-0.408951	-58.8796	-58.4706
BLOCK00/SES003/SA003S25	SES082	-1.56503	-60.0356	-58.4706
BLOCK00/SES003/SA003S25	SES087	-3.08362	-61.5542	-58.4706
BLOCK00/SES003/SA003S25	SES206	-3.17018	-61.6408	-58.4706
BLOCK00/SES003/SA003S29	SES002	-2.70399	-60.6726	-57.9686
BLOCK00/SES003/SA003S29	SES062	-0.783573	-58.7521	-57.9686
BLOCK00/SES003/SA003S29	SES082	-1.18528	-59.1538	-57.9686
BLOCK00/SES003/SA003S29	SES087	-2.48649	-60.4551	-57.9686
BLOCK00/SES004/SA004S12	SES083	-1.59825	-62.2698	-60.6715
BLOCK00/SES004/SA004S12	SES148	-1.03652	-61.708	-60.6715
BLOCK00/SES004/SA004S12	SES172	-1.69075	-62.3623	-60.6715
BLOCK00/SES004/SA004S12	SES292	-1.69677	-62.3683	-60.6715
BLOCK00/SES004/SA004S17	SES083	-1.31787	-61.7019	-60.384
BLOCK00/SES004/SA004S17	SES162	-0.773697	-61.1577	-60.384
BLOCK00/SES004/SA004S17	SES172	-1.36971	-61.7537	-60.384
BLOCK00/SES004/SA004S17	SES292	-1.28656	-61.6706	-60.384
BLOCK00/SES004/SA004S24	SES083	-1.18748	-61.3756	-60.1881
BLOCK00/SES004/SA004S24	SES148	-0.824982	-61.0131	-60.1881
BLOCK00/SES004/SA004S24	SES172	-1.22692	-61.415	-60.1881
BLOCK00/SES004/SA004S24	SES292	-1.2295	-61.4176	-60.1881
BLOCK00/SES004/SA004S26	SES083	-0.619648	-60.8386	-60.219
BLOCK00/SES004/SA004S26	SES127	-0.187061	-60.406	-60.219
BLOCK00/SES004/SA004S26	SES148	-0.725391	-60.9444	-60.219
BLOCK00/SES004/SA004S26	SES292	-0.734592	-60.9536	-60.219
BLOCK00/SES004/SA004S28	SES083	-1.45067	-61.6187	-60.1681
BLOCK00/SES004/SA004S28	SES127	-1.68024	-61.8483	-60.1681
BLOCK00/SES004/SA004S28	SES187	-0.464108	-60.6322	-60.1681
BLOCK00/SES004/SA004S28	SES292	-1.74495	-61.913	-60.1681
BLOCK00/SES006/SA006S10	SES014	-1.00422	-61.1369	-60.1327
BLOCK00/SES006/SA006S10	SES158	-0.294674	-60.4274	-60.1327
BLOCK00/SES006/SA006S10	SES226	-0.481686	-60.6144	-60.1327
BLOCK00/SES006/SA006S10	SES270	-0.0218048	-60.1545	-60.1327
BLOCK00/SES006/SA006S11	SES158	0.0727272	-59.8353	-59.908
BLOCK00/SES006/SA006S11	SES226	-0.182896	-60.0909	-59.908
BLOCK00/SES006/SA006S11	SES270	0.0758133	-59.8322	-59.908
BLOCK00/SES006/SA006S11	SES275	-1.19493	-61.1029	-59.908
BLOCK00/SES006/SA006S23	SES062	-1.23351	-59.7172	-58.4837
BLOCK00/SES006/SA006S23	SES105	-0.79287	-59.2765	-58.4837
BLOCK00/SES006/SA006S23	SES158	-0.497124	-58.9808	-58.4837
BLOCK00/SES006/SA006S23	SES275	-0.721325	-59.205	-58.4837
BLOCK00/SES006/SA006S26	SES104	-1.09386	-59.6475	-58.5536
BLOCK00/SES006/SA006S26	SES158	-0.619644	-59.1733	-58.5536
BLOCK00/SES006/SA006S26	SES270	-0.189362	-58.743	-58.5536
BLOCK00/SES006/SA006S26	SES275	-1.12002	-59.6736	-58.5536
BLOCK00/SES006/SA006S28	SES007	-0.741386	-60.4776	-59.7362
BLOCK00/SES006/SA006S28	SES105	-0.720627	-60.4568	-59.7362
BLOCK00/SES006/SA006S28	SES158	-0.330517	-60.0667	-59.7362
BLOCK00/SES006/SA006S28	SES275	-1.12053	-60.8567	-59.7362
BLOCK00/SES009/SA009S12	SES083	-0.362461	-58.8327	-58.4702
BLOCK00/SES009/SA009S12	SES148	-0.0527344	-58.523	-58.4702
BLOCK00/SES009/SA009S12	SES177	-0.395878	-58.8661	-58.4702
BLOCK00/SES009/SA009S12	SES292	0.114502	-58.3557	-58.4702
BLOCK00/SES009/SA009S15	SES007	0.564457	-57.5671	-58.1316
BLOCK00/SES009/SA009S15	SES099	-8.02413	-66.1557	-58.1316
BLOCK00/SES009/SA009S15	SES148	-0.0411949	-58.1728	-58.1316
BLOCK00/SES009/SA009S15	SES172	0.151249	-57.9803	-58.1316
BLOCK00/SES009/SA009S24	SES146	-0.553692	-59.0377	-58.484
BLOCK00/SES009/SA009S24	SES148	0.0218468	-58.4621	-58.484
BLOCK00/SES009/SA009S24	SES177	-0.074894	-58.5589	-58.484
BLOCK00/SES009/SA009S24	SES292	0.386898	-58.0971	-58.484
BLOCK00/SES009/SA009S26	SES083	-0.521446	-59.6924	-59.171
BLOCK00/SES009/SA009S26	SES101	-0.506878	-59.6779	-59.171
BLOCK00/SES009/SA009S26	SES120	0.126644	-59.0444	-59.171
BLOCK00/SES009/SA009S26	SES177	-0.711815	-59.8828	-59.171
BLOCK00/SES009/SA009S29	SES083	-0.269974	-58.7471	-58.4771
BLOCK00/SES009/SA009S29	SES101	-0.252544	-58.7297	-58.4771
BLOCK00/SES009/SA009S29	SES177	-0.32098	-58.7981	-58.4771
BLOCK00/SES009/SA009S29	SES292	0.181366	-58.2958	-58.4771
BLOCK01/SES011/SA011S10	SES019	0.238876	-59.0316	-59.2705
BLOCK01/SES011/SA011S10	SES042	-0.0654945	-59.336	-59.2705
BLOCK01/SES011/SA011S10	SES082	-0.350708	-59.6212	-59.2705
BLOCK01/SES011/SA011S10	SES206	-0.119831	-59.3903	-59.2705
BLOCK01/SES011/SA011S11	SES019	-0.530136	-60.183	-59.6529
BLOCK01/SES011/SA011S11	SES042	-1.09705	-60.7499	-59.6529
BLOCK01/SES011/SA011S11	SES082	-0.667599	-60.3205	-59.6529
BLOCK01/SES011/SA011S11	SES206	-0.37384	-60.0267	-59.6529
BLOCK01/SES011/SA011S22	SES019	-0.0225716	-59.4236	-59.401
BLOCK01/SES011/SA011S22	SES042	-0.845779	-60.2468	-59.401
BLOCK01/SES011/SA011S22	SES082	-0.417259	-59.8183	-59.401
BLOCK01/SES011/SA011S22	SES206	-0.764664	-60.1657	-59.401
BLOCK01/SES011/SA011S24	SES019	-0.347267	-58.8932	-58.5459
BLOCK01/SES011/SA011S24	SES042	-0.537815	-59.0837	-58.5459
BLOCK01/SES011/SA011S24	SES104	-0.176384	-58.7223	-58.5459
BLOCK01/SES011/SA011S24	SES206	-0.0593224	-58.6052	-58.5459
BLOCK01/SES011/SA011S27	SES082	-0.20435	-58.7654	-58.561
BLOCK01/SES011/SA011S27	SES087	-0.705269	-59.2663	-58.561
BLOCK01/SES011/SA011S27	SES125	-0.38903	-58.95	-58.561
BLOCK01/SES011/SA011S27	SES206	-0.328335	-58.8894	-58.561
BLOCK01/SES012/SA012S11	SES007	-1.17356	-58.2634	-57.0899
BLOCK01/SES012/SA012S11	SES082	-0.298923	-57.3888	-57.0899
BLOCK01/SES012/SA012S11	SES083	-1.18156	-58.2714	-57.0899
BLOCK01/SES012/SA012S11	SES206	-0.642204	-57.7321	-57.0899
BLOCK01/SES012/SA012S14	SES082	-0.635288	-58.2886	-57.6533
BLOCK01/SES012/SA012S14	SES087	-1.46756	-59.1208	-57.6533
BLOCK01/SES012/SA012S14	SES206	-1.2133	-58.8666	-57.6533
BLOCK01/SES012/SA012S14	SES292	-1.27708	-58.9303	-57.6533
BLOCK01/SES012/SA012S24	SES082	0.252865	-58.3031	-58.556
BLOCK01/SES012/SA012S24	SES087	-0.484661	-59.0406	-58.556
BLOCK01/SES012/SA012S24	SES120	-1.12156	-59.6775	-58.556
BLOCK01/SES012/SA012S24	SES206	-0.624123	-59.1801	-58.556
BLOCK01/SES012/SA012S26	SES019	-0.857887	-58.7069	-57.849
BLOCK01/SES012/SA012S26	SES082	-0.154209	-58.0032	-57.849
BLOCK01/SES012/SA012S26	SES206	0.129105	-57.7199	-57.849
BLOCK01/SES012/SA012S26	SES292	-1.0729	-58.9219	-57.849
BLOCK01/SES012/SA012S29	SES062	-1.04057	-59.143	-58.1024
BLOCK01/SES012/SA012S29	SES082	0.0828247	-58.0196	-58.1024
BLOCK01/SES012/SA012S29	SES083	-1.37259	-59.475	-58.1024
BLOCK01/SES012/SA012S29	SES206	-0.195351	-58.2978	-58.1024
BLOCK01/SES013/SA013S16	SES062	-1.50051	-60.0601	-58.5595
BLOCK01/SES013/SA013S16	SES106	-0.0822449	-58.6418	-58.5595
BLOCK01/SES013/SA013S16	SES206	-0.368019	-58.9276	-58.5595
BLOCK01/SES013/SA013S16	SES226	-0.0270767	-58.5866	-58.5595
BLOCK01/SES013/SA013S17	SES062	-1.19129	-58.9139	-57.7226
BLOCK01/SES013/SA013S17	SES106	-0.117386	-57.84	-57.7226
BLOCK01/SES013/SA013S17	SES206	0.015976	-57.7066	-57.7226
BLOCK01/SES013/SA013S17	SES226	0.134258	-57.5884	-57.7226
BLOCK01/SES013/SA013S23	SES104	0.0828629	-58.9339	-59.0168
BLOCK01/SES013/SA013S23	SES106	0.289627	-58.7271	-59.0168
BLOCK01/SES013/SA013S23	SES206	-0.346737	-59.3635	-59.0168
BLOCK01/SES013/SA013S23	SES270	0.277481	-58.7393	-59.0168
BLOCK01/SES013/SA013S25	SES042	-0.366585	-58.5159	-58.1493
BLOCK01/SES013/SA013S25	SES104	0.291786	-57.8575	-58.1493
BLOCK01/SES013/SA013S25	SES106	0.217438	-57.9319	-58.1493
BLOCK01/SES013/SA013S25	SES206	-0.211285	-58.3606	-58.1493
BLOCK01/SES013/SA013S29	SES062	-1.41716	-60.1265	-58.7093
BLOCK01/SES013/SA013S29	SES104	-0.226234	-58.9356	-58.7093
BLOCK01/SES013/SA013S29	SES106	0.0296288	-58.6797	-58.7093
BLOCK01/SES013/SA013S29	SES206	-0.551796	-59.2611	-58.7093
BLOCK02/SES021/SA021S13	SES016	-0.650112	-58.1601	-57.51
BLOCK02/SES021/SA021S13	SES029	-0.742649	-58.2527	-57.51
BLOCK02/SES021/SA021S13	SES087	-2.11558	-59.6256	-57.51
BLOCK02/SES021/SA021S13	SES206	-2.03265	-59.5427	-57.51
BLOCK02/SES021/SA021S15	SES087	-1.88712	-58.9152	-57.0281
BLOCK02/SES021/SA021S15	SES125	-0.954357	-57.9825	-57.0281
BLOCK02/SES021/SA021S15	SES206	-1.2257	-58.2538	-57.0281
BLOCK02/SES021/SA021S15	SES226	-1.33713	-58.3652	-57.0281
BLOCK02/SES021/SA021S23	SES062	-0.788605	-59.6047	-58.8161
BLOCK02/SES021/SA021S23	SES087	-2.68404	-61.5002	-58.8161
BLOCK02/SES021/SA021S23	SES206	-2.32153	-61.1377	-58.8161
BLOCK02/SES021/SA021S23	SES226	-1.52274	-60.3389	-58.8161
BLOCK02/SES021/SA021S27	SES002	-2.29729	-60.1733	-57.876
BLOCK02/SES021/SA021S27	SES016	-1.01131	-58.8873	-57.876
BLOCK02/SES021/SA021S27	SES019	-1.72828	-59.6043	-57.876
BLOCK02/SES021/SA021S27	SES062	-0.651093	-58.5271	-57.876
BLOCK02/SES021/SA021S29	SES087	-2.38022	-60.3444	-57.9641
BLOCK02/SES021/SA021S29	SES125	-1.68174	-59.6459	-57.9641
BLOCK02/SES021/SA021S29	SES206	-1.82678	-59.7909	-57.9641
BLOCK02/SES021/SA021S29	SES226	-1.83937	-59.8035	-57.9641
BLOCK04/SES043/SA043S09	SES083	-1.41179	-61.0651	-59.6533
BLOCK04/SES043/SA043S09	SES101	-1.66121	-61.3145	-59.6533
BLOCK04/SES043/SA043S09	SES144	-0.467323	-60.1206	-59.6533
BLOCK04/SES043/SA043S09	SES172	-2.01801	-61.6713	-59.6533
BLOCK04/SES043/SA043S11	SES083	-0.546234	-59.0414	-58.4952
BLOCK04/SES043/SA043S11	SES101	-0.807621	-59.3028	-58.4952
BLOCK04/SES043/SA043S11	SES144	-0.395107	-58.8903	-58.4952
BLOCK04/SES043/SA043S11	SES172	-0.759811	-59.255	-58.4952
BLOCK04/SES043/SA043S23	SES083	-1.18843	-60.3278	-59.1394
BLOCK04/SES043/SA043S23	SES144	-0.479958	-59.6194	-59.1394
BLOCK04/SES043/SA043S23	SES177	-1.07137	-60.2108	-59.1394
BLOCK04/SES043/SA043S23	SES275	-1.31707	-60.4565	-59.1394
BLOCK04/SES043/SA043S26	SES083	-0.770687	-59.3362	-58.5656
BLOCK04/SES043/SA043S26	SES101	-0.963856	-59.5294	-58.5656
BLOCK04/SES043/SA043S26	SES144	-0.424103	-58.9897	-58.5656
BLOCK04/SES043/SA043S26	SES177	-0.734009	-59.2996	-58.5656
BLOCK04/SES043/SA043S28	SES016	-0.637424	-59.079	-58.4415
BLOCK04/SES043/SA043S28	SES083	-0.610119	-59.0517	-58.4415
BLOCK04/SES043/SA043S28	SES101	-0.529346	-58.9709	-58.4415
BLOCK04/SES043/SA043S28	SES144	-0.6936	-59.1351	-58.4415
BLOCK04/SES044/SA044S10	SES127	-1.57051	-62.916	-61.3455
BLOCK04/SES044/SA044S10	SES144	-0.631748	-61.9773	-61.3455
BLOCK04/SES044/SA044S10	SES147	-1.65942	-63.0049	-61.3455
BLOCK04/SES044/SA044S10	SES148	-0.861481	-62.207	-61.3455
BLOCK04/SES044/SA044S11	SES101	-1.23148	-62.1274	-60.896
BLOCK04/SES044/SA044S11	SES144	-0.449261	-61.3452	-60.896
BLOCK04/SES044/SA044S11	SES147	-1.19156	-62.0875	-60.896
BLOCK04/SES044/SA044S11	SES177	-0.854763	-61.7507	-60.896
BLOCK04/SES044/SA044S24	SES007	-0.963917	-60.8977	-59.9338
BLOCK04/SES044/SA044S24	SES101	-1.39168	-61.3255	-59.9338
BLOCK04/SES044/SA044S24	SES147	-1.47655	-61.4104	-59.9338
BLOCK04/SES044/SA044S24	SES177	-1.12824	-61.0621	-59.9338
BLOCK04/SES044/SA044S26	SES007	-1.34801	-61.4143	-60.0663
BLOCK04/SES044/SA044S26	SES016	-0.459396	-60.5257	-60.0663
BLOCK04/SES044/SA044S26	SES101	-1.00783	-61.0741	-60.0663
BLOCK04/SES044/SA044S26	SES147	-0.623932	-60.6902	-60.0663
BLOCK04/SES044/SA044S29	SES007	-1.40788	-61.3255	-59.9176
BLOCK04/SES044/SA044S29	SES101	-1.15776	-61.0754	-59.9176
BLOCK04/SES044/SA044S29	SES147	-0.890804	-60.8085	-59.9176
BLOCK04/SES044/SA044S29	SES177	-0.858635	-60.7763	-59.9176
BLOCK04/SES046/SA046S13	SES101	-2.1169	-63.0947	-60.9778
BLOCK04/SES046/SA046S13	SES144	-0.910748	-61.8886	-60.9778
BLOCK04/SES046/SA046S13	SES147	-1.30856	-62.2864	-60.9778
BLOCK04/SES046/SA046S13	SES177	-1.01789	-61.9957	-60.9778
BLOCK04/SES046/SA046S15	SES048	-2.31423	-61.5587	-59.2444
BLOCK04/SES046/SA046S15	SES083	-1.1264	-60.3709	-59.2444
BLOCK04/SES046/SA046S15	SES120	-1.41121	-60.6557	-59.2444
BLOCK04/SES046/SA046S15	SES148	-0.877136	-60.1216	-59.2444
BLOCK04/SES046/SA046S22	SES101	-1.36466	-62.295	-60.9303
BLOCK04/SES046/SA046S22	SES144	-0.630547	-61.5609	-60.9303
BLOCK04/SES046/SA046S22	SES147	-0.653793	-61.5841	-60.9303
BLOCK04/SES046/SA046S22	SES172	-1.19657	-62.1269	-60.9303
BLOCK04/SES046/SA046S25	SES083	-1.20417	-61.0231	-59.8189
BLOCK04/SES046/SA046S25	SES127	-1.16603	-60.985	-59.8189
BLOCK04/SES046/SA046S25	SES144	-1.28927	-61.1082	-59.8189
BLOCK04/SES046/SA046S25	SES148	-0.984074	-60.803	-59.8189
BLOCK04/SES046/SA046S28	SES007	-2.16276	-61.922	-59.7592
BLOCK04/SES046/SA046S28	SES105	-1.42663	-61.1858	-59.7592
BLOCK04/SES046/SA046S28	SES147	-0.993515	-60.7527	-59.7592
BLOCK04/SES046/SA046S28	SES148	-0.626282	-60.3855	-59.7592
BLOCK04/SES049/SA049S16	SES104	-0.27179	-59.8697	-59.598
BLOCK04/SES049/SA049S16	SES106	-0.252403	-59.8504	-59.598
BLOCK04/SES049/SA049S16	SES120	-0.939613	-60.5376	-59.598
BLOCK04/SES049/SA049S16	SES206	-0.332947	-59.9309	-59.598
BLOCK04/SES049/SA049S18	SES099	-0.597393	-60.0006	-59.4032
BLOCK04/SES049/SA049S18	SES104	-0.467556	-59.8707	-59.4032
BLOCK04/SES049/SA049S18	SES125	-1.11892	-60.5221	-59.4032
BLOCK04/SES049/SA049S18	SES206	-0.718533	-60.1217	-59.4032
BLOCK04/SES049/SA049S25	SES087	-1.22688	-60.3334	-59.1066
BLOCK04/SES049/SA049S25	SES104	-0.515282	-59.6218	-59.1066
BLOCK04/SES049/SA049S25	SES125	-1.0732	-60.1798	-59.1066
BLOCK04/SES049/SA049S25	SES206	-0.507889	-59.6145	-59.1066
BLOCK04/SES049/SA049S27	SES099	-1.05795	-59.8903	-58.8323
BLOCK04/SES049/SA049S27	SES104	-0.528618	-59.361	-58.8323
BLOCK04/SES049/SA049S27	SES125	-0.949833	-59.7822	-58.8323
BLOCK04/SES049/SA049S27	SES206	-0.762058	-59.5944	-58.8323
BLOCK04/SES049/SA049S29	SES099	-0.794773	-58.5531	-57.7583
BLOCK04/SES049/SA049S29	SES104	-0.428257	-58.1866	-57.7583
BLOCK04/SES049/SA049S29	SES125	-0.842827	-58.6012	-57.7583
BLOCK04/SES049/SA049S29	SES206	-0.927368	-58.6857	-57.7583
BLOCK06/SES063/SA063S09	SES068	-1.5578	-61.0057	-59.4479
BLOCK06/SES063/SA063S09	SES083	-0.959259	-60.4072	-59.4479
BLOCK06/SES063/SA063S09	SES177	-0.36237	-59.8103	-59.4479
BLOCK06/SES063/SA063S09	SES187	0.0988083	-59.3491	-59.4479
BLOCK06/SES063/SA063S10	SES068	-1.1343	-61.0576	-59.9233
BLOCK06/SES063/SA063S10	SES083	-0.836315	-60.7596	-59.9233
BLOCK06/SES063/SA063S10	SES172	-0.313969	-60.2373	-59.9233
BLOCK06/SES063/SA063S10	SES187	0.449894	-59.4734	-59.9233
BLOCK06/SES063/SA063S20	SES068	-2.70904	-63.287	-60.578
BLOCK06/SES063/SA063S20	SES083	-1.85437	-62.4324	-60.578
BLOCK06/SES063/SA063S20	SES172	-1.8067	-62.3847	-60.578
BLOCK06/SES063/SA063S20	SES187	0.636715	-59.9413	-60.578
BLOCK06/SES063/SA063S24	SES029	-0.658688	-59.4366	-58.7779
BLOCK06/SES063/SA063S24	SES083	-1.03765	-59.8156	-58.7779
BLOCK06/SES063/SA063S24	SES177	-0.0335388	-58.8115	-58.7779
BLOCK06/SES063/SA063S24	SES189	-0.619572	-59.3975	-58.7779
BLOCK06/SES063/SA063S27	SES083	-0.861111	-61.4369	-60.5758
BLOCK06/SES063/SA063S27	SES172	-0.0540047	-60.6298	-60.5758
BLOCK06/SES063/SA063S27	SES187	0.00354767	-60.5723	-60.5758
BLOCK06/SES063/SA063S27	SES292	-1.02668	-61.6025	-60.5758
BLOCK06/SES067/SA067S12	SES083	-2.43533	-62.1893	-59.754
BLOCK06/SES067/SA067S12	SES172	-2.51976	-62.2737	-59.754
BLOCK06/SES067/SA067S12	SES202	-0.226112	-59.9801	-59.754
BLOCK06/SES067/SA067S12	SES292	-2.5904	-62.3444	-59.754
BLOCK06/SES067/SA067S14	SES085	-1.61858	-60.4531	-58.8346
BLOCK06/SES067/SA067S14	SES177	-1.72181	-60.5564	-58.8346
BLOCK06/SES067/SA067S14	SES183	-1.55741	-60.392	-58.8346
BLOCK06/SES067/SA067S14	SES202	-1.03931	-59.8739	-58.8346
BLOCK06/SES067/SA067S21	SES144	-0.767376	-61.6784	-60.911
BLOCK06/SES067/SA067S21	SES177	-1.08714	-61.9982	-60.911
BLOCK06/SES067/SA067S21	SES183	-2.66125	-63.5723	-60.911
BLOCK06/SES067/SA067S21	SES189	-0.00440598	-60.9154	-60.911
BLOCK06/SES067/SA067S25	SES085	-0.918209	-61.2918	-60.3736
BLOCK06/SES067/SA067S25	SES177	-0.772015	-61.1457	-60.3736
BLOCK06/SES067/SA067S25	SES183	-1.30542	-61.6791	-60.3736
BLOCK06/SES067/SA067S25	SES202	-0.0765953	-60.4502	-60.3736
BLOCK06/SES067/SA067S29	SES085	-1.03719	-61.3377	-60.3005
BLOCK06/SES067/SA067S29	SES177	-1.2286	-61.5291	-60.3005
BLOCK06/SES067/SA067S29	SES183	-1.69218	-61.9927	-60.3005
BLOCK06/SES067/SA067S29	SES202	0.101665	-60.1988	-60.3005
BLOCK06/SES069/SA069S12	SES029	-0.730865	-59.4081	-58.6772
BLOCK06/SES069/SA069S12	SES082	-1.21785	-59.895	-58.6772
BLOCK06/SES069/SA069S12	SES087	-2.24472	-60.9219	-58.6772
BLOCK06/SES069/SA069S12	SES206	-2.07243	-60.7496	-58.6772
BLOCK06/SES069/SA069S13	SES029	-0.962597	-59.5179	-58.5553
BLOCK06/SES069/SA069S13	SES087	-1.80167	-60.357	-58.5553
BLOCK06/SES069/SA069S13	SES206	-1.61326	-60.1686	-58.5553
BLOCK06/SES069/SA069S13	SES226	-1.40499	-59.9603	-58.5553
BLOCK06/SES069/SA069S23	SES029	-0.818314	-57.6301	-56.8118
BLOCK06/SES069/SA069S23	SES087	-2.91593	-59.7278	-56.8118
BLOCK06/SES069/SA069S23	SES206	-2.89773	-59.7096	-56.8118
BLOCK06/SES069/SA069S23	SES226	-2.1048	-58.9166	-56.8118
BLOCK06/SES069/SA069S25	SES087	-1.49337	-58.5822	-57.0888
BLOCK06/SES069/SA069S25	SES206	-1.64827	-58.7371	-57.0888
BLOCK06/SES069/SA069S25	SES226	-1.06976	-58.1586	-57.0888
BLOCK06/SES069/SA069S25	SES270	-1.06159	-58.1504	-57.0888
BLOCK06/SES069/SA069S27	SES087	-2.40047	-60.146	-57.7456
BLOCK06/SES069/SA069S27	SES206	-1.70539	-59.4509	-57.7456
BLOCK06/SES069/SA069S27	SES226	-1.18068	-58.9262	-57.7456
BLOCK06/SES069/SA069S27	SES270	-1.25869	-59.0042	-57.7456
BLOCK08/SES081/SA081S11	SES060	-1.19279	-62.22	-61.0272
BLOCK08/SES081/SA081S11	SES062	-3.2556	-64.2828	-61.0272
BLOCK08/SES081/SA081S11	SES117	-1.18957	-62.2168	-61.0272
BLOCK08/SES081/SA081S11	SES162	-0.582394	-61.6096	-61.0272
BLOCK08/SES081/SA081S13	SES016	-0.838112	-59.7402	-58.9021
BLOCK08/SES081/SA081S13	SES060	-0.850628	-59.7527	-58.9021
BLOCK08/SES081/SA081S13	SES068	-0.95573	-59.8578	-58.9021
BLOCK08/SES081/SA081S13	SES129	-2.3033	-61.2054	-58.9021
BLOCK08/SES081/SA081S24	SES060	-1.0149	-61.1113	-60.0964
BLOCK08/SES081/SA081S24	SES068	-1.23158	-61.328	-60.0964
BLOCK08/SES081/SA081S24	SES117	-1.0787	-61.1751	-60.0964
BLOCK08/SES081/SA081S24	SES275	-1.73982	-61.8363	-60.0964
BLOCK08/SES081/SA081S27	SES007	-1.37362	-61.6359	-60.2623
BLOCK08/SES081/SA081S27	SES060	-0.878677	-61.1409	-60.2623
BLOCK08/SES081/SA081S27	SES117	-0.38905	-60.6513	-60.2623
BLOCK08/SES081/SA081S27	SES275	-1.67496	-61.9372	-60.2623
BLOCK08/SES081/SA081S29	SES007	-1.4872	-61.2968	-59.8096
BLOCK08/SES081/SA081S29	SES060	-0.821735	-60.6313	-59.8096
BLOCK08/SES081/SA081S29	SES117	-0.784569	-60.5942	-59.8096
BLOCK08/SES081/SA081S29	SES275	-1.84377	-61.6534	-59.8096
BLOCK08/SES086/SA086S11	SES029	-1.5427	-60.9312	-59.3885
BLOCK08/SES086/SA086S11	SES082	-0.00643539	-59.395	-59.3885
BLOCK08/SES086/SA086S11	SES087	-0.667721	-60.0563	-59.3885
BLOCK08/SES086/SA086S11	SES206	-0.493561	-59.8821	-59.3885
BLOCK08/SES086/SA086S12	SES029	-1.31033	-60.1317	-58.8214
BLOCK08/SES086/SA086S12	SES082	-0.0563011	-58.8777	-58.8214
BLOCK08/SES086/SA086S12	SES087	-0.0403862	-58.8617	-58.8214
BLOCK08/SES086/SA086S12	SES206	-0.296761	-59.1181	-58.8214
BLOCK08/SES086/SA086S20	SES029	-1.60614	-59.5433	-57.9371
BLOCK08/SES086/SA086S20	SES082	-0.352406	-58.2896	-57.9371
BLOCK08/SES086/SA086S20	SES087	-0.657902	-58.5951	-57.9371
BLOCK08/SES086/SA086S20	SES206	-0.113594	-58.0507	-57.9371
BLOCK08/SES086/SA086S24	SES087	-0.32478	-59.2751	-58.9503
BLOCK08/SES086/SA086S24	SES104	-0.317055	-59.2673	-58.9503
BLOCK08/SES086/SA086S24	SES120	-1.22408	-60.1744	-58.9503
BLOCK08/SES086/SA086S24	SES206	0.150097	-58.8002	-58.9503
BLOCK08/SES086/SA086S28	SES029	-1.22935	-59.2238	-57.9945
BLOCK08/SES086/SA086S28	SES082	-0.0281677	-58.0226	-57.9945
BLOCK08/SES086/SA086S28	SES087	-0.122467	-58.1169	-57.9945
BLOCK08/SES086/SA086S28	SES206	-0.171951	-58.1664	-57.9945
BLOCK08/SES089/SA089S13	SES087	-3.16446	-61.5198	-58.3553
BLOCK08/SES089/SA089S13	SES206	-3.25278	-61.6081	-58.3553
BLOCK08/SES089/SA089S13	SES226	-1.90168	-60.257	-58.3553
BLOCK08/SES089/SA089S13	SES270	-2.17062	-60.5259	-58.3553
BLOCK08/SES089/SA089S14	SES062	-0.84087	-58.5459	-57.705
BLOCK08/SES089/SA089S14	SES087	-1.97836	-59.6834	-57.705
BLOCK08/SES089/SA089S14	SES206	-2.12959	-59.8346	-57.705
BLOCK08/SES089/SA089S14	SES226	-1.37518	-59.0802	-57.705
BLOCK08/SES089/SA089S23	SES087	-4.03072	-62.5179	-58.4872
BLOCK08/SES089/SA089S23	SES206	-4.11122	-62.5984	-58.4872
BLOCK08/SES089/SA089S23	SES226	-2.611	-61.0982	-58.4872
BLOCK08/SES089/SA089S23	SES270	-2.88482	-61.372	-58.4872
BLOCK08/SES089/SA089S25	SES062	-0.444115	-58.2501	-57.806
BLOCK08/SES089/SA089S25	SES087	-3.4867	-61.2927	-57.806
BLOCK08/SES089/SA089S25	SES206	-3.60706	-61.413	-57.806
BLOCK08/SES089/SA089S25	SES226	-2.04297	-59.849	-57.806
BLOCK08/SES089/SA089S28	SES062	-0.496284	-58.535	-58.0387
BLOCK08/SES089/SA089S28	SES087	-3.04174	-61.0804	-58.0387
BLOCK08/SES089/SA089S28	SES206	-2.75624	-60.7949	-58.0387
BLOCK08/SES089/SA089S28	SES226	-1.90003	-59.9387	-58.0387
BLOCK09/SES097/SA097S11	SES099	0.115761	-59.2659	-59.3817
BLOCK09/SES097/SA097S11	SES125	0.0519066	-59.3298	-59.3817
BLOCK09/SES097/SA097S11	SES206	-0.492924	-59.8746	-59.3817
BLOCK09/SES097/SA097S11	SES226	-0.348415	-59.7301	-59.3817
BLOCK09/SES097/SA097S14	SES062	-1.16402	-59.981	-58.817
BLOCK09/SES097/SA097S14	SES099	-0.935387	-59.7523	-58.817
BLOCK09/SES097/SA097S14	SES104	-0.760418	-59.5774	-58.817
BLOCK09/SES097/SA097S14	SES206	-1.1522	-59.9692	-58.817
BLOCK09/SES097/SA097S22	SES099	-0.277847	-59.5229	-59.2451
BLOCK09/SES097/SA097S22	SES206	-0.495712	-59.7408	-59.2451
BLOCK09/SES097/SA097S22	SES226	-0.769478	-60.0145	-59.2451
BLOCK09/SES097/SA097S22	SES270	0.135044	-59.11	-59.2451
BLOCK09/SES097/SA097S26	SES099	-0.604942	-58.9197	-58.3147
BLOCK09/SES097/SA097S26	SES120	-1.29837	-59.6131	-58.3147
BLOCK09/SES097/SA097S26	SES206	-0.844521	-59.1593	-58.3147
BLOCK09/SES097/SA097S26	SES226	-0.812778	-59.1275	-58.3147
BLOCK09/SES097/SA097S28	SES099	-1.06462	-59.8165	-58.7519
BLOCK09/SES097/SA097S28	SES120	-1.04764	-59.7995	-58.7519
BLOCK09/SES097/SA097S28	SES206	-1.43376	-60.1856	-58.7519
BLOCK09/SES097/SA097S28	SES226	-0.699928	-59.4518	-58.7519
BLOCK09/SES098/SA098S11	SES127	-1.69949	-63.3363	-61.6368
BLOCK09/SES098/SA098S11	SES144	-0.777107	-62.4139	-61.6368
BLOCK09/SES098/SA098S11	SES147	-0.43705	-62.0738	-61.6368
BLOCK09/SES098/SA098S11	SES148	-1.4964	-63.1332	-61.6368
BLOCK09/SES098/SA098S12	SES127	-2.64283	-65.8858	-63.2429
BLOCK09/SES098/SA098S12	SES144	-0.992573	-64.2355	-63.2429
BLOCK09/SES098/SA098S12	SES147	-0.77309	-64.016	-63.2429
BLOCK09/SES098/SA098S12	SES189	0.0934029	-63.1495	-63.2429
BLOCK09/SES098/SA098S20	SES127	-2.00344	-64.297	-62.2936
BLOCK09/SES098/SA098S20	SES147	-0.406933	-62.7005	-62.2936
BLOCK09/SES098/SA098S20	SES148	-1.78247	-64.076	-62.2936
BLOCK09/SES098/SA098S20	SES292	-2.99244	-65.286	-62.2936
BLOCK09/SES098/SA098S23	SES127	-1.36113	-62.5685	-61.2074
BLOCK09/SES098/SA098S23	SES147	-0.53326	-61.7406	-61.2074
BLOCK09/SES098/SA098S23	SES187	-0.32859	-61.5359	-61.2074
BLOCK09/SES098/SA098S23	SES292	-2.19492	-63.4023	-61.2074
BLOCK09/SES098/SA098S27	SES127	-2.55702	-64.5964	-62.0394
BLOCK09/SES098/SA098S27	SES147	-0.670837	-62.7102	-62.0394
BLOCK09/SES098/SA098S27	SES148	-2.05854	-64.098	-62.0394
BLOCK09/SES098/SA098S27	SES292	-2.90433	-64.9437	-62.0394
BLOCK10/SES102/SA102S13	SES101	-0.683308	-60.9712	-60.2879
BLOCK10/SES102/SA102S13	SES105	-1.16001	-61.4479	-60.2879
BLOCK10/SES102/SA102S13	SES120	-1.36976	-61.6576	-60.2879
BLOCK10/SES102/SA102S13	SES158	-5.76666	-66.0545	-60.2879
BLOCK10/SES102/SA102S14	SES007	-0.0244713	-59.5451	-59.5207
BLOCK10/SES102/SA102S14	SES101	-0.372833	-59.8935	-59.5207
BLOCK10/SES102/SA102S14	SES105	-0.316929	-59.8376	-59.5207
BLOCK10/SES102/SA102S14	SES147	-1.09533	-60.616	-59.5207
BLOCK10/SES102/SA102S22	SES007	-0.355999	-58.939	-58.583
BLOCK10/SES102/SA102S22	SES101	-0.360207	-58.9432	-58.583
BLOCK10/SES102/SA102S22	SES105	-0.465675	-59.0486	-58.583
BLOCK10/SES102/SA102S22	SES158	-3.05163	-61.6346	-58.583
BLOCK10/SES102/SA102S25	SES007	-0.594772	-59.1758	-58.581
BLOCK10/SES102/SA102S25	SES101	-0.234905	-58.8159	-58.581
BLOCK10/SES102/SA102S25	SES105	-0.436878	-59.0179	-58.581
BLOCK10/SES102/SA102S25	SES147	-1.16285	-59.7439	-58.581
BLOCK10/SES102/SA102S27	SES007	-0.721947	-60.4715	-59.7496
BLOCK10/SES102/SA102S27	SES101	-0.810184	-60.5597	-59.7496
BLOCK10/SES102/SA102S27	SES105	-0.444706	-60.1943	-59.7496
BLOCK10/SES102/SA102S27	SES147	-1.07575	-60.8253	-59.7496
BLOCK10/SES103/SA103S14	SES105	-0.918404	-59.7665	-58.8481
BLOCK10/SES103/SA103S14	SES106	-0.320148	-59.1683	-58.8481
BLOCK10/SES103/SA103S14	SES120	-1.13842	-59.9866	-58.8481
BLOCK10/SES103/SA103S14	SES206	-0.59848	-59.4466	-58.8481
BLOCK10/SES103/SA103S15	SES099	-0.435848	-59.8758	-59.4399
BLOCK10/SES103/SA103S15	SES101	-1.48252	-60.9225	-59.4399
BLOCK10/SES103/SA103S15	SES104	0.00992584	-59.43	-59.4399
BLOCK10/SES103/SA103S15	SES125	-0.601116	-60.0411	-59.4399
BLOCK10/SES103/SA103S24	SES104	-0.614227	-59.0136	-58.3994
BLOCK10/SES103/SA103S24	SES125	-1.29242	-59.6918	-58.3994
BLOCK10/SES103/SA103S24	SES148	-1.26954	-59.6689	-58.3994
BLOCK10/SES103/SA103S24	SES158	-0.495529	-58.8949	-58.3994
BLOCK10/SES103/SA103S26	SES104	-1.23415	-60.3613	-59.1272
BLOCK10/SES103/SA103S26	SES106	-1.15617	-60.2834	-59.1272
BLOCK10/SES103/SA103S26	SES125	-1.8315	-60.9587	-59.1272
BLOCK10/SES103/SA103S26	SES148	-1.28743	-60.4146	-59.1272
BLOCK10/SES103/SA103S28	SES104	-1.72106	-62.219	-60.4979
BLOCK10/SES103/SA103S28	SES106	-1.32646	-61.8244	-60.4979
BLOCK10/SES103/SA103S28	SES125	-2.55332	-63.0512	-60.4979
BLOCK10/SES103/SA103S28	SES206	-2.5942	-63.0921	-60.4979
BLOCK12/SES121/SA121S12	SES042	-2.0009	-62.0379	-60.037
BLOCK12/SES121/SA121S12	SES087	-0.880306	-60.9173	-60.037
BLOCK12/SES121/SA121S12	SES105	-0.501537	-60.5385	-60.037
BLOCK12/SES121/SA121S12	SES206	-0.696198	-60.7332	-60.037
BLOCK12/SES121/SA121S14	SES007	-1.06817	-61.1464	-60.0783
BLOCK12/SES121/SA121S14	SES105	-0.839066	-60.9173	-60.0783
BLOCK12/SES121/SA121S14	SES106	-0.974289	-61.0525	-60.0783
BLOCK12/SES121/SA121S14	SES206	-1.1186	-61.1969	-60.0783
BLOCK12/SES121/SA121S23	SES105	-0.599709	-61.567	-60.9673
BLOCK12/SES121/SA121S23	SES106	-0.73048	-61.6978	-60.9673
BLOCK12/SES121/SA121S23	SES120	-0.798038	-61.7654	-60.9673
BLOCK12/SES121/SA121S23	SES206	-1.16185	-62.1292	-60.9673
BLOCK12/SES121/SA121S25	SES007	-0.859623	-61.7821	-60.9225
BLOCK12/SES121/SA121S25	SES105	-0.81797	-61.7405	-60.9225
BLOCK12/SES121/SA121S25	SES106	-0.299065	-61.2215	-60.9225
BLOCK12/SES121/SA121S25	SES206	-0.470646	-61.3931	-60.9225
BLOCK12/SES121/SA121S27	SES087	-1.33752	-61.2289	-59.8914
BLOCK12/SES121/SA121S27	SES105	-1.26918	-61.1606	-59.8914
BLOCK12/SES121/SA121S27	SES120	-0.958012	-60.8494	-59.8914
BLOCK12/SES121/SA121S27	SES206	-1.0586	-60.95	-59.8914
BLOCK12/SES124/SA124S16	SES042	-0.708096	-59.2407	-58.5326
BLOCK12/SES124/SA124S16	SES082	-0.427132	-58.9597	-58.5326
BLOCK12/SES124/SA124S16	SES183	-1.53918	-60.0717	-58.5326
BLOCK12/SES124/SA124S16	SES206	-0.549072	-59.0816	-58.5326
BLOCK12/SES124/SA124S17	SES105	-0.76889	-59.8332	-59.0643
BLOCK12/SES124/SA124S17	SES149	-0.529613	-59.5939	-59.0643
BLOCK12/SES124/SA124S17	SES158	-0.454754	-59.5191	-59.0643
BLOCK12/SES124/SA124S17	SES275	-1.16735	-60.2317	-59.0643
BLOCK12/SES124/SA124S23	SES105	-1.10711	-58.1698	-57.0627
BLOCK12/SES124/SA124S23	SES125	0.168861	-56.8938	-57.0627
BLOCK12/SES124/SA124S23	SES129	-0.876072	-57.9388	-57.0627
BLOCK12/SES124/SA124S23	SES158	-0.443462	-57.5061	-57.0627
BLOCK12/SES124/SA124S26	SES105	-1.34273	-59.903	-58.5602
BLOCK12/SES124/SA124S26	SES125	0.671158	-57.8891	-58.5602
BLOCK12/SES124/SA124S26	SES129	-1.33878	-59.899	-58.5602
BLOCK12/SES124/SA124S26	SES158	0.4673	-58.0929	-58.5602
BLOCK12/SES124/SA124S28	SES104	0.364937	-57.5916	-57.9565
BLOCK12/SES124/SA124S28	SES106	-0.0505524	-58.0071	-57.9565
BLOCK12/SES124/SA124S28	SES125	0.0523987	-57.9041	-57.9565
BLOCK12/SES124/SA124S28	SES275	-1.21613	-59.1726	-57.9565
BLOCK12/SES126/SA126S13	SES007	-1.90696	-63.8529	-61.946
BLOCK12/SES126/SA126S13	SES162	-0.287483	-62.2334	-61.946
BLOCK12/SES126/SA126S13	SES177	-0.105488	-62.0515	-61.946
BLOCK12/SES126/SA126S13	SES180	-0.0681152	-62.0141	-61.946
BLOCK12/SES126/SA126S14	SES144	-0.276928	-60.7151	-60.4382
BLOCK12/SES126/SA126S14	SES148	-0.833355	-61.2716	-60.4382
BLOCK12/SES126/SA126S14	SES177	0.218266	-60.2199	-60.4382
BLOCK12/SES126/SA126S14	SES180	0.445675	-59.9925	-60.4382
BLOCK12/SES126/SA126S20	SES007	-2.77531	-62.713	-59.9377
BLOCK12/SES126/SA126S20	SES162	-1.91331	-61.851	-59.9377
BLOCK12/SES126/SA126S20	SES172	-3.51868	-63.4564	-59.9377
BLOCK12/SES126/SA126S20	SES180	-2.2198	-62.1575	-59.9377
BLOCK12/SES126/SA126S24	SES120	-2.01161	-62.5544	-60.5428
BLOCK12/SES126/SA126S24	SES162	-0.821262	-61.3641	-60.5428
BLOCK12/SES126/SA126S24	SES177	-0.632351	-61.1752	-60.5428
BLOCK12/SES126/SA126S24	SES180	-0.255772	-60.7986	-60.5428
BLOCK12/SES126/SA126S26	SES120	-0.622822	-61.8031	-61.1802
BLOCK12/SES126/SA126S26	SES177	-0.227776	-61.408	-61.1802
BLOCK12/SES126/SA126S26	SES180	0.141197	-61.039	-61.1802
BLOCK12/SES126/SA126S26	SES202	-0.660336	-61.8406	-61.1802
BLOCK12/SES128/SA128S10	SES087	-1.95445	-60.4536	-58.4992
BLOCK12/SES128/SA128S10	SES206	-1.41021	-59.9094	-58.4992
BLOCK12/SES128/SA128S10	SES226	-0.767509	-59.2667	-58.4992
BLOCK12/SES128/SA128S10	SES270	-0.825207	-59.3244	-58.4992
BLOCK12/SES128/SA128S12	SES120	-0.745991	-59.3982	-58.6522
BLOCK12/SES128/SA128S12	SES158	-1.16323	-59.8154	-58.6522
BLOCK12/SES128/SA128S12	SES206	-1.29417	-59.9463	-58.6522
BLOCK12/SES128/SA128S12	SES226	-0.7897	-59.4419	-58.6522
BLOCK12/SES128/SA128S21	SES106	-3.65501	-63.7812	-60.1262
BLOCK12/SES128/SA128S21	SES120	-0.208759	-60.335	-60.1262
BLOCK12/SES128/SA128S21	SES206	-3.72565	-63.8518	-60.1262
BLOCK12/SES128/SA128S21	SES226	-2.86146	-62.9877	-60.1262
BLOCK12/SES128/SA128S24	SES087	-3.47551	-62.2806	-58.8051
BLOCK12/SES128/SA128S24	SES120	-0.474777	-59.2799	-58.8051
BLOCK12/SES128/SA128S24	SES206	-3.01664	-61.8217	-58.8051
BLOCK12/SES128/SA128S24	SES226	-2.25413	-61.0592	-58.8051
BLOCK12/SES128/SA128S27	SES099	-2.96236	-60.898	-57.9356
BLOCK12/SES128/SA128S27	SES120	-0.604656	-58.5403	-57.9356
BLOCK12/SES128/SA128S27	SES206	-2.75864	-60.6943	-57.9356
BLOCK12/SES128/SA128S27	SES226	-2.03833	-59.974	-57.9356
BLOCK13/SES130/SA130S13	SES143	-0.732826	-61.6409	-60.908
BLOCK13/SES130/SA130S13	SES144	0.312683	-60.5954	-60.908
BLOCK13/SES130/SA130S13	SES146	-0.127319	-61.0354	-60.908
BLOCK13/SES130/SA130S13	SES275	-0.969196	-61.8772	-60.908
BLOCK13/SES130/SA130S15	SES143	-0.229229	-59.9177	-59.6885
BLOCK13/SES130/SA130S15	SES144	0.16573	-59.5227	-59.6885
BLOCK13/SES130/SA130S15	SES146	-0.296856	-59.9853	-59.6885
BLOCK13/SES130/SA130S15	SES275	-0.429066	-60.1175	-59.6885
BLOCK13/SES130/SA130S23	SES127	-0.208435	-60.9144	-60.706
BLOCK13/SES130/SA130S23	SES144	0.233612	-60.4724	-60.706
BLOCK13/SES130/SA130S23	SES146	-0.160557	-60.8666	-60.706
BLOCK13/SES130/SA130S23	SES162	0.34375	-60.3623	-60.706
BLOCK13/SES130/SA130S25	SES127	-0.291862	-59.9141	-59.6222
BLOCK13/SES130/SA130S25	SES144	0.481411	-59.1408	-59.6222
BLOCK13/SES130/SA130S25	SES146	0.361122	-59.2611	-59.6222
BLOCK13/SES130/SA130S25	SES275	-0.101803	-59.724	-59.6222
BLOCK13/SES130/SA130S28	SES127	0.0873642	-59.7047	-59.7921
BLOCK13/SES130/SA130S28	SES144	0.173672	-59.6184	-59.7921
BLOCK13/SES130/SA130S28	SES146	-0.221241	-60.0133	-59.7921
BLOCK13/SES130/SA130S28	SES275	-0.035965	-59.8281	-59.7921
BLOCK13/SES131/SA131S13	SES002	-0.748306	-61.0251	-60.2768
BLOCK13/SES131/SA131S13	SES007	-1.36869	-61.6454	-60.2768
BLOCK13/SES131/SA131S13	SES099	-0.927319	-61.2041	-60.2768
BLOCK13/SES131/SA131S13	SES105	-1.07311	-61.3499	-60.2768
BLOCK13/SES131/SA131S14	SES104	-0.153419	-59.1579	-59.0045
BLOCK13/SES131/SA131S14	SES106	0.0747833	-58.9297	-59.0045
BLOCK13/SES131/SA131S14	SES125	-0.659576	-59.664	-59.0045
BLOCK13/SES131/SA131S14	SES148	-1.09381	-60.0983	-59.0045
BLOCK13/SES131/SA131S20	SES104	0.102703	-60.0189	-60.1216
BLOCK13/SES131/SA131S20	SES106	0.419701	-59.7019	-60.1216
BLOCK13/SES131/SA131S20	SES125	-0.224705	-60.3463	-60.1216
BLOCK13/SES131/SA131S20	SES148	-1.30808	-61.4296	-60.1216
BLOCK13/SES131/SA131S22	SES099	-0.221905	-59.2428	-59.0209
BLOCK13/SES131/SA131S22	SES104	0.148167	-58.8728	-59.0209
BLOCK13/SES131/SA131S22	SES125	-0.250168	-59.2711	-59.0209
BLOCK13/SES131/SA131S22	SES206	-0.42857	-59.4495	-59.0209
BLOCK13/SES131/SA131S29	SES087	-0.244987	-60.0721	-59.8271
BLOCK13/SES131/SA131S29	SES104	-0.138607	-59.9657	-59.8271
BLOCK13/SES131/SA131S29	SES125	-0.298645	-60.1258	-59.8271
BLOCK13/SES131/SA131S29	SES206	-0.164238	-59.9914	-59.8271
BLOCK13/SES132/SA132S11	SES083	-0.677666	-59.4764	-58.7987
BLOCK13/SES132/SA132S11	SES120	-0.0463943	-58.8451	-58.7987
BLOCK13/SES132/SA132S11	SES127	-0.27573	-59.0745	-58.7987
BLOCK13/SES132/SA132S11	SES275	-0.681435	-59.4802	-58.7987
BLOCK13/SES132/SA132S12	SES083	-1.19783	-60.0989	-58.9011
BLOCK13/SES132/SA132S12	SES143	-0.181671	-59.0828	-58.9011
BLOCK13/SES132/SA132S12	SES144	-0.194378	-59.0955	-58.9011
BLOCK13/SES132/SA132S12	SES148	-0.389915	-59.291	-58.9011
BLOCK13/SES132/SA132S22	SES062	-0.719589	-59.5508	-58.8312
BLOCK13/SES132/SA132S22	SES083	-0.814293	-59.6455	-58.8312
BLOCK13/SES132/SA132S22	SES127	-0.611572	-59.4428	-58.8312
BLOCK13/SES132/SA132S22	SES275	-0.551949	-59.3831	-58.8312
BLOCK13/SES132/SA132S24	SES007	-1.06755	-60.1689	-59.1013
BLOCK13/SES132/SA132S24	SES083	-0.843529	-59.9448	-59.1013
BLOCK13/SES132/SA132S24	SES127	-0.987507	-60.0888	-59.1013
BLOCK13/SES132/SA132S24	SES275	-1.14802	-60.2493	-59.1013
BLOCK13/SES132/SA132S27	SES083	-0.971069	-60.8003	-59.8292
BLOCK13/SES132/SA132S27	SES120	-0.475033	-60.3042	-59.8292
BLOCK13/SES132/SA132S27	SES127	-1.07783	-60.907	-59.8292
BLOCK13/SES132/SA132S27	SES275	-0.871319	-60.7005	-59.8292
BLOCK14/SES141/SA141S09	SES143	-0.17181	-60.5078	-60.3359
BLOCK14/SES141/SA141S09	SES144	-0.535336	-60.8713	-60.3359
BLOCK14/SES141/SA141S09	SES162	-0.647686	-60.9836	-60.3359
BLOCK14/SES141/SA141S09	SES180	-0.362167	-60.6981	-60.3359
BLOCK14/SES141/SA141S15	SES127	-0.725315	-60.6946	-59.9693
BLOCK14/SES141/SA141S15	SES144	-0.327122	-60.2965	-59.9693
BLOCK14/SES141/SA141S15	SES162	-0.293137	-60.2625	-59.9693
BLOCK14/SES141/SA141S15	SES180	-0.162422	-60.1318	-59.9693
BLOCK14/SES141/SA141S24	SES127	-0.554951	-60.741	-60.1861
BLOCK14/SES141/SA141S24	SES144	-0.291348	-60.4774	-60.1861
BLOCK14/SES141/SA141S24	SES162	-0.0964165	-60.2825	-60.1861
BLOCK14/SES141/SA141S24	SES183	-1.11521	-61.3013	-60.1861
BLOCK14/SES141/SA141S26	SES142	0.785202	-59.9112	-60.6964
BLOCK14/SES141/SA141S26	SES144	-0.402081	-61.0985	-60.6964
BLOCK14/SES141/SA141S26	SES172	-1.91551	-62.6119	-60.6964
BLOCK14/SES141/SA141S26	SES180	-0.037178	-60.7336	-60.6964
BLOCK14/SES141/SA141S29	SES127	-0.397041	-60.7708	-60.3737
BLOCK14/SES141/SA141S29	SES142	1.08865	-59.2851	-60.3737
BLOCK14/SES141/SA141S29	SES144	-0.267426	-60.6412	-60.3737
BLOCK14/SES141/SA141S29	SES180	0.701942	-59.6718	-60.3737
BLOCK15/SES157/SA157S08	SES083	-0.764233	-59.8161	-59.0519
BLOCK15/SES157/SA157S08	SES127	-0.935661	-59.9875	-59.0519
BLOCK15/SES157/SA157S08	SES148	-0.189823	-59.2417	-59.0519
BLOCK15/SES157/SA157S08	SES292	-0.65752	-59.7094	-59.0519
BLOCK15/SES157/SA157S11	SES083	-1.10412	-60.4293	-59.3252
BLOCK15/SES157/SA157S11	SES127	-1.3338	-60.659	-59.3252
BLOCK15/SES157/SA157S11	SES148	-0.512989	-59.8382	-59.3252
BLOCK15/SES157/SA157S11	SES292	-1.0187	-60.3439	-59.3252
BLOCK15/SES157/SA157S21	SES127	-0.585533	-59.9248	-59.3392
BLOCK15/SES157/SA157S21	SES148	-0.22961	-59.5688	-59.3392
BLOCK15/SES157/SA157S21	SES158	-3.22128	-62.5605	-59.3392
BLOCK15/SES157/SA157S21	SES292	-0.0582275	-59.3975	-59.3392
BLOCK15/SES157/SA157S24	SES127	-0.46608	-59.118	-58.6519
BLOCK15/SES157/SA157S24	SES148	-0.0101929	-58.6621	-58.6519
BLOCK15/SES157/SA157S24	SES183	-0.0272255	-58.6792	-58.6519
BLOCK15/SES157/SA157S24	SES292	-0.118832	-58.7708	-58.6519
BLOCK15/SES157/SA157S26	SES007	-0.335735	-59.5619	-59.2262
BLOCK15/SES157/SA157S26	SES127	-0.321945	-59.5481	-59.2262
BLOCK15/SES157/SA157S26	SES147	-1.33929	-60.5655	-59.2262
BLOCK15/SES157/SA157S26	SES148	-0.176247	-59.4024	-59.2262
BLOCK16/SES161/SA161S10	SES007	-1.05637	-60.4009	-59.3445
BLOCK16/SES161/SA161S10	SES105	-0.628437	-59.973	-59.3445
BLOCK16/SES161/SA161S10	SES158	-2.08114	-61.4257	-59.3445
BLOCK16/SES161/SA161S10	SES275	-0.773617	-60.1182	-59.3445
BLOCK16/SES161/SA161S12	SES007	-0.699261	-59.5738	-58.8745
BLOCK16/SES161/SA161S12	SES105	-0.659386	-59.5339	-58.8745
BLOCK16/SES161/SA161S12	SES158	-1.7093	-60.5838	-58.8745
BLOCK16/SES161/SA161S12	SES275	-0.592861	-59.4674	-58.8745
BLOCK16/SES161/SA161S20	SES007	-0.753242	-60.7739	-60.0206
BLOCK16/SES161/SA161S20	SES105	-0.751877	-60.7725	-60.0206
BLOCK16/SES161/SA161S20	SES158	-1.97273	-61.9933	-60.0206
BLOCK16/SES161/SA161S20	SES275	-0.723343	-60.744	-60.0206
BLOCK16/SES161/SA161S23	SES007	-0.838356	-59.5859	-58.7475
BLOCK16/SES161/SA161S23	SES105	-0.641819	-59.3894	-58.7475
BLOCK16/SES161/SA161S23	SES148	-0.837536	-59.5851	-58.7475
BLOCK16/SES161/SA161S23	SES158	-1.54174	-60.2893	-58.7475
BLOCK16/SES161/SA161S28	SES007	-0.9953	-59.901	-58.9057
BLOCK16/SES161/SA161S28	SES105	-0.776558	-59.6822	-58.9057
BLOCK16/SES161/SA161S28	SES158	-1.57367	-60.4793	-58.9057
BLOCK16/SES161/SA161S28	SES206	-2.42192	-61.3276	-58.9057
BLOCK16/SES164/SA164S11	SES104	0.0903053	-58.1238	-58.2141
BLOCK16/SES164/SA164S11	SES125	-0.248192	-58.4623	-58.2141
BLOCK16/SES164/SA164S11	SES158	0.362022	-57.8521	-58.2141
BLOCK16/SES164/SA164S11	SES206	-0.570114	-58.7842	-58.2141
BLOCK16/SES164/SA164S13	SES099	-0.319118	-60.0813	-59.7622
BLOCK16/SES164/SA164S13	SES104	-0.0612526	-59.8235	-59.7622
BLOCK16/SES164/SA164S13	SES125	-0.664593	-60.4268	-59.7622
BLOCK16/SES164/SA164S13	SES206	-0.613911	-60.3761	-59.7622
BLOCK16/SES164/SA164S24	SES002	0.348663	-59.0728	-59.4214
BLOCK16/SES164/SA164S24	SES099	-0.0928154	-59.5143	-59.4214
BLOCK16/SES164/SA164S24	SES125	-0.185532	-59.607	-59.4214
BLOCK16/SES164/SA164S24	SES226	0.291931	-59.1295	-59.4214
BLOCK16/SES164/SA164S27	SES087	-0.763111	-60.1365	-59.3734
BLOCK16/SES164/SA164S27	SES125	-0.436142	-59.8096	-59.3734
BLOCK16/SES164/SA164S27	SES206	-0.894329	-60.2677	-59.3734
BLOCK16/SES164/SA164S27	SES226	0.0671844	-59.3062	-59.3734
BLOCK16/SES164/SA164S29	SES002	0.0352592	-59.116	-59.1512
BLOCK16/SES164/SA164S29	SES019	-0.438675	-59.5899	-59.1512
BLOCK16/SES164/SA164S29	SES125	-0.307003	-59.4582	-59.1512
BLOCK16/SES164/SA164S29	SES226	0.186707	-58.9645	-59.1512
BLOCK16/SES169/SA169S13	SES117	-0.523289	-59.9854	-59.4621
BLOCK16/SES169/SA169S13	SES144	-0.176525	-59.6386	-59.4621
BLOCK16/SES169/SA169S13	SES146	-0.365383	-59.8275	-59.4621
BLOCK16/SES169/SA169S13	SES162	-0.689892	-60.152	-59.4621
BLOCK16/SES169/SA169S14	SES144	-0.49136	-59.197	-58.7057
BLOCK16/SES169/SA169S14	SES148	-0.326859	-59.0325	-58.7057
BLOCK16/SES169/SA169S14	SES177	-0.511795	-59.2175	-58.7057
BLOCK16/SES169/SA169S14	SES180	-0.947651	-59.6533	-58.7057
BLOCK16/SES169/SA169S24	SES117	-0.918381	-61.3328	-60.4144
BLOCK16/SES169/SA169S24	SES144	-0.0407486	-60.4552	-60.4144
BLOCK16/SES169/SA169S24	SES146	-0.339401	-60.7538	-60.4144
BLOCK16/SES169/SA169S24	SES162	-0.280682	-60.6951	-60.4144
BLOCK16/SES169/SA169S27	SES127	-0.246891	-59.6192	-59.3723
BLOCK16/SES169/SA169S27	SES129	-0.226696	-59.599	-59.3723
BLOCK16/SES169/SA169S27	SES144	-0.203285	-59.5756	-59.3723
BLOCK16/SES169/SA169S27	SES146	-0.107159	-59.4795	-59.3723
BLOCK16/SES169/SA169S29	SES144	0.0344238	-58.6627	-58.6972
BLOCK16/SES169/SA169S29	SES162	-0.248226	-58.9454	-58.6972
BLOCK16/SES169/SA169S29	SES177	-0.533619	-59.2308	-58.6972
BLOCK16/SES169/SA169S29	SES180	-0.535831	-59.233	-58.6972
BLOCK17/SES171/SA171S12	SES083	-1.01385	-61.021	-60.0071
BLOCK17/SES171/SA171S12	SES148	-0.582565	-60.5897	-60.0071
BLOCK17/SES171/SA171S12	SES172	-1.03452	-61.0416	-60.0071
BLOCK17/SES171/SA171S12	SES292	-1.13869	-61.1458	-60.0071
BLOCK17/SES171/SA171S15	SES148	-0.806499	-61.7021	-60.8956
BLOCK17/SES171/SA171S15	SES177	-1.77082	-62.6664	-60.8956
BLOCK17/SES171/SA171S15	SES180	-2.51691	-63.4125	-60.8956
BLOCK17/SES171/SA171S15	SES292	-2.60273	-63.4983	-60.8956
BLOCK17/SES171/SA171S22	SES007	-1.61121	-60.7848	-59.1736
BLOCK17/SES171/SA171S22	SES148	-0.709591	-59.8832	-59.1736
BLOCK17/SES171/SA171S22	SES177	-0.711056	-59.8846	-59.1736
BLOCK17/SES171/SA171S22	SES180	-1.03387	-60.2074	-59.1736
BLOCK17/SES171/SA171S25	SES101	-2.87487	-64.6455	-61.7706
BLOCK17/SES171/SA171S25	SES120	-3.23372	-65.0043	-61.7706
BLOCK17/SES171/SA171S25	SES177	-1.79064	-63.5613	-61.7706
BLOCK17/SES171/SA171S25	SES180	-2.43567	-64.2063	-61.7706
BLOCK17/SES171/SA171S27	SES177	-0.372581	-60.645	-60.2724
BLOCK17/SES171/SA171S27	SES180	-1.24229	-61.5147	-60.2724
BLOCK17/SES171/SA171S27	SES189	-0.506199	-60.7786	-60.2724
BLOCK17/SES171/SA171S27	SES292	-1.62403	-61.8965	-60.2724
BLOCK17/SES173/SA173S13	SES162	-2.55764	-64.1789	-61.6213
BLOCK17/SES173/SA173S13	SES177	-2.08284	-63.7041	-61.6213
BLOCK17/SES173/SA173S13	SES180	-2.77215	-64.3934	-61.6213
BLOCK17/SES173/SA173S13	SES292	-4.16645	-65.7877	-61.6213
BLOCK17/SES173/SA173S14	SES007	-4.01774	-66.2048	-62.187
BLOCK17/SES173/SA173S14	SES162	-1.91005	-64.0971	-62.187
BLOCK17/SES173/SA173S14	SES177	-1.44168	-63.6287	-62.187
BLOCK17/SES173/SA173S14	SES180	-2.18119	-64.3682	-62.187
BLOCK17/SES173/SA173S24	SES144	-0.563122	-63.7456	-63.1825
BLOCK17/SES173/SA173S24	SES162	-2.50955	-65.692	-63.1825
BLOCK17/SES173/SA173S24	SES177	-2.14679	-65.3293	-63.1825
BLOCK17/SES173/SA173S24	SES180	-2.86406	-66.0466	-63.1825
BLOCK17/SES173/SA173S27	SES162	-2.30792	-64.1676	-61.8596
BLOCK17/SES173/SA173S27	SES177	-1.92249	-63.7821	-61.8596
BLOCK17/SES173/SA173S27	SES180	-2.86524	-64.7249	-61.8596
BLOCK17/SES173/SA173S27	SES292	-3.95533	-65.815	-61.8596
BLOCK17/SES173/SA173S29	SES162	-2.33096	-64.7429	-62.4119
BLOCK17/SES173/SA173S29	SES175	-1.25785	-63.6698	-62.4119
BLOCK17/SES173/SA173S29	SES177	-2.13018	-64.5421	-62.4119
BLOCK17/SES173/SA173S29	SES292	-4.0731	-66.485	-62.4119
BLOCK18/SES182/SA182S10	SES144	-0.101646	-59.2382	-59.1366
BLOCK18/SES182/SA182S10	SES177	-0.619213	-59.7558	-59.1366
BLOCK18/SES182/SA182S10	SES180	-0.581284	-59.7179	-59.1366
BLOCK18/SES182/SA182S10	SES275	-1.38076	-60.5174	-59.1366
BLOCK18/SES182/SA182S12	SES144	-0.507782	-59.8091	-59.3013
BLOCK18/SES182/SA182S12	SES177	-0.87587	-60.1772	-59.3013
BLOCK18/SES182/SA182S12	SES180	-0.866142	-60.1674	-59.3013
BLOCK18/SES182/SA182S12	SES275	-1.6264	-60.9277	-59.3013
BLOCK18/SES182/SA182S21	SES117	-0.214939	-61.2139	-60.9989
BLOCK18/SES182/SA182S21	SES144	-0.483475	-61.4824	-60.9989
BLOCK18/SES182/SA182S21	SES162	-0.251083	-61.25	-60.9989
BLOCK18/SES182/SA182S21	SES180	0.366753	-60.6322	-60.9989
BLOCK18/SES182/SA182S23	SES117	-0.208641	-60.1468	-59.9382
BLOCK18/SES182/SA182S23	SES144	-0.638493	-60.5767	-59.9382
BLOCK18/SES182/SA182S23	SES180	-0.533005	-60.4712	-59.9382
BLOCK18/SES182/SA182S23	SES275	-1.26384	-61.202	-59.9382
BLOCK18/SES182/SA182S25	SES007	-1.39964	-62.1931	-60.7934
BLOCK18/SES182/SA182S25	SES162	-0.195206	-60.9886	-60.7934
BLOCK18/SES182/SA182S25	SES177	0.0452995	-60.7481	-60.7934
BLOCK18/SES182/SA182S25	SES180	0.164665	-60.6288	-60.7934
BLOCK18/SES184/SA184S12	SES177	-0.104141	-60.3284	-60.2243
BLOCK18/SES184/SA184S12	SES180	-0.35326	-60.5775	-60.2243
BLOCK18/SES184/SA184S12	SES189	-1.26533	-61.4896	-60.2243
BLOCK18/SES184/SA184S12	SES292	-0.593983	-60.8183	-60.2243
BLOCK18/SES184/SA184S13	SES101	-0.93364	-61.5547	-60.6211
BLOCK18/SES184/SA184S13	SES177	-0.272537	-60.8936	-60.6211
BLOCK18/SES184/SA184S13	SES180	-0.339752	-60.9609	-60.6211
BLOCK18/SES184/SA184S13	SES292	-0.663883	-61.285	-60.6211
BLOCK18/SES184/SA184S22	SES177	-0.234058	-60.7495	-60.5154
BLOCK18/SES184/SA184S22	SES180	0.0873718	-60.4281	-60.5154
BLOCK18/SES184/SA184S22	SES189	-1.16661	-61.6821	-60.5154
BLOCK18/SES184/SA184S22	SES292	-1.05862	-61.5741	-60.5154
BLOCK18/SES184/SA184S25	SES101	-0.363819	-59.8627	-59.4989
BLOCK18/SES184/SA184S25	SES177	-0.190742	-59.6896	-59.4989
BLOCK18/SES184/SA184S25	SES180	-0.282616	-59.7815	-59.4989
BLOCK18/SES184/SA184S25	SES292	-0.416286	-59.9152	-59.4989
BLOCK18/SES184/SA184S27	SES083	-1.05568	-60.6843	-59.6286
BLOCK18/SES184/SA184S27	SES177	-0.923347	-60.5519	-59.6286
BLOCK18/SES184/SA184S27	SES202	-1.38248	-61.0111	-59.6286
BLOCK18/SES184/SA184S27	SES292	-1.12496	-60.7536	-59.6286
BLOCK20/SES204/SA204S12	SES062	-1.15303	-59.5811	-58.4281
BLOCK20/SES204/SA204S12	SES083	-1.37048	-59.7986	-58.4281
BLOCK20/SES204/SA204S12	SES206	-1.11583	-59.5439	-58.4281
BLOCK20/SES204/SA204S12	SES226	-1.16253	-59.5906	-58.4281
BLOCK20/SES204/SA204S14	SES068	-1.25738	-58.5779	-57.3205
BLOCK20/SES204/SA204S14	SES087	-1.65656	-58.9771	-57.3205
BLOCK20/SES204/SA204S14	SES206	-1.66084	-58.9814	-57.3205
BLOCK20/SES204/SA204S14	SES226	-1.4231	-58.7436	-57.3205
BLOCK20/SES204/SA204S22	SES068	-1.45712	-60.1967	-58.7395
BLOCK20/SES204/SA204S22	SES082	-0.896057	-59.6356	-58.7395
BLOCK20/SES204/SA204S22	SES083	-1.52621	-60.2657	-58.7395
BLOCK20/SES204/SA204S22	SES206	-0.776806	-59.5163	-58.7395
BLOCK20/SES204/SA204S25	SES062	-1.39384	-59.8979	-58.5041
BLOCK20/SES204/SA204S25	SES083	-1.63911	-60.1432	-58.5041
BLOCK20/SES204/SA204S25	SES206	-0.97068	-59.4748	-58.5041
BLOCK20/SES204/SA204S25	SES226	-0.825897	-59.33	-58.5041
BLOCK20/SES204/SA204S27	SES068	-1.63972	-60.1467	-58.507
BLOCK20/SES204/SA204S27	SES082	-0.563385	-59.0704	-58.507
BLOCK20/SES204/SA204S27	SES087	-0.768894	-59.2759	-58.507
BLOCK20/SES204/SA204S27	SES206	-0.894039	-59.401	-58.507
BLOCK20/SES207/SA207S10	SES127	-1.3929	-61.2043	-59.8114
BLOCK20/SES207/SA207S10	SES183	-1.35292	-61.1643	-59.8114
BLOCK20/SES207/SA207S10	SES189	-0.763611	-60.575	-59.8114
BLOCK20/SES207/SA207S10	SES292	-1.72676	-61.5382	-59.8114
BLOCK20/SES207/SA207S11	SES127	-1.64463	-61.7061	-60.0615
BLOCK20/SES207/SA207S11	SES183	-0.928875	-60.9904	-60.0615
BLOCK20/SES207/SA207S11	SES187	-0.5774	-60.6389	-60.0615
BLOCK20/SES207/SA207S11	SES292	-1.50329	-61.5648	-60.0615
BLOCK20/SES207/SA207S25	SES068	-1.19746	-61.9439	-60.7465
BLOCK20/SES207/SA207S25	SES083	-1.33221	-62.0787	-60.7465
BLOCK20/SES207/SA207S25	SES127	-0.634323	-61.3808	-60.7465
BLOCK20/SES207/SA207S25	SES187	-0.0928993	-60.8394	-60.7465
BLOCK20/SES207/SA207S27	SES127	-1.27893	-62.2325	-60.9535
BLOCK20/SES207/SA207S27	SES183	-0.534382	-61.4879	-60.9535
BLOCK20/SES207/SA207S27	SES187	-0.184181	-61.1377	-60.9535
BLOCK20/SES207/SA207S27	SES292	-1.29668	-62.2502	-60.9535
BLOCK20/SES207/SA207S29	SES083	-1.74646	-62.2773	-60.5309
BLOCK20/SES207/SA207S29	SES085	-1.0381	-61.569	-60.5309
BLOCK20/SES207/SA207S29	SES172	-2.33655	-62.8674	-60.5309
BLOCK20/SES207/SA207S29	SES189	-0.711937	-61.2428	-60.5309
BLOCK22/SES221/SA221S12	SES068	-3.35443	-64.463	-61.1086
BLOCK22/SES221/SA221S12	SES143	-0.576279	-61.6848	-61.1086
BLOCK22/SES221/SA221S12	SES175	-0.311386	-61.42	-61.1086
BLOCK22/SES221/SA221S12	SES202	-0.450417	-61.559	-61.1086
BLOCK22/SES221/SA221S15	SES085	-2.9798	-65.3499	-62.3701
BLOCK22/SES221/SA221S15	SES143	-0.866547	-63.2367	-62.3701
BLOCK22/SES221/SA221S15	SES175	-1.61118	-63.9813	-62.3701
BLOCK22/SES221/SA221S15	SES187	-0.645973	-63.0161	-62.3701
BLOCK22/SES221/SA221S23	SES068	-3.50404	-64.7988	-61.2947
BLOCK22/SES221/SA221S23	SES143	-0.881947	-62.1767	-61.2947
BLOCK22/SES221/SA221S23	SES175	-0.57938	-61.8741	-61.2947
BLOCK22/SES221/SA221S23	SES189	0.391121	-60.9036	-61.2947
BLOCK22/SES221/SA221S27	SES085	-2.83305	-64.7821	-61.949
BLOCK22/SES221/SA221S27	SES143	-1.11506	-63.0641	-61.949
BLOCK22/SES221/SA221S27	SES175	-2.18774	-64.1368	-61.949
BLOCK22/SES221/SA221S27	SES189	0.804375	-61.1447	-61.949
BLOCK22/SES221/SA221S29	SES085	-3.16388	-66.322	-63.1582
BLOCK22/SES221/SA221S29	SES143	-0.93803	-64.0962	-63.1582
BLOCK22/SES221/SA221S29	SES175	-2.22787	-65.386	-63.1582
BLOCK22/SES221/SA221S29	SES187	-0.642323	-63.8005	-63.1582
BLOCK22/SES223/SA223S11	SES143	-0.494652	-62.7047	-62.2101
BLOCK22/SES223/SA223S11	SES144	-1.47333	-63.6834	-62.2101
BLOCK22/SES223/SA223S11	SES175	-0.540936	-62.751	-62.2101
BLOCK22/SES223/SA223S11	SES187	-0.219276	-62.4294	-62.2101
BLOCK22/SES223/SA223S13	SES068	-3.13029	-65.6222	-62.4919
BLOCK22/SES223/SA223S13	SES143	-0.59293	-63.0849	-62.4919
BLOCK22/SES223/SA223S13	SES146	-1.67328	-64.1652	-62.4919
BLOCK22/SES223/SA223S13	SES202	-0.740467	-63.2324	-62.4919
BLOCK22/SES223/SA223S22	SES143	-0.543865	-62.1912	-61.6473
BLOCK22/SES223/SA223S22	SES144	-0.846069	-62.4934	-61.6473
BLOCK22/SES223/SA223S22	SES175	-0.931194	-62.5785	-61.6473
BLOCK22/SES223/SA223S22	SES187	-0.273048	-61.9204	-61.6473
BLOCK22/SES223/SA223S25	SES068	-2.90538	-65.1272	-62.2218
BLOCK22/SES223/SA223S25	SES143	-0.567646	-62.7895	-62.2218
BLOCK22/SES223/SA223S25	SES175	-0.688503	-62.9103	-62.2218
BLOCK22/SES223/SA223S25	SES187	-0.374954	-62.5968	-62.2218
BLOCK22/SES223/SA223S27	SES143	-0.566978	-62.6237	-62.0567
BLOCK22/SES223/SA223S27	SES146	-1.81305	-63.8697	-62.0567
BLOCK22/SES223/SA223S27	SES187	-0.445854	-62.5025	-62.0567
BLOCK22/SES223/SA223S27	SES292	-3.12666	-65.1833	-62.0567
BLOCK27/SES273/SA273S12	SES099	-0.288948	-57.6908	-57.4018
BLOCK27/SES273/SA273S12	SES104	0.205563	-57.1963	-57.4018
BLOCK27/SES273/SA273S12	SES125	-0.214924	-57.6167	-57.4018
BLOCK27/SES273/SA273S12	SES206	-0.0489693	-57.4508	-57.4018
BLOCK27/SES273/SA273S13	SES099	-0.727737	-57.8467	-57.119
BLOCK27/SES273/SA273S13	SES104	-0.324368	-57.4433	-57.119
BLOCK27/SES273/SA273S13	SES206	-0.42424	-57.5432	-57.119
BLOCK27/SES273/SA273S13	SES292	-1.31263	-58.4316	-57.119
BLOCK27/SES273/SA273S21	SES099	-0.0347519	-56.7753	-56.7405
BLOCK27/SES273/SA273S21	SES148	-1.39339	-58.1339	-56.7405
BLOCK27/SES273/SA273S21	SES149	-0.0244637	-56.765	-56.7405
BLOCK27/SES273/SA273S21	SES177	-1.99437	-58.7349	-56.7405
BLOCK27/SES273/SA273S25	SES104	0.0672722	-57.4638	-57.5311
BLOCK27/SES273/SA273S25	SES125	-0.309383	-57.8404	-57.5311
BLOCK27/SES273/SA273S25	SES158	-0.123684	-57.6547	-57.5311
BLOCK27/SES273/SA273S25	SES206	0.0651741	-57.4659	-57.5311
BLOCK27/SES273/SA273S27	SES099	-0.365032	-57.8688	-57.5038
BLOCK27/SES273/SA273S27	SES104	-0.425526	-57.9293	-57.5038
BLOCK27/SES273/SA273S27	SES149	0.215015	-57.2888	-57.5038
BLOCK27/SES273/SA273S27	SES275	-0.832218	-58.336	-57.5038
BLOCK27/SES274/SA274S10	SES105	-1.01018	-58.4464	-57.4362
BLOCK27/SES274/SA274S10	SES125	-0.150803	-57.587	-57.4362
BLOCK27/SES274/SA274S10	SES129	-0.828171	-58.2644	-57.4362
BLOCK27/SES274/SA274S10	SES158	-0.830025	-58.2662	-57.4362
BLOCK27/SES274/SA274S11	SES105	-0.75111	-58.1005	-57.3494
BLOCK27/SES274/SA274S11	SES149	-0.43927	-57.7886	-57.3494
BLOCK27/SES274/SA274S11	SES158	-1.0771	-58.4265	-57.3494
BLOCK27/SES274/SA274S11	SES275	-0.610313	-57.9597	-57.3494
BLOCK27/SES274/SA274S21	SES105	-0.916958	-58.3525	-57.4355
BLOCK27/SES274/SA274S21	SES129	-0.717133	-58.1527	-57.4355
BLOCK27/SES274/SA274S21	SES149	-0.422047	-57.8576	-57.4355
BLOCK27/SES274/SA274S21	SES158	-1.21155	-58.6471	-57.4355
BLOCK27/SES274/SA274S24	SES105	-1.19109	-58.0035	-56.8124
BLOCK27/SES274/SA274S24	SES129	-0.994667	-57.8071	-56.8124
BLOCK27/SES274/SA274S24	SES149	-0.159256	-56.9717	-56.8124
BLOCK27/SES274/SA274S24	SES158	-1.20842	-58.0209	-56.8124
BLOCK27/SES274/SA274S29	SES105	-0.926659	-58.4424	-57.5158
BLOCK27/SES274/SA274S29	SES106	-1.00731	-58.5231	-57.5158
BLOCK27/SES274/SA274S29	SES120	-0.852989	-58.3688	-57.5158
BLOCK27/SES274/SA274S29	SES275	-0.720428	-58.2362	-57.5158
BLOCK27/SES276/SA276S16	SES148	-0.0856667	-60.1702	-60.0845
BLOCK27/SES276/SA276S16	SES172	-0.541069	-60.6256	-60.0845
BLOCK27/SES276/SA276S16	SES180	-0.780689	-60.8652	-60.0845
BLOCK27/SES276/SA276S16	SES292	-0.504086	-60.5886	-60.0845
BLOCK27/SES276/SA276S17	SES101	-0.695469	-61.025	-60.3295
BLOCK27/SES276/SA276S17	SES177	-0.0200615	-60.3495	-60.3295
BLOCK27/SES276/SA276S17	SES180	-0.315788	-60.6453	-60.3295
BLOCK27/SES276/SA276S17	SES292	-0.477802	-60.8073	-60.3295
BLOCK27/SES276/SA276S24	SES101	-0.565823	-60.2291	-59.6633
BLOCK27/SES276/SA276S24	SES177	-0.312256	-59.9756	-59.6633
BLOCK27/SES276/SA276S24	SES180	-0.38657	-60.0499	-59.6633
BLOCK27/SES276/SA276S24	SES292	-0.409641	-60.073	-59.6633
BLOCK27/SES276/SA276S26	SES101	-1.57808	-61.7158	-60.1377
BLOCK27/SES276/SA276S26	SES177	-0.423641	-60.5613	-60.1377
BLOCK27/SES276/SA276S26	SES180	-0.324158	-60.4618	-60.1377
BLOCK27/SES276/SA276S26	SES292	-1.07135	-61.209	-60.1377
BLOCK27/SES276/SA276S28	SES101	-0.982315	-61.3402	-60.3579
BLOCK27/SES276/SA276S28	SES177	-0.660973	-61.0189	-60.3579
BLOCK27/SES276/SA276S28	SES180	-0.27364	-60.6315	-60.3579
BLOCK27/SES276/SA276S28	SES292	-0.835716	-61.1936	-60.3579
BLOCK27/SES277/SA277S12	SES101	-0.592674	-60.8726	-60.2799
BLOCK27/SES277/SA277S12	SES177	-0.721886	-61.0018	-60.2799
BLOCK27/SES277/SA277S12	SES180	0.0238152	-60.2561	-60.2799
BLOCK27/SES277/SA277S12	SES292	-0.921688	-61.2016	-60.2799
BLOCK27/SES277/SA277S14	SES177	-0.768974	-61.714	-60.945
BLOCK27/SES277/SA277S14	SES180	-1.79272	-62.7377	-60.945
BLOCK27/SES277/SA277S14	SES189	-0.147266	-61.0923	-60.945
BLOCK27/SES277/SA277S14	SES292	-1.95766	-62.9027	-60.945
BLOCK27/SES277/SA277S21	SES177	-0.883904	-59.8155	-58.9316
BLOCK27/SES277/SA277S21	SES180	-1.56013	-60.4918	-58.9316
BLOCK27/SES277/SA277S21	SES189	-0.822906	-59.7545	-58.9316
BLOCK27/SES277/SA277S21	SES292	-1.37788	-60.3095	-58.9316
BLOCK27/SES277/SA277S24	SES144	-1.01709	-62.2748	-61.2577
BLOCK27/SES277/SA277S24	SES177	-1.31407	-62.5718	-61.2577
BLOCK27/SES277/SA277S24	SES180	-1.81404	-63.0717	-61.2577
BLOCK27/SES277/SA277S24	SES189	-0.423084	-61.6808	-61.2577
BLOCK27/SES277/SA277S29	SES177	-0.66692	-60.1414	-59.4745
BLOCK27/SES277/SA277S29	SES180	-0.831604	-60.3061	-59.4745
BLOCK27/SES277/SA277S29	SES202	-0.810566	-60.285	-59.4745
BLOCK27/SES277/SA277S29	SES292	-1.71594	-61.1904	-59.4745
BLOCK27/SES279/SA279S09	SES120	-0.65506	-58.719	-58.064
BLOCK27/SES279/SA279S09	SES146	-0.81015	-58.8741	-58.064
BLOCK27/SES279/SA279S09	SES206	-2.06566	-60.1296	-58.064
BLOCK27/SES279/SA279S09	SES226	-1.68372	-59.7477	-58.064
BLOCK27/SES279/SA279S10	SES099	-2.46824	-60.1062	-57.638
BLOCK27/SES279/SA279S10	SES206	-2.40482	-60.0428	-57.638
BLOCK27/SES279/SA279S10	SES226	-1.59604	-59.234	-57.638
BLOCK27/SES279/SA279S10	SES292	-0.310745	-57.9487	-57.638
BLOCK27/SES279/SA279S20	SES099	-3.6081	-61.9034	-58.2953
BLOCK27/SES279/SA279S20	SES206	-2.99846	-61.2937	-58.2953
BLOCK27/SES279/SA279S20	SES226	-2.53824	-60.8335	-58.2953
BLOCK27/SES279/SA279S20	SES292	-0.234985	-58.5303	-58.2953
BLOCK27/SES279/SA279S26	SES099	-2.86005	-61.0919	-58.2318
BLOCK27/SES279/SA279S26	SES206	-2.74712	-60.9789	-58.2318
BLOCK27/SES279/SA279S26	SES226	-2.31213	-60.5439	-58.2318
BLOCK27/SES279/SA279S26	SES292	-0.349918	-58.5817	-58.2318
BLOCK27/SES279/SA279S28	SES099	-2.528	-60.023	-57.495
BLOCK27/SES279/SA279S28	SES120	-0.598396	-58.0934	-57.495
BLOCK27/SES279/SA279S28	SES177	-1.20148	-58.6965	-57.495
BLOCK27/SES279/SA279S28	SES206	-2.47227	-59.9673	-57.495
BLOCK29/SES290/SA290S12	SES162	-1.75172	-61.4468	-59.6951
BLOCK29/SES290/SA290S12	SES177	-1.39547	-61.0906	-59.6951
BLOCK29/SES290/SA290S12	SES180	-1.92317	-61.6183	-59.6951
BLOCK29/SES290/SA290S12	SES292	-2.52433	-62.2195	-59.6951
BLOCK29/SES290/SA290S13	SES007	-2.82708	-64.1423	-61.3152
BLOCK29/SES290/SA290S13	SES162	-1.41349	-62.7287	-61.3152
BLOCK29/SES290/SA290S13	SES177	-0.815388	-62.1306	-61.3152
BLOCK29/SES290/SA290S13	SES180	-0.981876	-62.2971	-61.3152
BLOCK29/SES290/SA290S22	SES177	-0.829178	-61.1675	-60.3383
BLOCK29/SES290/SA290S22	SES180	-0.979324	-61.3176	-60.3383
BLOCK29/SES290/SA290S22	SES202	-0.560135	-60.8984	-60.3383
BLOCK29/SES290/SA290S22	SES292	-2.28942	-62.6277	-60.3383
BLOCK29/SES290/SA290S25	SES162	-0.980011	-61.0659	-60.0859
BLOCK29/SES290/SA290S25	SES177	-0.662727	-60.7486	-60.0859
BLOCK29/SES290/SA290S25	SES180	-0.728531	-60.8144	-60.0859
BLOCK29/SES290/SA290S25	SES292	-1.89981	-61.9857	-60.0859
BLOCK29/SES290/SA290S29	SES177	-0.253685	-60.2324	-59.9787
BLOCK29/SES290/SA290S29	SES180	-0.256821	-60.2356	-59.9787
BLOCK29/SES290/SA290S29	SES275	-1.93523	-61.914	-59.9787
BLOCK29/SES290/SA290S29	SES292	-1.76981	-61.7486	-59.9787
BLOCK29/SES291/SA291S11	SES105	-1.27358	-60.5802	-59.3066
BLOCK29/SES291/SA291S11	SES125	0.381142	-58.9254	-59.3066
BLOCK29/SES291/SA291S11	SES158	0.249557	-59.057	-59.3066
BLOCK29/SES291/SA291S11	SES275	-1.34516	-60.6518	-59.3066
BLOCK29/SES291/SA291S12	SES158	0.148701	-58.7326	-58.8813
BLOCK29/SES291/SA291S12	SES226	0.292534	-58.5888	-58.8813
BLOCK29/SES291/SA291S12	SES270	0.792049	-58.0893	-58.8813
BLOCK29/SES291/SA291S12	SES275	-1.23663	-60.1179	-58.8813
BLOCK29/SES291/SA291S22	SES082	-0.296082	-58.7733	-58.4772
BLOCK29/SES291/SA291S22	SES158	-0.480511	-58.9577	-58.4772
BLOCK29/SES291/SA291S22	SES259	-0.552731	-59.03	-58.4772
BLOCK29/SES291/SA291S22	SES275	-1.16631	-59.6435	-58.4772
BLOCK29/SES291/SA291S24	SES104	0.86536	-56.9743	-57.8397
BLOCK29/SES291/SA291S24	SES125	0.60519	-57.2345	-57.8397
BLOCK29/SES291/SA291S24	SES158	0.162853	-57.6768	-57.8397
BLOCK29/SES291/SA291S24	SES275	-1.08869	-58.9284	-57.8397
BLOCK29/SES291/SA291S27	SES158	0.472649	-58.367	-58.8396
BLOCK29/SES291/SA291S27	SES172	-2.08345	-60.9231	-58.8396
BLOCK29/SES291/SA291S27	SES275	-1.3629	-60.2025	-58.8396
BLOCK29/SES291/SA291S27	SES292	-1.73055	-60.5702	-58.8396
