BLOCK00/SES002/SA002S12	SES002	1.33176	-4.29287	-5.62462
BLOCK00/SES002/SA002S13	SES002	1.39553	-5.30777	-6.7033
BLOCK00/SES002/SA002S23	SES002	1.16878	-4.75791	-5.92668
BLOCK00/SES002/SA002S26	SES002	0.948421	-8.09176	-9.04018
BLOCK00/SES002/SA002S28	SES002	0.456707	-7.09513	-7.55184
BLOCK00/SES007/SA007S14	SES007	1.40173	-3.55515	-4.95688
BLOCK00/SES007/SA007S15	SES007	1.08048	-4.71664	-5.79712
BLOCK00/SES007/SA007S24	SES007	1.30939	-3.69497	-5.00436
BLOCK00/SES007/SA007S27	SES007	0.359428	-7.13254	-7.49196
BLOCK00/SES007/SA007S29	SES007	0.129797	-4.07388	-4.20368
BLOCK00/SES008/SA008S11	SES008	2.25289	-1.05208	-3.30497
BLOCK00/SES008/SA008S12	SES008	1.44609	-1.96223	-3.40831
BLOCK00/SES008/SA008S19	SES008	1.9732	-1.90969	-3.8829
BLOCK00/SES008/SA008S22	SES008	1.04457	-3.87541	-4.91998
BLOCK00/SES008/SA008S29	SES008	2.05393	-0.934722	-2.98865
BLOCK01/SES014/SA014S10	SES014	0.990566	-3.99125	-4.98181
BLOCK01/SES014/SA014S12	SES014	2.51443	-2.37985	-4.89428
BLOCK01/SES014/SA014S24	SES014	2.01035	-3.64151	-5.65187
BLOCK01/SES014/SA014S26	SES014	2.05624	-4.85315	-6.90938
BLOCK01/SES014/SA014S28	SES014	4.11282	0.0599442	-4.05288
BLOCK01/SES016/SA016S12	SES016	0.532828	-7.14806	-7.68088
BLOCK01/SES016/SA016S13	SES016	1.65733	-5.2239	-6.88124
BLOCK01/SES016/SA016S22	SES016	1.37911	-5.32222	-6.70133
BLOCK01/SES016/SA016S25	SES016	1.82459	-3.2016	-5.02619
BLOCK01/SES016/SA016S27	SES016	1.9414	-6.61701	-8.55841
BLOCK01/SES019/SA019S13	SES019	-nan	-nan	-7.4787
BLOCK01/SES019/SA019S14	SES019	-nan	-nan	-6.67471
BLOCK01/SES019/SA019S22	SES019	-nan	-nan	-5.6874
BLOCK01/SES019/SA019S25	SES019	-nan	-nan	-7.54127
BLOCK01/SES019/SA019S29	SES019	-nan	-nan	-8.74632
BLOCK02/SES029/SA029S11	SES029	1.84491	-2.88682	-4.73173
BLOCK02/SES029/SA029S12	SES029	0.498041	-4.78518	-5.28322
BLOCK02/SES029/SA029S20	SES029	1.03783	-2.67245	-3.71028
BLOCK02/SES029/SA029S25	SES029	0.604046	-4.61205	-5.21609
BLOCK02/SES029/SA029S28	SES029	0.190541	-4.69097	-4.88151
BLOCK04/SES042/SA042S12	SES042	2.48052	-4.11799	-6.59852
BLOCK04/SES042/SA042S15	SES042	1.81427	-5.14424	-6.95851
BLOCK04/SES042/SA042S22	SES042	4.11282	-8.6592	-12.772
BLOCK04/SES042/SA042S25	SES042	1.85492	-7.59535	-9.45027
BLOCK04/SES042/SA042S27	SES042	3.26385	-6.96328	-10.2271
BLOCK04/SES048/SA048S11	SES048	1.22071	-2.8031	-4.02382
BLOCK04/SES048/SA048S12	SES048	1.04052	-4.90543	-5.94594
BLOCK04/SES048/SA048S20	SES048	1.4036	-4.08173	-5.48532
BLOCK04/SES048/SA048S23	SES048	2.19485	-2.08143	-4.27628
BLOCK04/SES048/SA048S27	SES048	0.400907	-4.9172	-5.31811
BLOCK06/SES060/SA060S11	SES060	1.72829	-4.97876	-6.70705
BLOCK06/SES060/SA060S12	SES060	0.807897	-7.78077	-8.58867
BLOCK06/SES060/SA060S22	SES060	-1.48694	-8.00096	-6.51401
BLOCK06/SES060/SA060S24	SES060	1.71376	-1.77473	-3.48849
BLOCK06/SES060/SA060S28	SES060	1.31399	-1.4966	-2.81059
BLOCK06/SES062/SA062S10	SES062	0.569257	-4.59043	-5.15968
BLOCK06/SES062/SA062S11	SES062	1.42883	-5.66336	-7.09219
BLOCK06/SES062/SA062S21	SES062	1.51813	-0.136586	-1.65472
BLOCK06/SES062/SA062S26	SES062	0.662616	-4.23336	-4.89598
BLOCK06/SES062/SA062S29	SES062	1.59134	-1.74576	-3.33709
BLOCK06/SES068/SA068S14	SES068	0.89735	-3.44856	-4.34591
BLOCK06/SES068/SA068S15	SES068	1.18702	-4.20901	-5.39603
BLOCK06/SES068/SA068S23	SES068	0.57735	-5.64171	-6.21906
BLOCK06/SES068/SA068S27	SES068	2.04051	-3.4182	-5.45871
BLOCK06/SES068/SA068S29	SES068	0.75294	-5.2822	-6.03514
BLOCK08/SES082/SA082S12	SES082	-0.561281	-5.31875	-4.75747
BLOCK08/SES082/SA082S14	SES082	0.422919	-4.27025	-4.69317
BLOCK08/SES082/SA082S21	SES082	0.393391	-3.52617	-3.91956
BLOCK08/SES082/SA082S24	SES082	0.900907	-5.35746	-6.25836
BLOCK08/SES082/SA082S28	SES082	0.875599	-5.4666	-6.3422
BLOCK08/SES083/SA083S14	SES083	0.804312	-3.36314	-4.16745
BLOCK08/SES083/SA083S15	SES083	0.871446	-5.14342	-6.01487
BLOCK08/SES083/SA083S24	SES083	0.658637	-4.56631	-5.22495
BLOCK08/SES083/SA083S26	SES083	0.0987215	-7.14583	-7.24455
BLOCK08/SES083/SA083S29	SES083	0.871127	-5.14471	-6.01584
BLOCK08/SES085/SA085S10	SES085	0.931185	-3.17588	-4.10707
BLOCK08/SES085/SA085S13	SES085	0.00494862	-6.70177	-6.70672
BLOCK08/SES085/SA085S22	SES085	1.68136	-2.36542	-4.04678
BLOCK08/SES085/SA085S26	SES085	0.380006	-7.10416	-7.48417
BLOCK08/SES085/SA085S28	SES085	1.11385	-3.26643	-4.38028
BLOCK08/SES087/SA087S15	SES087	1.32847	-4.76504	-6.09351
BLOCK08/SES087/SA087S16	SES087	2.60122	-3.18243	-5.78365
BLOCK08/SES087/SA087S24	SES087	1.04617	-8.34639	-9.39256
BLOCK08/SES087/SA087S26	SES087	1.10508	-4.49708	-5.60217
BLOCK08/SES087/SA087S29	SES087	2.08848	-2.23092	-4.31941
BLOCK09/SES099/SA099S15	SES099	2.37968	-4.59846	-6.97814
BLOCK09/SES099/SA099S16	SES099	2.00948	-1.59763	-3.60711
BLOCK09/SES099/SA099S24	SES099	2.22512	-3.37659	-5.60171
BLOCK09/SES099/SA099S26	SES099	1.80803	-4.51744	-6.32548
BLOCK09/SES099/SA099S29	SES099	2.63512	-4.48991	-7.12502
BLOCK10/SES101/SA101S11	SES101	0.751661	-4.22367	-4.97533
BLOCK10/SES101/SA101S13	SES101	1.5164	0.0081935	-1.50821
BLOCK10/SES101/SA101S22	SES101	1.69816	-3.95453	-5.65269
BLOCK10/SES101/SA101S24	SES101	1.44065	-3.60559	-5.04623
BLOCK10/SES101/SA101S28	SES101	1.6478	-3.65062	-5.29842
BLOCK10/SES104/SA104S11	SES104	1.68669	-2.6962	-4.3829
BLOCK10/SES104/SA104S12	SES104	1.29153	-4.22084	-5.51237
BLOCK10/SES104/SA104S21	SES104	1.47466	-3.86951	-5.34417
BLOCK10/SES104/SA104S24	SES104	0.101321	-7.72249	-7.82381
BLOCK10/SES104/SA104S28	SES104	1.39049	-6.33591	-7.7264
BLOCK10/SES105/SA105S12	SES105	1.43613	-5.57841	-7.01454
BLOCK10/SES105/SA105S13	SES105	0.516305	-6.01892	-6.53523
BLOCK10/SES105/SA105S22	SES105	0.855081	-5.5726	-6.42768
BLOCK10/SES105/SA105S26	SES105	0.74769	-6.63588	-7.38357
BLOCK10/SES105/SA105S29	SES105	1.58255	-2.82809	-4.41064
BLOCK10/SES106/SA106S09	SES106	0.654128	-8.27876	-8.93289
BLOCK10/SES106/SA106S11	SES106	2.33062	-3.43272	-5.76334
BLOCK10/SES106/SA106S22	SES106	3.15524	-6.87225	-10.0275
BLOCK10/SES106/SA106S27	SES106	1.81957	-3.75412	-5.57369
BLOCK10/SES106/SA106S29	SES106	1.57219	-4.70616	-6.27835
BLOCK11/SES117/SA117S12	SES117	1.05499	-5.55843	-6.61342
BLOCK11/SES117/SA117S13	SES117	-0.0495858	-4.5304	-4.48082
BLOCK11/SES117/SA117S23	SES117	1.84839	-7.53954	-9.38793
BLOCK11/SES117/SA117S25	SES117	1.45235	-4.50263	-5.95499
BLOCK11/SES117/SA117S28	SES117	1.68609	-7.3797	-9.06579
BLOCK12/SES120/SA120S08	SES120	1.16519	-7.60179	-8.76697
BLOCK12/SES120/SA120S11	SES120	1.71428	-11.5099	-13.2242
BLOCK12/SES120/SA120S22	SES120	1.23512	-4.7233	-5.95843
BLOCK12/SES120/SA120S24	SES120	0.622132	-9.56814	-10.1903
BLOCK12/SES120/SA120S28	SES120	0.736877	-7.83498	-8.57186
BLOCK12/SES125/SA125S13	SES125	1.67109	-7.04145	-8.71254
BLOCK12/SES125/SA125S14	SES125	1.38111	-8.25347	-9.63458
BLOCK12/SES125/SA125S25	SES125	2.34949	-5.25888	-7.60837
BLOCK12/SES125/SA125S27	SES125	2.01605	-5.99947	-8.01551
BLOCK12/SES125/SA125S29	SES125	1.53521	-4.25221	-5.78742
BLOCK12/SES127/SA127S11	SES127	1.32431	-3.2159	-4.54022
BLOCK12/SES127/SA127S12	SES127	1.05097	-0.660682	-1.71165
BLOCK12/SES127/SA127S23	SES127	0.818489	-2.56916	-3.38765
BLOCK12/SES127/SA127S25	SES127	-0.311341	-2.78052	-2.46918
BLOCK12/SES127/SA127S27	SES127	1.06297	-2.69167	-3.75464
BLOCK12/SES129/SA129S11	SES129	1.513	-1.82514	-3.33815
BLOCK12/SES129/SA129S12	SES129	1.40327	-1.70026	-3.10353
BLOCK12/SES129/SA129S22	SES129	1.37387	-2.03968	-3.41354
BLOCK12/SES129/SA129S27	SES129	1.64517	-2.42993	-4.07509
BLOCK12/SES129/SA129S29	SES129	0.676914	-7.19589	-7.8728
BLOCK14/SES142/SA142S11	SES142	1.84458	-3.01934	-4.86392
BLOCK14/SES142/SA142S12	SES142	1.34035	-7.72091	-9.06126
BLOCK14/SES142/SA142S24	SES142	1.58278	-5.96366	-7.54643
BLOCK14/SES142/SA142S27	SES142	1.48036	-5.42134	-6.9017
BLOCK14/SES142/SA142S29	SES142	0.876673	-6.10134	-6.97801
BLOCK14/SES143/SA143S12	SES143	1.5003	-3.77318	-5.27348
BLOCK14/SES143/SA143S13	SES143	1.39939	-3.56198	-4.96137
BLOCK14/SES143/SA143S23	SES143	0.55113	-4.33516	-4.88629
BLOCK14/SES143/SA143S25	SES143	0.870994	-6.85845	-7.72945
BLOCK14/SES143/SA143S28	SES143	1.21058	-5.98096	-7.19154
BLOCK14/SES144/SA144S09	SES144	1.1184	-3.53287	-4.65126
BLOCK14/SES144/SA144S11	SES144	0.974096	-3.50776	-4.48185
BLOCK14/SES144/SA144S21	SES144	0.0565963	-3.72643	-3.78303
BLOCK14/SES144/SA144S25	SES144	0.751837	-4.31085	-5.06269
BLOCK14/SES144/SA144S29	SES144	0.0498967	-6.1484	-6.1983
BLOCK14/SES146/SA146S14	SES146	0.741627	-4.82112	-5.56275
BLOCK14/SES146/SA146S15	SES146	0.89078	-5.25401	-6.14479
BLOCK14/SES146/SA146S24	SES146	0.929476	-6.16481	-7.09428
BLOCK14/SES146/SA146S26	SES146	1.30322	-4.84754	-6.15076
BLOCK14/SES146/SA146S29	SES146	0.947465	-6.19347	-7.14094
BLOCK14/SES147/SA147S11	SES147	-nan	-nan	-6.12864
BLOCK14/SES147/SA147S13	SES147	-nan	-nan	-3.73381
BLOCK14/SES147/SA147S23	SES147	-nan	-nan	-3.77978
BLOCK14/SES147/SA147S26	SES147	-nan	-nan	-4.0905
BLOCK14/SES147/SA147S28	SES147	-nan	-nan	-2.7907
BLOCK14/SES148/SA148S10	SES148	0.908448	-2.31973	-3.22818
BLOCK14/SES148/SA148S12	SES148	1.36397	-3.85418	-5.21815
BLOCK14/SES148/SA148S22	SES148	1.02519	-1.99869	-3.02388
BLOCK14/SES148/SA148S26	SES148	0.836348	-1.32876	-2.16511
BLOCK14/SES148/SA148S29	SES148	0.0137649	-5.16057	-5.17434
BLOCK14/SES149/SA149S13	SES149	0.394181	-4.2758	-4.66999
BLOCK14/SES149/SA149S14	SES149	1.13698	-2.0866	-3.22358
BLOCK14/SES149/SA149S24	SES149	1.61744	-2.84341	-4.46085
BLOCK14/SES149/SA149S26	SES149	1.52445	-3.64258	-5.16703
BLOCK14/SES149/SA149S28	SES149	2.47715	1.55521	-0.921944
BLOCK15/SES158/SA158S13	SES158	2.03658	-7.32824	-9.36482
BLOCK15/SES158/SA158S14	SES158	2.89397	-7.39409	-10.2881
BLOCK15/SES158/SA158S23	SES158	2.11115	-5.2474	-7.35855
BLOCK15/SES158/SA158S26	SES158	2.70955	-7.24259	-9.95214
BLOCK15/SES158/SA158S28	SES158	1.30316	-6.74555	-8.04871
BLOCK16/SES162/SA162S10	SES162	0.954141	-6.36973	-7.32387
BLOCK16/SES162/SA162S11	SES162	1.3055	-2.5484	-3.8539
BLOCK16/SES162/SA162S21	SES162	1.3029	-3.25174	-4.55463
BLOCK16/SES162/SA162S24	SES162	1.96475	-2.69178	-4.65653
BLOCK16/SES162/SA162S27	SES162	1.48019	-6.77182	-8.25202
BLOCK16/SES167/SA167S14	SES167	1.85954	-1.30164	-3.16118
BLOCK16/SES167/SA167S15	SES167	1.62072	-0.681179	-2.3019
BLOCK16/SES167/SA167S21	SES167	2.30755	0.434085	-1.87347
BLOCK16/SES167/SA167S25	SES167	2.55102	-1.9759	-4.52692
BLOCK16/SES167/SA167S29	SES167	2.86269	0.900052	-1.96264
BLOCK17/SES172/SA172S12	SES172	0.96051	-5.1969	-6.15741
BLOCK17/SES172/SA172S13	SES172	1.33425	-5.26451	-6.59876
BLOCK17/SES172/SA172S23	SES172	1.03762	-2.48247	-3.52009
BLOCK17/SES172/SA172S27	SES172	0.772665	-6.24484	-7.01751
BLOCK17/SES172/SA172S29	SES172	1.54214	-2.88212	-4.42426
BLOCK17/SES175/SA175S11	SES175	0.526473	-6.41248	-6.93895
BLOCK17/SES175/SA175S13	SES175	1.16211	-0.815605	-1.97772
BLOCK17/SES175/SA175S23	SES175	1.62135	-1.88317	-3.50451
BLOCK17/SES175/SA175S25	SES175	0.971678	-5.16125	-6.13292
BLOCK17/SES175/SA175S28	SES175	1.58317	-3.83324	-5.41641
BLOCK17/SES177/SA177S15	SES177	0.270726	-5.63664	-5.90736
BLOCK17/SES177/SA177S17	SES177	0.47203	-5.24225	-5.71428
BLOCK17/SES177/SA177S23	SES177	-0.0639534	-5.12387	-5.05991
BLOCK17/SES177/SA177S26	SES177	1.21602	-1.24138	-2.4574
BLOCK17/SES177/SA177S28	SES177	0.715708	-6.34093	-7.05663
BLOCK18/SES180/SA180S13	SES180	1.47736	-7.08669	-8.56406
BLOCK18/SES180/SA180S15	SES180	0.986868	-2.78386	-3.77073
BLOCK18/SES180/SA180S24	SES180	1.29012	-2.46898	-3.7591
BLOCK18/SES180/SA180S26	SES180	0.571615	-4.3933	-4.96491
BLOCK18/SES180/SA180S29	SES180	0.228026	-7.04174	-7.26977
BLOCK18/SES183/SA183S13	SES183	1.37792	-4.2783	-5.65622
BLOCK18/SES183/SA183S14	SES183	0.143563	-4.94032	-5.08388
BLOCK18/SES183/SA183S24	SES183	1.2221	-6.07789	-7.29999
BLOCK18/SES183/SA183S27	SES183	1.7559	-4.67613	-6.43202
BLOCK18/SES183/SA183S29	SES183	1.59358	-3.40707	-5.00065
BLOCK18/SES187/SA187S13	SES187	0.721498	-6.54197	-7.26346
BLOCK18/SES187/SA187S14	SES187	0.851786	-6.81452	-7.6663
BLOCK18/SES187/SA187S24	SES187	1.61305	-4.6324	-6.24545
BLOCK18/SES187/SA187S27	SES187	1.63902	-3.3823	-5.02132
BLOCK18/SES187/SA187S29	SES187	1.02321	-8.08842	-9.11163
BLOCK18/SES189/SA189S10	SES189	1.64543	-5.83199	-7.47742
BLOCK18/SES189/SA189S13	SES189	1.82053	-9.69374	-11.5143
BLOCK18/SES189/SA189S24	SES189	1.23244	-5.54252	-6.77496
BLOCK18/SES189/SA189S26	SES189	1.50114	-5.43579	-6.93693
BLOCK18/SES189/SA189S29	SES189	1.88215	-4.89556	-6.77771
BLOCK20/SES202/SA202S12	SES202	1.70958	-8.37155	-10.0811
BLOCK20/SES202/SA202S14	SES202	1.99289	-5.84227	-7.83516
BLOCK20/SES202/SA202S24	SES202	0.668913	-7.37498	-8.0439
BLOCK20/SES202/SA202S27	SES202	1.44603	-3.94904	-5.39508
BLOCK20/SES202/SA202S29	SES202	1.73938	-4.92145	-6.66083
BLOCK20/SES206/SA206S15	SES206	0.511661	-2.81673	-3.32839
BLOCK20/SES206/SA206S17	SES206	1.74658	-4.9609	-6.70747
BLOCK20/SES206/SA206S24	SES206	1.83535	-2.78023	-4.61558
BLOCK20/SES206/SA206S27	SES206	2.49246	-5.79497	-8.28744
BLOCK20/SES206/SA206S29	SES206	2.3207	-5.70524	-8.02595
BLOCK22/SES226/SA226S12	SES226	1.7992	-3.79987	-5.59906
BLOCK22/SES226/SA226S13	SES226	-0.708091	-5.10091	-4.39282
BLOCK22/SES226/SA226S20	SES226	1.43794	-3.65303	-5.09097
BLOCK22/SES226/SA226S23	SES226	0.497251	-3.71254	-4.20979
BLOCK22/SES226/SA226S28	SES226	1.53805	-3.10192	-4.63996
BLOCK25/SES259/SA259S13	SES259	2.83403	-4.26369	-7.09771
BLOCK25/SES259/SA259S14	SES259	2.47415	-3.86581	-6.33996
BLOCK25/SES259/SA259S22	SES259	1.46875	-4.20906	-5.67781
BLOCK25/SES259/SA259S24	SES259	1.68144	-5.18957	-6.87101
BLOCK25/SES259/SA259S28	SES259	1.74722	-4.26165	-6.00888
BLOCK27/SES270/SA270S14	SES270	2.3279	-3.49092	-5.81882
BLOCK27/SES270/SA270S16	SES270	0.843068	-3.50553	-4.34859
BLOCK27/SES270/SA270S22	SES270	2.16926	-3.21334	-5.38259
BLOCK27/SES270/SA270S26	SES270	2.55838	-4.39065	-6.94903
BLOCK27/SES270/SA270S28	SES270	2.83506	-1.36224	-4.1973
BLOCK27/SES275/SA275S17	SES275	1.03186	-3.87872	-4.91058
BLOCK27/SES275/SA275S18	SES275	0.5309	-4.94482	-5.47572
BLOCK27/SES275/SA275S24	SES275	1.08093	-4.70067	-5.7816
BLOCK27/SES275/SA275S26	SES275	1.24225	-3.64434	-4.88659
BLOCK27/SES275/SA275S28	SES275	0.798608	-4.15183	-4.95044
BLOCK29/SES292/SA292S10	SES292	0.156837	-4.29845	-4.45529
BLOCK29/SES292/SA292S12	SES292	1.48132	-5.2654	-6.74672
BLOCK29/SES292/SA292S22	SES292	0.807447	-4.76641	-5.57385
BLOCK29/SES292/SA292S24	SES292	1.37028	-2.16563	-3.53591
BLOCK29/SES292/SA292S27	SES292	0.422022	-3.52508	-3.9471
BLOCK00/SES001/SA001S14	SES062	-2.58838	-10.536	-7.9476
BLOCK00/SES001/SA001S14	SES082	-0.276074	-8.22367	-7.9476
BLOCK00/SES001/SA001S14	SES106	-0.323081	-8.27068	-7.9476
BLOCK00/SES001/SA001S14	SES206	-0.928112	-8.87571	-7.9476
BLOCK00/SES001/SA001S15	SES062	-2.2758	-8.46262	-6.18682
BLOCK00/SES001/SA001S15	SES104	-0.109489	-6.2963	-6.18682
BLOCK00/SES001/SA001S15	SES106	0.058228	-6.12859	-6.18682
BLOCK00/SES001/SA001S15	SES206	-0.960361	-7.14718	-6.18682
BLOCK00/SES001/SA001S24	SES062	-3.55725	-11.6702	-8.11294
BLOCK00/SES001/SA001S24	SES082	-1.86044	-9.97337	-8.11294
BLOCK00/SES001/SA001S24	SES087	-4.42353	-12.5365	-8.11294
BLOCK00/SES001/SA001S24	SES206	-1.06263	-9.17557	-8.11294
BLOCK00/SES001/SA001S27	SES062	-1.34623	-4.49727	-3.15104
BLOCK00/SES001/SA001S27	SES082	-0.398508	-3.54955	-3.15104
BLOCK00/SES001/SA001S27	SES087	-1.00043	-4.15147	-3.15104
BLOCK00/SES001/SA001S27	SES206	-1.12977	-4.28082	-3.15104
BLOCK00/SES001/SA001S29	SES062	-2.08191	-9.11537	-7.03346
BLOCK00/SES001/SA001S29	SES082	-0.763503	-7.79696	-7.03346
BLOCK00/SES001/SA001S29	SES158	-0.0211821	-7.05464	-7.03346
BLOCK00/SES001/SA001S29	SES206	-1.80173	-8.83519	-7.03346
BLOCK00/SES003/SA003S11	SES002	0.520556	-3.12987	-3.65043
BLOCK00/SES003/SA003S11	SES019	-nan	-nan	-3.65043
BLOCK00/SES003/SA003S11	SES082	0.269981	-3.38045	-3.65043
BLOCK00/SES003/SA003S11	SES125	-0.914185	-4.56462	-3.65043
BLOCK00/SES003/SA003S15	SES016	-0.656454	-5.86555	-5.2091
BLOCK00/SES003/SA003S15	SES019	-nan	-nan	-5.2091
BLOCK00/SES003/SA003S15	SES062	0.499019	-4.71008	-5.2091
BLOCK00/SES003/SA003S15	SES206	-0.173186	-5.38228	-5.2091
BLOCK00/SES003/SA003S22	SES002	-0.628893	-5.40774	-4.77884
BLOCK00/SES003/SA003S22	SES062	0.148092	-4.63075	-4.77884
BLOCK00/SES003/SA003S22	SES082	-0.364231	-5.14307	-4.77884
BLOCK00/SES003/SA003S22	SES087	-0.321132	-5.09997	-4.77884
BLOCK00/SES003/SA003S25	SES062	-1.85148	-8.36028	-6.5088
BLOCK00/SES003/SA003S25	SES082	-0.0515652	-6.56037	-6.5088
BLOCK00/SES003/SA003S25	SES087	0.281741	-6.22706	-6.5088
BLOCK00/SES003/SA003S25	SES206	-1.19029	-7.69909	-6.5088
BLOCK00/SES003/SA003S29	SES002	-0.732852	-5.282	-4.54915
BLOCK00/SES003/SA003S29	SES062	-1.92618	-6.47533	-4.54915
BLOCK00/SES003/SA003S29	SES082	-0.743682	-5.29283	-4.54915
BLOCK00/SES003/SA003S29	SES087	-0.746459	-5.29561	-4.54915
BLOCK00/SES004/SA004S12	SES083	-0.309244	-3.62468	-3.31544
BLOCK00/SES004/SA004S12	SES148	-1.1907	-4.50613	-3.31544
BLOCK00/SES004/SA004S12	SES172	0.382353	-2.93308	-3.31544
BLOCK00/SES004/SA004S12	SES292	-1.30276	-4.61819	-3.31544
BLOCK00/SES004/SA004S17	SES083	-0.72914	-4.74985	-4.02071
BLOCK00/SES004/SA004S17	SES162	-0.132733	-4.15344	-4.02071
BLOCK00/SES004/SA004S17	SES172	0.264708	-3.756	-4.02071
BLOCK00/SES004/SA004S17	SES292	-1.22205	-5.24276	-4.02071
BLOCK00/SES004/SA004S24	SES083	-0.623574	-5.52701	-4.90344
BLOCK00/SES004/SA004S24	SES148	-2.03905	-6.94249	-4.90344
BLOCK00/SES004/SA004S24	SES172	0.484159	-4.41928	-4.90344
BLOCK00/SES004/SA004S24	SES292	-0.617242	-5.52068	-4.90344
BLOCK00/SES004/SA004S26	SES083	-0.126387	-6.08859	-5.9622
BLOCK00/SES004/SA004S26	SES127	-1.28626	-7.24846	-5.9622
BLOCK00/SES004/SA004S26	SES148	-2.248	-8.2102	-5.9622
BLOCK00/SES004/SA004S26	SES292	-1.81206	-7.77426	-5.9622
BLOCK00/SES004/SA004S28	SES083	-0.606635	-1.86508	-1.25845
BLOCK00/SES004/SA004S28	SES127	0.412731	-0.84572	-1.25845
BLOCK00/SES004/SA004S28	SES187	0.362793	-0.895657	-1.25845
BLOCK00/SES004/SA004S28	SES292	-0.314722	-1.57317	-1.25845
BLOCK00/SES006/SA006S10	SES014	-5.28069	-15.5432	-10.2626
BLOCK00/SES006/SA006S10	SES158	-4.86418	-15.1267	-10.2626
BLOCK00/SES006/SA006S10	SES226	-5.51237	-15.7749	-10.2626
BLOCK00/SES006/SA006S10	SES270	-2.70578	-12.9683	-10.2626
BLOCK00/SES006/SA006S11	SES158	-3.37749	-12.0845	-8.70701
BLOCK00/SES006/SA006S11	SES226	-3.74547	-12.4525	-8.70701
BLOCK00/SES006/SA006S11	SES270	-1.89719	-10.6042	-8.70701
BLOCK00/SES006/SA006S11	SES275	-1.07451	-9.78152	-8.70701
BLOCK00/SES006/SA006S23	SES062	-3.87823	-11.8966	-8.01838
BLOCK00/SES006/SA006S23	SES105	-1.43411	-9.45249	-8.01838
BLOCK00/SES006/SA006S23	SES158	-3.14225	-11.1606	-8.01838
BLOCK00/SES006/SA006S23	SES275	-1.13724	-9.15562	-8.01838
BLOCK00/SES006/SA006S26	SES104	-5.02285	-14.2078	-9.18497
BLOCK00/SES006/SA006S26	SES158	-3.40716	-12.5921	-9.18497
BLOCK00/SES006/SA006S26	SES270	-1.66209	-10.8471	-9.18497
BLOCK00/SES006/SA006S26	SES275	-1.19923	-10.3842	-9.18497
BLOCK00/SES006/SA006S28	SES007	-1.89781	-10.5484	-8.65059
BLOCK00/SES006/SA006S28	SES105	-1.29137	-9.94196	-8.65059
BLOCK00/SES006/SA006S28	SES158	-1.80482	-10.4554	-8.65059
BLOCK00/SES006/SA006S28	SES275	-1.7648	-10.4154	-8.65059
BLOCK00/SES009/SA009S12	SES083	-1.66713	-8.64694	-6.97981
BLOCK00/SES009/SA009S12	SES148	-3.29695	-10.2768	-6.97981
BLOCK00/SES009/SA009S12	SES177	-0.250763	-7.23058	-6.97981
BLOCK00/SES009/SA009S12	SES292	-0.809783	-7.78959	-6.97981
BLOCK00/SES009/SA009S15	SES007	-0.505424	-6.85872	-6.3533
BLOCK00/SES009/SA009S15	SES099	-3.10589	-9.45919	-6.3533
BLOCK00/SES009/SA009S15	SES148	-3.392	-9.7453	-6.3533
BLOCK00/SES009/SA009S15	SES172	0.0121856	-6.34111	-6.3533
BLOCK00/SES009/SA009S24	SES146	0.0218678	-7.50795	-7.52982
BLOCK00/SES009/SA009S24	SES148	-3.20296	-10.7328	-7.52982
BLOCK00/SES009/SA009S24	SES177	-0.126461	-7.65628	-7.52982
BLOCK00/SES009/SA009S24	SES292	0.0103059	-7.51951	-7.52982
BLOCK00/SES009/SA009S26	SES083	-1.71654	-7.35284	-5.6363
BLOCK00/SES009/SA009S26	SES101	-1.73601	-7.37231	-5.6363
BLOCK00/SES009/SA009S26	SES120	-0.397313	-6.03362	-5.6363
BLOCK00/SES009/SA009S26	SES177	-0.713575	-6.34988	-5.6363
BLOCK00/SES009/SA009S29	SES083	-0.705303	-6.47425	-5.76895
BLOCK00/SES009/SA009S29	SES101	-1.27033	-7.03928	-5.76895
BLOCK00/SES009/SA009S29	SES177	-0.484564	-6.25351	-5.76895
BLOCK00/SES009/SA009S29	SES292	-0.703216	-6.47216	-5.76895
BLOCK01/SES011/SA011S10	SES019	-nan	-nan	-10.067
BLOCK01/SES011/SA011S10	SES042	0.415871	-9.65114	-10.067
BLOCK01/SES011/SA011S10	SES082	-0.489794	-10.5568	-10.067
BLOCK01/SES011/SA011S10	SES206	0.35393	-9.71308	-10.067
BLOCK01/SES011/SA011S11	SES019	-nan	-nan	-8.38905
BLOCK01/SES011/SA011S11	SES042	0.100425	-8.28862	-8.38905
BLOCK01/SES011/SA011S11	SES082	-0.722105	-9.11115	-8.38905
BLOCK01/SES011/SA011S11	SES206	-1.38979	-9.77884	-8.38905
BLOCK01/SES011/SA011S22	SES019	-nan	-nan	-9.59831
BLOCK01/SES011/SA011S22	SES042	1.42513	-8.17318	-9.59831
BLOCK01/SES011/SA011S22	SES082	-0.454248	-10.0526	-9.59831
BLOCK01/SES011/SA011S22	SES206	0.0907621	-9.50755	-9.59831
BLOCK01/SES011/SA011S24	SES019	-nan	-nan	-8.22161
BLOCK01/SES011/SA011S24	SES042	0.858903	-7.36271	-8.22161
BLOCK01/SES011/SA011S24	SES104	-0.15216	-8.37377	-8.22161
BLOCK01/SES011/SA011S24	SES206	0.785859	-7.43575	-8.22161
BLOCK01/SES011/SA011S27	SES082	-0.174707	-7.59945	-7.42474
BLOCK01/SES011/SA011S27	SES087	-3.44749	-10.8722	-7.42474
BLOCK01/SES011/SA011S27	SES125	-0.775566	-8.20031	-7.42474
BLOCK01/SES011/SA011S27	SES206	0.0491009	-7.37564	-7.42474
BLOCK01/SES012/SA012S11	SES007	-0.371888	-4.72341	-4.35152
BLOCK01/SES012/SA012S11	SES082	-0.403355	-4.75488	-4.35152
BLOCK01/SES012/SA012S11	SES083	-1.18533	-5.53685	-4.35152
BLOCK01/SES012/SA012S11	SES206	0.456958	-3.89456	-4.35152
BLOCK01/SES012/SA012S14	SES082	0.422991	-6.68147	-7.10446
BLOCK01/SES012/SA012S14	SES087	-1.83454	-8.939	-7.10446
BLOCK01/SES012/SA012S14	SES206	0.568855	-6.5356	-7.10446
BLOCK01/SES012/SA012S14	SES292	-0.556195	-7.66065	-7.10446
BLOCK01/SES012/SA012S24	SES082	-0.080945	-8.93515	-8.8542
BLOCK01/SES012/SA012S24	SES087	-1.49684	-10.351	-8.8542
BLOCK01/SES012/SA012S24	SES120	-1.29949	-10.1537	-8.8542
BLOCK01/SES012/SA012S24	SES206	-1.04255	-9.89676	-8.8542
BLOCK01/SES012/SA012S26	SES019	-nan	-nan	-9.48714
BLOCK01/SES012/SA012S26	SES082	0.306985	-9.18016	-9.48714
BLOCK01/SES012/SA012S26	SES206	1.19515	-8.29199	-9.48714
BLOCK01/SES012/SA012S26	SES292	-0.381081	-9.86822	-9.48714
BLOCK01/SES012/SA012S29	SES062	-0.869995	-3.50117	-2.63118
BLOCK01/SES012/SA012S29	SES082	-0.170802	-2.80198	-2.63118
BLOCK01/SES012/SA012S29	SES083	-1.42445	-4.05563	-2.63118
BLOCK01/SES012/SA012S29	SES206	0.800171	-1.83101	-2.63118
BLOCK01/SES013/SA013S16	SES062	-2.80531	-11.1235	-8.31817
BLOCK01/SES013/SA013S16	SES106	-1.97724	-10.2954	-8.31817
BLOCK01/SES013/SA013S16	SES206	-1.44597	-9.76413	-8.31817
BLOCK01/SES013/SA013S16	SES226	-2.09649	-10.4147	-8.31817
BLOCK01/SES013/SA013S17	SES062	-1.81406	-7.30795	-5.49389
BLOCK01/SES013/SA013S17	SES106	-1.71471	-7.2086	-5.49389
BLOCK01/SES013/SA013S17	SES206	-0.549827	-6.04371	-5.49389
BLOCK01/SES013/SA013S17	SES226	-0.201231	-5.69512	-5.49389
BLOCK01/SES013/SA013S23	SES104	0.207352	-6.35222	-6.55957
BLOCK01/SES013/SA013S23	SES106	-0.158716	-6.71828	-6.55957
BLOCK01/SES013/SA013S23	SES206	-0.270296	-6.82986	-6.55957
BLOCK01/SES013/SA013S23	SES270	-1.0466	-7.60616	-6.55957
BLOCK01/SES013/SA013S25	SES042	-2.99487	-9.54962	-6.55475
BLOCK01/SES013/SA013S25	SES104	0.641882	-5.91287	-6.55475
BLOCK01/SES013/SA013S25	SES106	0.203454	-6.35129	-6.55475
BLOCK01/SES013/SA013S25	SES206	-0.240582	-6.79533	-6.55475
BLOCK01/SES013/SA013S29	SES062	-2.68558	-10.1386	-7.45302
BLOCK01/SES013/SA013S29	SES104	-0.135014	-7.58804	-7.45302
BLOCK01/SES013/SA013S29	SES106	-0.65187	-8.10489	-7.45302
BLOCK01/SES013/SA013S29	SES206	-0.924763	-8.37779	-7.45302
BLOCK02/SES021/SA021S13	SES016	-1.41891	-7.21604	-5.79713
BLOCK02/SES021/SA021S13	SES029	-1.19736	-6.99448	-5.79713
BLOCK02/SES021/SA021S13	SES087	-2.34595	-8.14307	-5.79713
BLOCK02/SES021/SA021S13	SES206	-0.38945	-6.18658	-5.79713
BLOCK02/SES021/SA021S15	SES087	-0.730856	-6.19119	-5.46034
BLOCK02/SES021/SA021S15	SES125	-0.615469	-6.0758	-5.46034
BLOCK02/SES021/SA021S15	SES206	-0.883204	-6.34354	-5.46034
BLOCK02/SES021/SA021S15	SES226	-0.878866	-6.3392	-5.46034
BLOCK02/SES021/SA021S23	SES062	-2.32505	-8.74435	-6.4193
BLOCK02/SES021/SA021S23	SES087	-0.175493	-6.59479	-6.4193
BLOCK02/SES021/SA021S23	SES206	-0.250947	-6.67025	-6.4193
BLOCK02/SES021/SA021S23	SES226	-0.340652	-6.75995	-6.4193
BLOCK02/SES021/SA021S27	SES002	-2.85887	-6.40067	-3.5418
BLOCK02/SES021/SA021S27	SES016	-4.16628	-7.70808	-3.5418
BLOCK02/SES021/SA021S27	SES019	-nan	-nan	-3.5418
BLOCK02/SES021/SA021S27	SES062	-0.782317	-4.32412	-3.5418
BLOCK02/SES021/SA021S29	SES087	-0.534926	-6.35999	-5.82506
BLOCK02/SES021/SA021S29	SES125	-0.777627	-6.60269	-5.82506
BLOCK02/SES021/SA021S29	SES206	0.733893	-5.09117	-5.82506
BLOCK02/SES021/SA021S29	SES226	-0.0826354	-5.9077	-5.82506
BLOCK04/SES043/SA043S09	SES083	0.027699	-7.13548	-7.16318
BLOCK04/SES043/SA043S09	SES101	0.0735598	-7.08962	-7.16318
BLOCK04/SES043/SA043S09	SES144	-0.116373	-7.27956	-7.16318
BLOCK04/SES043/SA043S09	SES172	-0.839322	-8.0025	-7.16318
BLOCK04/SES043/SA043S11	SES083	0.0838382	-3.56021	-3.64405
BLOCK04/SES043/SA043S11	SES101	0.0282664	-3.61578	-3.64405
BLOCK04/SES043/SA043S11	SES144	0.354421	-3.28963	-3.64405
BLOCK04/SES043/SA043S11	SES172	-0.90249	-4.54654	-3.64405
BLOCK04/SES043/SA043S23	SES083	0.102252	-4.65627	-4.75852
BLOCK04/SES043/SA043S23	SES144	0.79254	-3.96598	-4.75852
BLOCK04/SES043/SA043S23	SES177	-0.342829	-5.10135	-4.75852
BLOCK04/SES043/SA043S23	SES275	0.114247	-4.64427	-4.75852
BLOCK04/SES043/SA043S26	SES083	0.347145	-9.32998	-9.67712
BLOCK04/SES043/SA043S26	SES101	0.0596132	-9.61751	-9.67712
BLOCK04/SES043/SA043S26	SES144	0.262709	-9.41441	-9.67712
BLOCK04/SES043/SA043S26	SES177	-1.47695	-11.1541	-9.67712
BLOCK04/SES043/SA043S28	SES016	-1.74673	-7.09252	-5.3458
BLOCK04/SES043/SA043S28	SES083	-0.510921	-5.85672	-5.3458
BLOCK04/SES043/SA043S28	SES101	-0.560978	-5.90677	-5.3458
BLOCK04/SES043/SA043S28	SES144	-1.05405	-6.39984	-5.3458
BLOCK04/SES044/SA044S10	SES127	-5.68257	-15.9911	-10.3085
BLOCK04/SES044/SA044S10	SES144	-1.10851	-11.417	-10.3085
BLOCK04/SES044/SA044S10	SES147	-nan	-nan	-10.3085
BLOCK04/SES044/SA044S10	SES148	-3.48605	-13.7945	-10.3085
BLOCK04/SES044/SA044S11	SES101	-0.947661	-8.69421	-7.74655
BLOCK04/SES044/SA044S11	SES144	-0.198358	-7.94491	-7.74655
BLOCK04/SES044/SA044S11	SES147	-nan	-nan	-7.74655
BLOCK04/SES044/SA044S11	SES177	-1.19866	-8.94521	-7.74655
BLOCK04/SES044/SA044S24	SES007	-1.57693	-9.22573	-7.6488
BLOCK04/SES044/SA044S24	SES101	0.393136	-7.25566	-7.6488
BLOCK04/SES044/SA044S24	SES147	-nan	-nan	-7.6488
BLOCK04/SES044/SA044S24	SES177	-1.02577	-8.67457	-7.6488
BLOCK04/SES044/SA044S26	SES007	-1.07946	-5.54896	-4.4695
BLOCK04/SES044/SA044S26	SES016	-0.848229	-5.31773	-4.4695
BLOCK04/SES044/SA044S26	SES101	-1.52134	-5.99084	-4.4695
BLOCK04/SES044/SA044S26	SES147	-nan	-nan	-4.4695
BLOCK04/SES044/SA044S29	SES007	-2.28283	-7.53727	-5.25444
BLOCK04/SES044/SA044S29	SES101	-0.99035	-6.24479	-5.25444
BLOCK04/SES044/SA044S29	SES147	-nan	-nan	-5.25444
BLOCK04/SES044/SA044S29	SES177	-2.21409	-7.46853	-5.25444
BLOCK04/SES046/SA046S13	SES101	-0.506084	-7.60029	-7.09421
BLOCK04/SES046/SA046S13	SES144	-0.899204	-7.99341	-7.09421
BLOCK04/SES046/SA046S13	SES147	-nan	-nan	-7.09421
BLOCK04/SES046/SA046S13	SES177	-1.38822	-8.48242	-7.09421
BLOCK04/SES046/SA046S15	SES048	0.769227	-2.91688	-3.68611
BLOCK04/SES046/SA046S15	SES083	-0.211795	-3.8979	-3.68611
BLOCK04/SES046/SA046S15	SES120	-1.27108	-4.95719	-3.68611
BLOCK04/SES046/SA046S15	SES148	-0.894851	-4.58096	-3.68611
BLOCK04/SES046/SA046S22	SES101	-0.421739	-7.04156	-6.61982
BLOCK04/SES046/SA046S22	SES144	0.598362	-6.02146	-6.61982
BLOCK04/SES046/SA046S22	SES147	-nan	-nan	-6.61982
BLOCK04/SES046/SA046S22	SES172	0.472136	-6.14768	-6.61982
BLOCK04/SES046/SA046S25	SES083	-0.411842	-4.39984	-3.988
BLOCK04/SES046/SA046S25	SES127	-0.724224	-4.71222	-3.988
BLOCK04/SES046/SA046S25	SES144	-0.277925	-4.26592	-3.988
BLOCK04/SES046/SA046S25	SES148	-0.248437	-4.23643	-3.988
BLOCK04/SES046/SA046S28	SES007	-1.34487	-6.60909	-5.26422
BLOCK04/SES046/SA046S28	SES105	-1.3378	-6.60202	-5.26422
BLOCK04/SES046/SA046S28	SES147	-nan	-nan	-5.26422
BLOCK04/SES046/SA046S28	SES148	-1.75739	-7.02161	-5.26422
BLOCK04/SES049/SA049S16	SES104	-0.817058	-8.55127	-7.73422
BLOCK04/SES049/SA049S16	SES106	-1.74625	-9.48046	-7.73422
BLOCK04/SES049/SA049S16	SES120	-0.727046	-8.46126	-7.73422
BLOCK04/SES049/SA049S16	SES206	-0.67745	-8.41167	-7.73422
BLOCK04/SES049/SA049S18	SES099	-9.25064e-05	-7.04224	-7.04215
BLOCK04/SES049/SA049S18	SES104	-0.148672	-7.19082	-7.04215
BLOCK04/SES049/SA049S18	SES125	-2.11491	-9.15706	-7.04215
BLOCK04/SES049/SA049S18	SES206	-1.21481	-8.25695	-7.04215
BLOCK04/SES049/SA049S25	SES087	-0.91318	-8.00625	-7.09307
BLOCK04/SES049/SA049S25	SES104	0.50386	-6.58921	-7.09307
BLOCK04/SES049/SA049S25	SES125	-1.04463	-8.13769	-7.09307
BLOCK04/SES049/SA049S25	SES206	-0.0660458	-7.15911	-7.09307
BLOCK04/SES049/SA049S27	SES099	-0.406567	-2.56933	-2.16277
BLOCK04/SES049/SA049S27	SES104	0.187858	-1.97491	-2.16277
BLOCK04/SES049/SA049S27	SES125	-1.34542	-3.50819	-2.16277
BLOCK04/SES049/SA049S27	SES206	-0.891489	-3.05426	-2.16277
BLOCK04/SES049/SA049S29	SES099	1.01451	-2.5736	-3.58811
BLOCK04/SES049/SA049S29	SES104	1.33817	-2.24995	-3.58811
BLOCK04/SES049/SA049S29	SES125	0.355165	-3.23295	-3.58811
BLOCK04/SES049/SA049S29	SES206	0.0465877	-3.54153	-3.58811
BLOCK06/SES063/SA063S09	SES068	-1.25182	-9.00343	-7.75161
BLOCK06/SES063/SA063S09	SES083	0.112307	-7.6393	-7.75161
BLOCK06/SES063/SA063S09	SES177	-1.43121	-9.18282	-7.75161
BLOCK06/SES063/SA063S09	SES187	-1.23344	-8.98505	-7.75161
BLOCK06/SES063/SA063S10	SES068	-1.4238	-8.25168	-6.82788
BLOCK06/SES063/SA063S10	SES083	-1.29092	-8.1188	-6.82788
BLOCK06/SES063/SA063S10	SES172	-1.86623	-8.69411	-6.82788
BLOCK06/SES063/SA063S10	SES187	-0.962845	-7.79073	-6.82788
BLOCK06/SES063/SA063S20	SES068	-1.54116	-9.66896	-8.1278
BLOCK06/SES063/SA063S20	SES083	-0.511078	-8.63888	-8.1278
BLOCK06/SES063/SA063S20	SES172	-0.552383	-8.68018	-8.1278
BLOCK06/SES063/SA063S20	SES187	-0.244781	-8.37258	-8.1278
BLOCK06/SES063/SA063S24	SES029	-2.64522	-10.4098	-7.76456
BLOCK06/SES063/SA063S24	SES083	0.613343	-7.15122	-7.76456
BLOCK06/SES063/SA063S24	SES177	-0.520848	-8.28541	-7.76456
BLOCK06/SES063/SA063S24	SES189	-0.633848	-8.39841	-7.76456
BLOCK06/SES063/SA063S27	SES083	0.0730839	-8.1083	-8.18138
BLOCK06/SES063/SA063S27	SES172	-1.06395	-9.24533	-8.18138
BLOCK06/SES063/SA063S27	SES187	-1.03752	-9.2189	-8.18138
BLOCK06/SES063/SA063S27	SES292	-0.731626	-8.913	-8.18138
BLOCK06/SES067/SA067S12	SES083	-0.862469	-5.6987	-4.83624
BLOCK06/SES067/SA067S12	SES172	-1.03031	-5.86655	-4.83624
BLOCK06/SES067/SA067S12	SES202	-0.620101	-5.45634	-4.83624
BLOCK06/SES067/SA067S12	SES292	-1.13238	-5.96861	-4.83624
BLOCK06/SES067/SA067S14	SES085	-0.425676	-3.18917	-2.7635
BLOCK06/SES067/SA067S14	SES177	-0.637957	-3.40145	-2.7635
BLOCK06/SES067/SA067S14	SES183	1.58268	-1.18082	-2.7635
BLOCK06/SES067/SA067S14	SES202	-0.258193	-3.02169	-2.7635
BLOCK06/SES067/SA067S21	SES144	-1.02416	-6.33651	-5.31235
BLOCK06/SES067/SA067S21	SES177	-0.904274	-6.21662	-5.31235
BLOCK06/SES067/SA067S21	SES183	0.509714	-4.80264	-5.31235
BLOCK06/SES067/SA067S21	SES189	-0.867277	-6.17963	-5.31235
BLOCK06/SES067/SA067S25	SES085	-1.84005	-8.35434	-6.51429
BLOCK06/SES067/SA067S25	SES177	-0.0862756	-6.60057	-6.51429
BLOCK06/SES067/SA067S25	SES183	-0.14345	-6.65774	-6.51429
BLOCK06/SES067/SA067S25	SES202	-1.28978	-7.80407	-6.51429
BLOCK06/SES067/SA067S29	SES085	-3.05919	-10.2338	-7.1746
BLOCK06/SES067/SA067S29	SES177	-2.39024	-9.56484	-7.1746
BLOCK06/SES067/SA067S29	SES183	0.052505	-7.1221	-7.1746
BLOCK06/SES067/SA067S29	SES202	-2.03118	-9.20578	-7.1746
BLOCK06/SES069/SA069S12	SES029	-1.43101	-5.58094	-4.14994
BLOCK06/SES069/SA069S12	SES082	0.0975981	-4.05234	-4.14994
BLOCK06/SES069/SA069S12	SES087	-0.775964	-4.9259	-4.14994
BLOCK06/SES069/SA069S12	SES206	0.174731	-3.97521	-4.14994
BLOCK06/SES069/SA069S13	SES029	-1.02155	-4.38666	-3.36511
BLOCK06/SES069/SA069S13	SES087	0.279914	-3.0852	-3.36511
BLOCK06/SES069/SA069S13	SES206	-0.555751	-3.92086	-3.36511
BLOCK06/SES069/SA069S13	SES226	0.656171	-2.70894	-3.36511
BLOCK06/SES069/SA069S23	SES029	0.107522	-1.71646	-1.82398
BLOCK06/SES069/SA069S23	SES087	0.888393	-0.935591	-1.82398
BLOCK06/SES069/SA069S23	SES206	0.922755	-0.901229	-1.82398
BLOCK06/SES069/SA069S23	SES226	1.21512	-0.608862	-1.82398
BLOCK06/SES069/SA069S25	SES087	0.139988	-4.01469	-4.15468
BLOCK06/SES069/SA069S25	SES206	-1.3794	-5.53408	-4.15468
BLOCK06/SES069/SA069S25	SES226	-0.0644202	-4.2191	-4.15468
BLOCK06/SES069/SA069S25	SES270	-1.1811	-5.33578	-4.15468
BLOCK06/SES069/SA069S27	SES087	-0.841789	-5.94002	-5.09823
BLOCK06/SES069/SA069S27	SES206	-0.163884	-5.26211	-5.09823
BLOCK06/SES069/SA069S27	SES226	0.295863	-4.80237	-5.09823
BLOCK06/SES069/SA069S27	SES270	-0.540161	-5.63839	-5.09823
BLOCK08/SES081/SA081S11	SES060	-1.74337	-9.14098	-7.39761
BLOCK08/SES081/SA081S11	SES062	-0.819833	-8.21745	-7.39761
BLOCK08/SES081/SA081S11	SES117	-1.70362	-9.10123	-7.39761
BLOCK08/SES081/SA081S11	SES162	-2.09476	-9.49237	-7.39761
BLOCK08/SES081/SA081S13	SES016	-1.66168	-7.08041	-5.41873
BLOCK08/SES081/SA081S13	SES060	-0.801949	-6.22068	-5.41873
BLOCK08/SES081/SA081S13	SES068	-0.50912	-5.92785	-5.41873
BLOCK08/SES081/SA081S13	SES129	-2.71914	-8.13787	-5.41873
BLOCK08/SES081/SA081S24	SES060	-0.160781	-6.19331	-6.03253
BLOCK08/SES081/SA081S24	SES068	-0.214016	-6.24655	-6.03253
BLOCK08/SES081/SA081S24	SES117	-0.863922	-6.89645	-6.03253
BLOCK08/SES081/SA081S24	SES275	-0.931924	-6.96446	-6.03253
BLOCK08/SES081/SA081S27	SES007	-0.496341	-11.2061	-10.7098
BLOCK08/SES081/SA081S27	SES060	-1.06698	-11.7768	-10.7098
BLOCK08/SES081/SA081S27	SES117	-0.907331	-11.6171	-10.7098
BLOCK08/SES081/SA081S27	SES275	-2.10418	-12.814	-10.7098
BLOCK08/SES081/SA081S29	SES007	0.422968	-9.25488	-9.67784
BLOCK08/SES081/SA081S29	SES060	-0.535173	-10.213	-9.67784
BLOCK08/SES081/SA081S29	SES117	-0.764534	-10.4424	-9.67784
BLOCK08/SES081/SA081S29	SES275	-2.35728	-12.0351	-9.67784
BLOCK08/SES086/SA086S11	SES029	-3.11028	-12.9836	-9.87337
BLOCK08/SES086/SA086S11	SES082	-0.449784	-10.3232	-9.87337
BLOCK08/SES086/SA086S11	SES087	1.15177	-8.72159	-9.87337
BLOCK08/SES086/SA086S11	SES206	-0.813321	-10.6867	-9.87337
BLOCK08/SES086/SA086S12	SES029	-2.09575	-9.72476	-7.62901
BLOCK08/SES086/SA086S12	SES082	-1.15272	-8.78174	-7.62901
BLOCK08/SES086/SA086S12	SES087	0.891465	-6.73755	-7.62901
BLOCK08/SES086/SA086S12	SES206	-0.772162	-8.40117	-7.62901
BLOCK08/SES086/SA086S20	SES029	-1.52374	-8.77141	-7.24767
BLOCK08/SES086/SA086S20	SES082	-0.601315	-7.84899	-7.24767
BLOCK08/SES086/SA086S20	SES087	1.22589	-6.02178	-7.24767
BLOCK08/SES086/SA086S20	SES206	-0.357282	-7.60496	-7.24767
BLOCK08/SES086/SA086S24	SES087	0.149384	-8.15409	-8.30347
BLOCK08/SES086/SA086S24	SES104	0.0897379	-8.21374	-8.30347
BLOCK08/SES086/SA086S24	SES120	0.405764	-7.89771	-8.30347
BLOCK08/SES086/SA086S24	SES206	0.952234	-7.35124	-8.30347
BLOCK08/SES086/SA086S28	SES029	-1.81571	-6.94184	-5.12614
BLOCK08/SES086/SA086S28	SES082	-0.178547	-5.30468	-5.12614
BLOCK08/SES086/SA086S28	SES087	0.424458	-4.70168	-5.12614
BLOCK08/SES086/SA086S28	SES206	-0.189376	-5.31551	-5.12614
BLOCK08/SES089/SA089S13	SES087	-0.426949	-7.91749	-7.49054
BLOCK08/SES089/SA089S13	SES206	-1.39224	-8.88279	-7.49054
BLOCK08/SES089/SA089S13	SES226	-0.402755	-7.8933	-7.49054
BLOCK08/SES089/SA089S13	SES270	-0.590032	-8.08057	-7.49054
BLOCK08/SES089/SA089S14	SES062	-1.26369	-7.8011	-6.53741
BLOCK08/SES089/SA089S14	SES087	0.347732	-6.18968	-6.53741
BLOCK08/SES089/SA089S14	SES206	-0.2585	-6.79591	-6.53741
BLOCK08/SES089/SA089S14	SES226	-1.54813	-8.08554	-6.53741
BLOCK08/SES089/SA089S23	SES087	-0.126071	-9.97736	-9.85129
BLOCK08/SES089/SA089S23	SES206	-1.07337	-10.9247	-9.85129
BLOCK08/SES089/SA089S23	SES226	-2.59383	-12.4451	-9.85129
BLOCK08/SES089/SA089S23	SES270	-2.37844	-12.2297	-9.85129
BLOCK08/SES089/SA089S25	SES062	-2.02729	-8.96813	-6.94084
BLOCK08/SES089/SA089S25	SES087	0.214365	-6.72647	-6.94084
BLOCK08/SES089/SA089S25	SES206	-1.47687	-8.41771	-6.94084
BLOCK08/SES089/SA089S25	SES226	-0.84034	-7.78118	-6.94084
BLOCK08/SES089/SA089S28	SES062	-1.63414	-7.58811	-5.95397
BLOCK08/SES089/SA089S28	SES087	0.328644	-5.62532	-5.95397
BLOCK08/SES089/SA089S28	SES206	-0.814194	-6.76816	-5.95397
BLOCK08/SES089/SA089S28	SES226	-0.674833	-6.6288	-5.95397
BLOCK09/SES097/SA097S11	SES099	0.67422	-4.8686	-5.54282
BLOCK09/SES097/SA097S11	SES125	-0.668971	-6.21179	-5.54282
BLOCK09/SES097/SA097S11	SES206	-0.487601	-6.03042	-5.54282
BLOCK09/SES097/SA097S11	SES226	0.909724	-4.63309	-5.54282
BLOCK09/SES097/SA097S14	SES062	-1.70607	-6.21402	-4.50796
BLOCK09/SES097/SA097S14	SES099	-0.229448	-4.7374	-4.50796
BLOCK09/SES097/SA097S14	SES104	-1.26902	-5.77697	-4.50796
BLOCK09/SES097/SA097S14	SES206	-1.658	-6.16596	-4.50796
BLOCK09/SES097/SA097S22	SES099	1.08948	-4.41308	-5.50256
BLOCK09/SES097/SA097S22	SES206	-0.940991	-6.44355	-5.50256
BLOCK09/SES097/SA097S22	SES226	-1.26914	-6.7717	-5.50256
BLOCK09/SES097/SA097S22	SES270	-0.781577	-6.28413	-5.50256
BLOCK09/SES097/SA097S26	SES099	1.16529	-5.69038	-6.85567
BLOCK09/SES097/SA097S26	SES120	-0.16315	-7.01882	-6.85567
BLOCK09/SES097/SA097S26	SES206	-2.17267	-9.02833	-6.85567
BLOCK09/SES097/SA097S26	SES226	-0.801714	-7.65738	-6.85567
BLOCK09/SES097/SA097S28	SES099	1.44438	-4.08682	-5.5312
BLOCK09/SES097/SA097S28	SES120	-0.00178528	-5.53299	-5.5312
BLOCK09/SES097/SA097S28	SES206	-0.501379	-6.03258	-5.5312
BLOCK09/SES097/SA097S28	SES226	-0.447606	-5.97881	-5.5312
BLOCK09/SES098/SA098S11	SES127	-1.86133	-7.59031	-5.72898
BLOCK09/SES098/SA098S11	SES144	-0.847892	-6.57687	-5.72898
BLOCK09/SES098/SA098S11	SES147	-nan	-nan	-5.72898
BLOCK09/SES098/SA098S11	SES148	-2.39203	-8.12101	-5.72898
BLOCK09/SES098/SA098S12	SES127	-3.00833	-10.9748	-7.96644
BLOCK09/SES098/SA098S12	SES144	-1.39026	-9.3567	-7.96644
BLOCK09/SES098/SA098S12	SES147	-nan	-nan	-7.96644
BLOCK09/SES098/SA098S12	SES189	-1.36159	-9.32803	-7.96644
BLOCK09/SES098/SA098S20	SES127	-4.11333	-13.936	-9.8227
BLOCK09/SES098/SA098S20	SES147	-nan	-nan	-9.8227
BLOCK09/SES098/SA098S20	SES148	-5.0566	-14.8793	-9.8227
BLOCK09/SES098/SA098S20	SES292	-0.888719	-10.7114	-9.8227
BLOCK09/SES098/SA098S23	SES127	-1.19105	-8.34814	-7.1571
BLOCK09/SES098/SA098S23	SES147	-nan	-nan	-7.1571
BLOCK09/SES098/SA098S23	SES187	-0.157123	-7.31422	-7.1571
BLOCK09/SES098/SA098S23	SES292	-1.11602	-8.27312	-7.1571
BLOCK09/SES098/SA098S27	SES127	-3.67059	-11.3043	-7.63368
BLOCK09/SES098/SA098S27	SES147	-nan	-nan	-7.63368
BLOCK09/SES098/SA098S27	SES148	-3.1959	-10.8296	-7.63368
BLOCK09/SES098/SA098S27	SES292	-0.933025	-8.56671	-7.63368
BLOCK10/SES102/SA102S13	SES101	-0.40784	-9.32214	-8.9143
BLOCK10/SES102/SA102S13	SES105	-1.24827	-10.1626	-8.9143
BLOCK10/SES102/SA102S13	SES120	-1.96341	-10.8777	-8.9143
BLOCK10/SES102/SA102S13	SES158	-0.493522	-9.40782	-8.9143
BLOCK10/SES102/SA102S14	SES007	0.467344	-4.02843	-4.49578
BLOCK10/SES102/SA102S14	SES101	-0.905207	-5.40098	-4.49578
BLOCK10/SES102/SA102S14	SES105	-0.711354	-5.20713	-4.49578
BLOCK10/SES102/SA102S14	SES147	-nan	-nan	-4.49578
BLOCK10/SES102/SA102S22	SES007	-0.740976	-6.417	-5.67603
BLOCK10/SES102/SA102S22	SES101	-0.316896	-5.99292	-5.67603
BLOCK10/SES102/SA102S22	SES105	-0.353574	-6.0296	-5.67603
BLOCK10/SES102/SA102S22	SES158	-0.584466	-6.26049	-5.67603
BLOCK10/SES102/SA102S25	SES007	-0.489307	-5.72	-5.23069
BLOCK10/SES102/SA102S25	SES101	-0.254821	-5.48551	-5.23069
BLOCK10/SES102/SA102S25	SES105	-0.84647	-6.07716	-5.23069
BLOCK10/SES102/SA102S25	SES147	-nan	-nan	-5.23069
BLOCK10/SES102/SA102S27	SES007	0.296108	-4.39414	-4.69025
BLOCK10/SES102/SA102S27	SES101	0.49116	-4.19909	-4.69025
BLOCK10/SES102/SA102S27	SES105	-0.845778	-5.53603	-4.69025
BLOCK10/SES102/SA102S27	SES147	-nan	-nan	-4.69025
BLOCK10/SES103/SA103S14	SES105	-0.983705	-11.6022	-10.6185
BLOCK10/SES103/SA103S14	SES106	-1.75598	-12.3745	-10.6185
BLOCK10/SES103/SA103S14	SES120	-1.81762	-12.4361	-10.6185
BLOCK10/SES103/SA103S14	SES206	-1.16926	-11.7878	-10.6185
BLOCK10/SES103/SA103S15	SES099	-2.00515	-12.7929	-10.7878
BLOCK10/SES103/SA103S15	SES101	-1.47898	-12.2667	-10.7878
BLOCK10/SES103/SA103S15	SES104	-1.05459	-11.8423	-10.7878
BLOCK10/SES103/SA103S15	SES125	-4.07895	-14.8667	-10.7878
BLOCK10/SES103/SA103S24	SES104	-0.594708	-7.04325	-6.44854
BLOCK10/SES103/SA103S24	SES125	-3.80565	-10.2542	-6.44854
BLOCK10/SES103/SA103S24	SES148	-2.43745	-8.88599	-6.44854
BLOCK10/SES103/SA103S24	SES158	-1.59371	-8.04225	-6.44854
BLOCK10/SES103/SA103S26	SES104	-0.230722	-9.50918	-9.27846
BLOCK10/SES103/SA103S26	SES106	-0.68347	-9.96193	-9.27846
BLOCK10/SES103/SA103S26	SES125	-1.78849	-11.0669	-9.27846
BLOCK10/SES103/SA103S26	SES148	-4.19861	-13.4771	-9.27846
BLOCK10/SES103/SA103S28	SES104	-1.21882	-11.822	-10.6032
BLOCK10/SES103/SA103S28	SES106	-2.30777	-12.911	-10.6032
BLOCK10/SES103/SA103S28	SES125	-3.72183	-14.325	-10.6032
BLOCK10/SES103/SA103S28	SES206	-3.31729	-13.9205	-10.6032
BLOCK12/SES121/SA121S12	SES042	-2.17626	-9.55928	-7.38302
BLOCK12/SES121/SA121S12	SES087	-1.3703	-8.75331	-7.38302
BLOCK12/SES121/SA121S12	SES105	0.556653	-6.82636	-7.38302
BLOCK12/SES121/SA121S12	SES206	0.411817	-6.9712	-7.38302
BLOCK12/SES121/SA121S14	SES007	-0.848282	-12.6485	-11.8002
BLOCK12/SES121/SA121S14	SES105	-1.17545	-12.9756	-11.8002
BLOCK12/SES121/SA121S14	SES106	-1.00861	-12.8088	-11.8002
BLOCK12/SES121/SA121S14	SES206	-0.594016	-12.3942	-11.8002
BLOCK12/SES121/SA121S23	SES105	-0.635562	-10.514	-9.87843
BLOCK12/SES121/SA121S23	SES106	-1.36786	-11.2463	-9.87843
BLOCK12/SES121/SA121S23	SES120	-0.532121	-10.4105	-9.87843
BLOCK12/SES121/SA121S23	SES206	0.9324	-8.94603	-9.87843
BLOCK12/SES121/SA121S25	SES007	-0.336669	-12.3947	-12.0581
BLOCK12/SES121/SA121S25	SES105	-1.06195	-13.12	-12.0581
BLOCK12/SES121/SA121S25	SES106	-0.13634	-12.1944	-12.0581
BLOCK12/SES121/SA121S25	SES206	-0.203222	-12.2613	-12.0581
BLOCK12/SES121/SA121S27	SES087	-0.168226	-11.7704	-11.6022
BLOCK12/SES121/SA121S27	SES105	-1.74099	-13.3432	-11.6022
BLOCK12/SES121/SA121S27	SES120	0.310965	-11.2913	-11.6022
BLOCK12/SES121/SA121S27	SES206	-0.228492	-11.8307	-11.6022
BLOCK12/SES124/SA124S16	SES042	-0.288722	-5.45136	-5.16264
BLOCK12/SES124/SA124S16	SES082	-1.2361	-6.39873	-5.16264
BLOCK12/SES124/SA124S16	SES183	-0.280676	-5.44331	-5.16264
BLOCK12/SES124/SA124S16	SES206	-1.23357	-6.3962	-5.16264
BLOCK12/SES124/SA124S17	SES105	-1.30741	-9.11717	-7.80975
BLOCK12/SES124/SA124S17	SES149	-0.827751	-8.63751	-7.80975
BLOCK12/SES124/SA124S17	SES158	-1.57132	-9.38108	-7.80975
BLOCK12/SES124/SA124S17	SES275	-1.21786	-9.02761	-7.80975
BLOCK12/SES124/SA124S23	SES105	-1.27086	-5.56344	-4.29257
BLOCK12/SES124/SA124S23	SES125	1.94338	-2.34919	-4.29257
BLOCK12/SES124/SA124S23	SES129	-1.20106	-5.49363	-4.29257
BLOCK12/SES124/SA124S23	SES158	-0.11753	-4.4101	-4.29257
BLOCK12/SES124/SA124S26	SES105	-1.80845	-8.4247	-6.61625
BLOCK12/SES124/SA124S26	SES125	-0.0640955	-6.68034	-6.61625
BLOCK12/SES124/SA124S26	SES129	-1.66766	-8.28391	-6.61625
BLOCK12/SES124/SA124S26	SES158	-0.605384	-7.22163	-6.61625
BLOCK12/SES124/SA124S28	SES104	0.226519	-5.14704	-5.37356
BLOCK12/SES124/SA124S28	SES106	0.0840697	-5.28949	-5.37356
BLOCK12/SES124/SA124S28	SES125	1.33003	-4.04353	-5.37356
BLOCK12/SES124/SA124S28	SES275	-1.52365	-6.89721	-5.37356
BLOCK12/SES126/SA126S13	SES007	-0.418235	-8.20601	-7.78777
BLOCK12/SES126/SA126S13	SES162	-1.31521	-9.10299	-7.78777
BLOCK12/SES126/SA126S13	SES177	-0.631042	-8.41882	-7.78777
BLOCK12/SES126/SA126S13	SES180	-0.99364	-8.78141	-7.78777
BLOCK12/SES126/SA126S14	SES144	-0.622649	-6.22536	-5.60271
BLOCK12/SES126/SA126S14	SES148	-1.5764	-7.17911	-5.60271
BLOCK12/SES126/SA126S14	SES177	-0.508482	-6.11119	-5.60271
BLOCK12/SES126/SA126S14	SES180	-0.303904	-5.90661	-5.60271
BLOCK12/SES126/SA126S20	SES007	-0.375326	-3.94219	-3.56687
BLOCK12/SES126/SA126S20	SES162	-0.649252	-4.21612	-3.56687
BLOCK12/SES126/SA126S20	SES172	-0.345267	-3.91213	-3.56687
BLOCK12/SES126/SA126S20	SES180	0.16233	-3.40454	-3.56687
BLOCK12/SES126/SA126S24	SES120	0.284028	-4.96887	-5.2529
BLOCK12/SES126/SA126S24	SES162	-0.550183	-5.80308	-5.2529
BLOCK12/SES126/SA126S24	SES177	0.363509	-4.88939	-5.2529
BLOCK12/SES126/SA126S24	SES180	-0.45226	-5.70516	-5.2529
BLOCK12/SES126/SA126S26	SES120	0.418786	-4.33703	-4.75582
BLOCK12/SES126/SA126S26	SES177	-0.909283	-5.6651	-4.75582
BLOCK12/SES126/SA126S26	SES180	0.0704193	-4.6854	-4.75582
BLOCK12/SES126/SA126S26	SES202	-0.739293	-5.49511	-4.75582
BLOCK12/SES128/SA128S10	SES087	-0.62612	-6.42083	-5.79471
BLOCK12/SES128/SA128S10	SES206	-0.0270224	-5.82173	-5.79471
BLOCK12/SES128/SA128S10	SES226	-0.278246	-6.07295	-5.79471
BLOCK12/SES128/SA128S10	SES270	-0.630414	-6.42512	-5.79471
BLOCK12/SES128/SA128S12	SES120	0.647369	-7.02309	-7.67046
BLOCK12/SES128/SA128S12	SES158	-1.0217	-8.69216	-7.67046
BLOCK12/SES128/SA128S12	SES206	0.286091	-7.38437	-7.67046
BLOCK12/SES128/SA128S12	SES226	-1.51648	-9.18694	-7.67046
BLOCK12/SES128/SA128S21	SES106	-3.08046	-8.9021	-5.82164
BLOCK12/SES128/SA128S21	SES120	0.0687523	-5.75289	-5.82164
BLOCK12/SES128/SA128S21	SES206	-1.6054	-7.42704	-5.82164
BLOCK12/SES128/SA128S21	SES226	-1.42598	-7.24761	-5.82164
BLOCK12/SES128/SA128S24	SES087	-0.234079	-8.24633	-8.01225
BLOCK12/SES128/SA128S24	SES120	0.507602	-7.50465	-8.01225
BLOCK12/SES128/SA128S24	SES206	-0.204906	-8.21716	-8.01225
BLOCK12/SES128/SA128S24	SES226	-1.23817	-9.25042	-8.01225
BLOCK12/SES128/SA128S27	SES099	0.260474	-6.12804	-6.38852
BLOCK12/SES128/SA128S27	SES120	0.367987	-6.02053	-6.38852
BLOCK12/SES128/SA128S27	SES206	-0.117909	-6.50643	-6.38852
BLOCK12/SES128/SA128S27	SES226	-0.275108	-6.66363	-6.38852
BLOCK13/SES130/SA130S13	SES143	0.301112	-6.65574	-6.95685
BLOCK13/SES130/SA130S13	SES144	0.520144	-6.4367	-6.95685
BLOCK13/SES130/SA130S13	SES146	-0.516841	-7.47369	-6.95685
BLOCK13/SES130/SA130S13	SES275	-1.05028	-8.00712	-6.95685
BLOCK13/SES130/SA130S15	SES143	-0.126954	-4.47476	-4.34781
BLOCK13/SES130/SA130S15	SES144	0.0894842	-4.25833	-4.34781
BLOCK13/SES130/SA130S15	SES146	-0.0781293	-4.42594	-4.34781
BLOCK13/SES130/SA130S15	SES275	-0.815183	-5.16299	-4.34781
BLOCK13/SES130/SA130S23	SES127	-0.0376086	-4.31034	-4.27273
BLOCK13/SES130/SA130S23	SES144	0.98404	-3.28869	-4.27273
BLOCK13/SES130/SA130S23	SES146	-0.332405	-4.60513	-4.27273
BLOCK13/SES130/SA130S23	SES162	-0.0834661	-4.35619	-4.27273
BLOCK13/SES130/SA130S25	SES127	-0.250506	-2.30567	-2.05517
BLOCK13/SES130/SA130S25	SES144	0.30189	-1.75328	-2.05517
BLOCK13/SES130/SA130S25	SES146	0.294629	-1.76054	-2.05517
BLOCK13/SES130/SA130S25	SES275	-0.636935	-2.6921	-2.05517
BLOCK13/SES130/SA130S28	SES127	-0.643681	-5.30608	-4.6624
BLOCK13/SES130/SA130S28	SES144	-1.25352	-5.91591	-4.6624
BLOCK13/SES130/SA130S28	SES146	-0.676622	-5.33902	-4.6624
BLOCK13/SES130/SA130S28	SES275	-0.39158	-5.05398	-4.6624
BLOCK13/SES131/SA131S13	SES002	-2.3974	-8.58944	-6.19204
BLOCK13/SES131/SA131S13	SES007	-1.61065	-7.80269	-6.19204
BLOCK13/SES131/SA131S13	SES099	-0.884991	-7.07703	-6.19204
BLOCK13/SES131/SA131S13	SES105	-0.961679	-7.15372	-6.19204
BLOCK13/SES131/SA131S14	SES104	-0.294901	-2.33343	-2.03853
BLOCK13/SES131/SA131S14	SES106	-2.4709	-4.50943	-2.03853
BLOCK13/SES131/SA131S14	SES125	-1.67024	-3.70877	-2.03853
BLOCK13/SES131/SA131S14	SES148	0.0782752	-1.96026	-2.03853
BLOCK13/SES131/SA131S20	SES104	-2.52669	-10.7029	-8.1762
BLOCK13/SES131/SA131S20	SES106	-1.67819	-9.85439	-8.1762
BLOCK13/SES131/SA131S20	SES125	-2.04231	-10.2185	-8.1762
BLOCK13/SES131/SA131S20	SES148	-2.10526	-10.2815	-8.1762
BLOCK13/SES131/SA131S22	SES099	-1.56679	-6.79424	-5.22745
BLOCK13/SES131/SA131S22	SES104	-0.660001	-5.88745	-5.22745
BLOCK13/SES131/SA131S22	SES125	-0.245133	-5.47258	-5.22745
BLOCK13/SES131/SA131S22	SES206	-1.07588	-6.30333	-5.22745
BLOCK13/SES131/SA131S29	SES087	-1.64781	-8.67516	-7.02735
BLOCK13/SES131/SA131S29	SES104	-3.176	-10.2034	-7.02735
BLOCK13/SES131/SA131S29	SES125	-5.13876	-12.1661	-7.02735
BLOCK13/SES131/SA131S29	SES206	-3.14657	-10.1739	-7.02735
BLOCK13/SES132/SA132S11	SES083	-0.641024	-8.98166	-8.34064
BLOCK13/SES132/SA132S11	SES120	0.760442	-7.5802	-8.34064
BLOCK13/SES132/SA132S11	SES127	-2.43358	-10.7742	-8.34064
BLOCK13/SES132/SA132S11	SES275	-0.668461	-9.0091	-8.34064
BLOCK13/SES132/SA132S12	SES083	-1.31503	-6.14886	-4.83383
BLOCK13/SES132/SA132S12	SES143	-1.24114	-6.07497	-4.83383
BLOCK13/SES132/SA132S12	SES144	-0.736201	-5.57003	-4.83383
BLOCK13/SES132/SA132S12	SES148	-0.539396	-5.37322	-4.83383
BLOCK13/SES132/SA132S22	SES062	-0.346043	-7.12767	-6.78162
BLOCK13/SES132/SA132S22	SES083	-0.686643	-7.46827	-6.78162
BLOCK13/SES132/SA132S22	SES127	-1.18432	-7.96595	-6.78162
BLOCK13/SES132/SA132S22	SES275	-0.30361	-7.08523	-6.78162
BLOCK13/SES132/SA132S24	SES007	-0.332792	-5.43051	-5.09772
BLOCK13/SES132/SA132S24	SES083	-0.999151	-6.09687	-5.09772
BLOCK13/SES132/SA132S24	SES127	-2.55748	-7.6552	-5.09772
BLOCK13/SES132/SA132S24	SES275	-0.759202	-5.85692	-5.09772
BLOCK13/SES132/SA132S27	SES083	-2.13829	-10.1089	-7.97064
BLOCK13/SES132/SA132S27	SES120	0.890718	-7.07993	-7.97064
BLOCK13/SES132/SA132S27	SES127	-5.50105	-13.4717	-7.97064
BLOCK13/SES132/SA132S27	SES275	-2.016	-9.98665	-7.97064
BLOCK14/SES141/SA141S09	SES143	-0.688268	-5.17825	-4.48998
BLOCK14/SES141/SA141S09	SES144	-0.11355	-4.60353	-4.48998
BLOCK14/SES141/SA141S09	SES162	-0.354452	-4.84443	-4.48998
BLOCK14/SES141/SA141S09	SES180	-0.183559	-4.67354	-4.48998
BLOCK14/SES141/SA141S15	SES127	-0.56931	-6.44608	-5.87677
BLOCK14/SES141/SA141S15	SES144	-0.591374	-6.46815	-5.87677
BLOCK14/SES141/SA141S15	SES162	-1.32457	-7.20134	-5.87677
BLOCK14/SES141/SA141S15	SES180	-0.287236	-6.16401	-5.87677
BLOCK14/SES141/SA141S24	SES127	-1.09932	-7.56422	-6.46489
BLOCK14/SES141/SA141S24	SES144	-1.50888	-7.97377	-6.46489
BLOCK14/SES141/SA141S24	SES162	-0.459005	-6.9239	-6.46489
BLOCK14/SES141/SA141S24	SES183	-0.820982	-7.28588	-6.46489
BLOCK14/SES141/SA141S26	SES142	0.127565	-6.32656	-6.45412
BLOCK14/SES141/SA141S26	SES144	-1.1702	-7.62432	-6.45412
BLOCK14/SES141/SA141S26	SES172	-0.149729	-6.60385	-6.45412
BLOCK14/SES141/SA141S26	SES180	-0.272175	-6.7263	-6.45412
BLOCK14/SES141/SA141S29	SES127	0.0413122	-4.64633	-4.68764
BLOCK14/SES141/SA141S29	SES142	0.778161	-3.90948	-4.68764
BLOCK14/SES141/SA141S29	SES144	-0.144658	-4.8323	-4.68764
BLOCK14/SES141/SA141S29	SES180	0.0408754	-4.64677	-4.68764
BLOCK15/SES157/SA157S08	SES083	-1.28827	-5.52235	-4.23408
BLOCK15/SES157/SA157S08	SES127	-0.99964	-5.23372	-4.23408
BLOCK15/SES157/SA157S08	SES148	-0.828488	-5.06257	-4.23408
BLOCK15/SES157/SA157S08	SES292	-1.30865	-5.54273	-4.23408
BLOCK15/SES157/SA157S11	SES083	-1.12226	-5.77555	-4.6533
BLOCK15/SES157/SA157S11	SES127	-1.72139	-6.37469	-4.6533
BLOCK15/SES157/SA157S11	SES148	-2.33648	-6.98978	-4.6533
BLOCK15/SES157/SA157S11	SES292	-1.30962	-5.96291	-4.6533
BLOCK15/SES157/SA157S21	SES127	0.253285	-2.30115	-2.55444
BLOCK15/SES157/SA157S21	SES148	0.113337	-2.4411	-2.55444
BLOCK15/SES157/SA157S21	SES158	-4.26884	-6.82328	-2.55444
BLOCK15/SES157/SA157S21	SES292	-0.753134	-3.30757	-2.55444
BLOCK15/SES157/SA157S24	SES127	-1.67693	-7.42829	-5.75136
BLOCK15/SES157/SA157S24	SES148	-1.3673	-7.11866	-5.75136
BLOCK15/SES157/SA157S24	SES183	-1.29125	-7.04261	-5.75136
BLOCK15/SES157/SA157S24	SES292	-1.55557	-7.30693	-5.75136
BLOCK15/SES157/SA157S26	SES007	-0.714432	-4.85106	-4.13663
BLOCK15/SES157/SA157S26	SES127	-0.172833	-4.30946	-4.13663
BLOCK15/SES157/SA157S26	SES147	-nan	-nan	-4.13663
BLOCK15/SES157/SA157S26	SES148	-0.982887	-5.11952	-4.13663
BLOCK16/SES161/SA161S10	SES007	-0.785958	-7.28154	-6.49558
BLOCK16/SES161/SA161S10	SES105	-0.154376	-6.64996	-6.49558
BLOCK16/SES161/SA161S10	SES158	-0.745399	-7.24098	-6.49558
BLOCK16/SES161/SA161S10	SES275	-0.424795	-6.92038	-6.49558
BLOCK16/SES161/SA161S12	SES007	-1.87922	-11.7776	-9.89841
BLOCK16/SES161/SA161S12	SES105	-1.24445	-11.1429	-9.89841
BLOCK16/SES161/SA161S12	SES158	-1.323	-11.2214	-9.89841
BLOCK16/SES161/SA161S12	SES275	-1.19063	-11.089	-9.89841
BLOCK16/SES161/SA161S20	SES007	-0.774679	-11.0565	-10.2818
BLOCK16/SES161/SA161S20	SES105	-1.16156	-11.4434	-10.2818
BLOCK16/SES161/SA161S20	SES158	0.640965	-9.64083	-10.2818
BLOCK16/SES161/SA161S20	SES275	-1.99463	-12.2764	-10.2818
BLOCK16/SES161/SA161S23	SES007	-3.35404	-14.6601	-11.3061
BLOCK16/SES161/SA161S23	SES105	-0.211572	-11.5177	-11.3061
BLOCK16/SES161/SA161S23	SES148	-0.894698	-12.2008	-11.3061
BLOCK16/SES161/SA161S23	SES158	-2.58383	-13.8899	-11.3061
BLOCK16/SES161/SA161S28	SES007	-0.552888	-10.1283	-9.57537
BLOCK16/SES161/SA161S28	SES105	-1.89135	-11.4667	-9.57537
BLOCK16/SES161/SA161S28	SES158	-0.0114136	-9.58679	-9.57537
BLOCK16/SES161/SA161S28	SES206	-0.52794	-10.1033	-9.57537
BLOCK16/SES164/SA164S11	SES104	-0.0121403	-4.77426	-4.76212
BLOCK16/SES164/SA164S11	SES125	0.480256	-4.28186	-4.76212
BLOCK16/SES164/SA164S11	SES158	-2.15299	-6.9151	-4.76212
BLOCK16/SES164/SA164S11	SES206	0.0740175	-4.6881	-4.76212
BLOCK16/SES164/SA164S13	SES099	-1.87014	-7.18627	-5.31613
BLOCK16/SES164/SA164S13	SES104	-1.20889	-6.52502	-5.31613
BLOCK16/SES164/SA164S13	SES125	-3.03689	-8.35302	-5.31613
BLOCK16/SES164/SA164S13	SES206	-1.6598	-6.97594	-5.31613
BLOCK16/SES164/SA164S24	SES002	-0.0704765	-4.67415	-4.60367
BLOCK16/SES164/SA164S24	SES099	-0.758064	-5.36173	-4.60367
BLOCK16/SES164/SA164S24	SES125	-0.290409	-4.89408	-4.60367
BLOCK16/SES164/SA164S24	SES226	-0.0689869	-4.67266	-4.60367
BLOCK16/SES164/SA164S27	SES087	-0.450873	-6.43981	-5.98893
BLOCK16/SES164/SA164S27	SES125	-1.6664	-7.65533	-5.98893
BLOCK16/SES164/SA164S27	SES206	-1.43842	-7.42735	-5.98893
BLOCK16/SES164/SA164S27	SES226	-1.3871	-7.37604	-5.98893
BLOCK16/SES164/SA164S29	SES002	-0.544591	-4.83524	-4.29065
BLOCK16/SES164/SA164S29	SES019	-nan	-nan	-4.29065
BLOCK16/SES164/SA164S29	SES125	-1.22806	-5.51871	-4.29065
BLOCK16/SES164/SA164S29	SES226	-1.17038	-5.46103	-4.29065
BLOCK16/SES169/SA169S13	SES117	-0.833191	-7.53547	-6.70228
BLOCK16/SES169/SA169S13	SES144	-0.796396	-7.49868	-6.70228
BLOCK16/SES169/SA169S13	SES146	-0.595702	-7.29799	-6.70228
BLOCK16/SES169/SA169S13	SES162	-0.594202	-7.29649	-6.70228
BLOCK16/SES169/SA169S14	SES144	-0.578027	-3.77395	-3.19592
BLOCK16/SES169/SA169S14	SES148	-0.657609	-3.85353	-3.19592
BLOCK16/SES169/SA169S14	SES177	-0.314693	-3.51062	-3.19592
BLOCK16/SES169/SA169S14	SES180	-0.888887	-4.08481	-3.19592
BLOCK16/SES169/SA169S24	SES117	-0.222126	-6.1705	-5.94837
BLOCK16/SES169/SA169S24	SES144	-0.544229	-6.4926	-5.94837
BLOCK16/SES169/SA169S24	SES146	-0.51325	-6.46162	-5.94837
BLOCK16/SES169/SA169S24	SES162	-0.348697	-6.29707	-5.94837
BLOCK16/SES169/SA169S27	SES127	-1.1224	-7.11882	-5.99643
BLOCK16/SES169/SA169S27	SES129	-0.346241	-6.34267	-5.99643
BLOCK16/SES169/SA169S27	SES144	-0.871206	-6.86763	-5.99643
BLOCK16/SES169/SA169S27	SES146	-0.629332	-6.62576	-5.99643
BLOCK16/SES169/SA169S29	SES144	-0.281935	-3.55596	-3.27402
BLOCK16/SES169/SA169S29	SES162	-0.194029	-3.46805	-3.27402
BLOCK16/SES169/SA169S29	SES177	-0.540054	-3.81408	-3.27402
BLOCK16/SES169/SA169S29	SES180	-0.354274	-3.6283	-3.27402
BLOCK17/SES171/SA171S12	SES083	-1.50076	-7.02041	-5.51965
BLOCK17/SES171/SA171S12	SES148	-2.05529	-7.57494	-5.51965
BLOCK17/SES171/SA171S12	SES172	-1.58796	-7.10761	-5.51965
BLOCK17/SES171/SA171S12	SES292	-3.05586	-8.57551	-5.51965
BLOCK17/SES171/SA171S15	SES148	-2.12918	-8.12104	-5.99186
BLOCK17/SES171/SA171S15	SES177	-1.71534	-7.7072	-5.99186
BLOCK17/SES171/SA171S15	SES180	-3.47661	-9.46847	-5.99186
BLOCK17/SES171/SA171S15	SES292	-2.32389	-8.31575	-5.99186
BLOCK17/SES171/SA171S22	SES007	-0.561934	-3.08524	-2.52331
BLOCK17/SES171/SA171S22	SES148	-0.107216	-2.63052	-2.52331
BLOCK17/SES171/SA171S22	SES177	-0.348175	-2.87148	-2.52331
BLOCK17/SES171/SA171S22	SES180	-1.34269	-3.866	-2.52331
BLOCK17/SES171/SA171S25	SES101	-1.72833	-8.4254	-6.69707
BLOCK17/SES171/SA171S25	SES120	-2.61593	-9.313	-6.69707
BLOCK17/SES171/SA171S25	SES177	-1.30859	-8.00566	-6.69707
BLOCK17/SES171/SA171S25	SES180	-1.55828	-8.25535	-6.69707
BLOCK17/SES171/SA171S27	SES177	-1.28842	-7.82294	-6.53452
BLOCK17/SES171/SA171S27	SES180	-2.08392	-8.61844	-6.53452
BLOCK17/SES171/SA171S27	SES189	-0.656537	-7.19106	-6.53452
BLOCK17/SES171/SA171S27	SES292	-1.65215	-8.18667	-6.53452
BLOCK17/SES173/SA173S13	SES162	-3.47669	-9.72264	-6.24595
BLOCK17/SES173/SA173S13	SES177	-0.908257	-7.15421	-6.24595
BLOCK17/SES173/SA173S13	SES180	-1.30386	-7.54981	-6.24595
BLOCK17/SES173/SA173S13	SES292	0.366185	-5.87977	-6.24595
BLOCK17/SES173/SA173S14	SES007	-1.21198	-6.7691	-5.55712
BLOCK17/SES173/SA173S14	SES162	-2.1972	-7.75433	-5.55712
BLOCK17/SES173/SA173S14	SES177	-0.370507	-5.92763	-5.55712
BLOCK17/SES173/SA173S14	SES180	-1.22278	-6.7799	-5.55712
BLOCK17/SES173/SA173S24	SES144	-1.95971	-8.26493	-6.30522
BLOCK17/SES173/SA173S24	SES162	-1.53941	-7.84463	-6.30522
BLOCK17/SES173/SA173S24	SES177	0.207498	-6.09773	-6.30522
BLOCK17/SES173/SA173S24	SES180	-1.51622	-7.82144	-6.30522
BLOCK17/SES173/SA173S27	SES162	-3.15374	-10.1698	-7.01604
BLOCK17/SES173/SA173S27	SES177	-0.508924	-7.52496	-7.01604
BLOCK17/SES173/SA173S27	SES180	-1.51025	-8.52629	-7.01604
BLOCK17/SES173/SA173S27	SES292	-0.39667	-7.41271	-7.01604
BLOCK17/SES173/SA173S29	SES162	-1.7819	-5.41488	-3.63299
BLOCK17/SES173/SA173S29	SES175	-0.671932	-4.30492	-3.63299
BLOCK17/SES173/SA173S29	SES177	-0.634622	-4.26761	-3.63299
BLOCK17/SES173/SA173S29	SES292	-1.26498	-4.89797	-3.63299
BLOCK18/SES182/SA182S10	SES144	-0.94281	-7.04525	-6.10244
BLOCK18/SES182/SA182S10	SES177	-0.802747	-6.90519	-6.10244
BLOCK18/SES182/SA182S10	SES180	-1.46129	-7.56373	-6.10244
BLOCK18/SES182/SA182S10	SES275	-0.54682	-6.64926	-6.10244
BLOCK18/SES182/SA182S12	SES144	-1.51333	-7.47627	-5.96294
BLOCK18/SES182/SA182S12	SES177	-1.69787	-7.66082	-5.96294
BLOCK18/SES182/SA182S12	SES180	-2.46078	-8.42372	-5.96294
BLOCK18/SES182/SA182S12	SES275	-0.160825	-6.12377	-5.96294
BLOCK18/SES182/SA182S21	SES117	-1.12261	-9.02089	-7.89828
BLOCK18/SES182/SA182S21	SES144	-1.04243	-8.94072	-7.89828
BLOCK18/SES182/SA182S21	SES162	-0.734996	-8.63328	-7.89828
BLOCK18/SES182/SA182S21	SES180	-2.15833	-10.0566	-7.89828
BLOCK18/SES182/SA182S23	SES117	-1.46452	-11.3806	-9.9161
BLOCK18/SES182/SA182S23	SES144	-3.77497	-13.6911	-9.9161
BLOCK18/SES182/SA182S23	SES180	-4.29661	-14.2127	-9.9161
BLOCK18/SES182/SA182S23	SES275	-2.52564	-12.4417	-9.9161
BLOCK18/SES182/SA182S25	SES007	0.42843	-6.19018	-6.61861
BLOCK18/SES182/SA182S25	SES162	-0.735705	-7.35431	-6.61861
BLOCK18/SES182/SA182S25	SES177	-0.759248	-7.37786	-6.61861
BLOCK18/SES182/SA182S25	SES180	-2.33407	-8.95268	-6.61861
BLOCK18/SES184/SA184S12	SES177	-0.292002	-4.68667	-4.39467
BLOCK18/SES184/SA184S12	SES180	-0.274856	-4.66952	-4.39467
BLOCK18/SES184/SA184S12	SES189	-1.77712	-6.17179	-4.39467
BLOCK18/SES184/SA184S12	SES292	0.0484009	-4.34627	-4.39467
BLOCK18/SES184/SA184S13	SES101	-1.00224	-6.24471	-5.24247
BLOCK18/SES184/SA184S13	SES177	-0.508872	-5.75135	-5.24247
BLOCK18/SES184/SA184S13	SES180	-0.634398	-5.87687	-5.24247
BLOCK18/SES184/SA184S13	SES292	-0.556096	-5.79857	-5.24247
BLOCK18/SES184/SA184S22	SES177	-0.444649	-5.04922	-4.60457
BLOCK18/SES184/SA184S22	SES180	0.116966	-4.4876	-4.60457
BLOCK18/SES184/SA184S22	SES189	-1.06524	-5.66981	-4.60457
BLOCK18/SES184/SA184S22	SES292	-0.634005	-5.23857	-4.60457
BLOCK18/SES184/SA184S25	SES101	-0.578694	-4.27466	-3.69597
BLOCK18/SES184/SA184S25	SES177	-0.86234	-4.55831	-3.69597
BLOCK18/SES184/SA184S25	SES180	-0.0395508	-3.73552	-3.69597
BLOCK18/SES184/SA184S25	SES292	-0.32486	-4.02083	-3.69597
BLOCK18/SES184/SA184S27	SES083	-1.02613	-5.12541	-4.09928
BLOCK18/SES184/SA184S27	SES177	-0.999014	-5.0983	-4.09928
BLOCK18/SES184/SA184S27	SES202	-0.970208	-5.06949	-4.09928
BLOCK18/SES184/SA184S27	SES292	-1.21715	-5.31643	-4.09928
BLOCK20/SES204/SA204S12	SES062	-0.315281	-5.59475	-5.27947
BLOCK20/SES204/SA204S12	SES083	-1.46187	-6.74134	-5.27947
BLOCK20/SES204/SA204S12	SES206	-0.0594487	-5.33892	-5.27947
BLOCK20/SES204/SA204S12	SES226	-0.78986	-6.06933	-5.27947
BLOCK20/SES204/SA204S14	SES068	0.244026	-3.48551	-3.72953
BLOCK20/SES204/SA204S14	SES087	0.526236	-3.2033	-3.72953
BLOCK20/SES204/SA204S14	SES206	0.0743208	-3.65521	-3.72953
BLOCK20/SES204/SA204S14	SES226	-0.925758	-4.65529	-3.72953
BLOCK20/SES204/SA204S22	SES068	-0.604861	-5.96217	-5.35731
BLOCK20/SES204/SA204S22	SES082	-1.11228	-6.46958	-5.35731
BLOCK20/SES204/SA204S22	SES083	-1.79495	-7.15225	-5.35731
BLOCK20/SES204/SA204S22	SES206	0.229919	-5.12739	-5.35731
BLOCK20/SES204/SA204S25	SES062	-0.0562592	-5.71251	-5.65625
BLOCK20/SES204/SA204S25	SES083	-1.31309	-6.96934	-5.65625
BLOCK20/SES204/SA204S25	SES206	-0.552999	-6.20925	-5.65625
BLOCK20/SES204/SA204S25	SES226	-0.458005	-6.11425	-5.65625
BLOCK20/SES204/SA204S27	SES068	-0.914433	-7.28381	-6.36937
BLOCK20/SES204/SA204S27	SES082	-1.35877	-7.72814	-6.36937
BLOCK20/SES204/SA204S27	SES087	0.907238	-5.46213	-6.36937
BLOCK20/SES204/SA204S27	SES206	-0.579391	-6.94876	-6.36937
BLOCK20/SES207/SA207S10	SES127	-1.18376	-6.05076	-4.867
BLOCK20/SES207/SA207S10	SES183	-0.120183	-4.98718	-4.867
BLOCK20/SES207/SA207S10	SES189	-0.207264	-5.07427	-4.867
BLOCK20/SES207/SA207S10	SES292	-0.856986	-5.72399	-4.867
BLOCK20/SES207/SA207S11	SES127	-1.1746	-5.72173	-4.54713
BLOCK20/SES207/SA207S11	SES183	-0.704647	-5.25178	-4.54713
BLOCK20/SES207/SA207S11	SES187	-0.614065	-5.1612	-4.54713
BLOCK20/SES207/SA207S11	SES292	-0.658344	-5.20548	-4.54713
BLOCK20/SES207/SA207S25	SES068	-0.653699	-6.95744	-6.30374
BLOCK20/SES207/SA207S25	SES083	-1.22615	-7.52989	-6.30374
BLOCK20/SES207/SA207S25	SES127	-0.048131	-6.35188	-6.30374
BLOCK20/SES207/SA207S25	SES187	-0.606531	-6.91028	-6.30374
BLOCK20/SES207/SA207S27	SES127	-1.24099	-8.60672	-7.36573
BLOCK20/SES207/SA207S27	SES183	-0.883329	-8.24906	-7.36573
BLOCK20/SES207/SA207S27	SES187	-0.62859	-7.99432	-7.36573
BLOCK20/SES207/SA207S27	SES292	-1.21174	-8.57746	-7.36573
BLOCK20/SES207/SA207S29	SES083	-1.91856	-5.8483	-3.92974
BLOCK20/SES207/SA207S29	SES085	-0.963258	-4.893	-3.92974
BLOCK20/SES207/SA207S29	SES172	0.576048	-3.35369	-3.92974
BLOCK20/SES207/SA207S29	SES189	-3.00017	-6.92991	-3.92974
BLOCK22/SES221/SA221S12	SES068	0.515643	-4.54233	-5.05797
BLOCK22/SES221/SA221S12	SES143	-0.0540667	-5.11204	-5.05797
BLOCK22/SES221/SA221S12	SES175	0.00332689	-5.05464	-5.05797
BLOCK22/SES221/SA221S12	SES202	-0.133508	-5.19148	-5.05797
BLOCK22/SES221/SA221S15	SES085	-0.871116	-6.0609	-5.18979
BLOCK22/SES221/SA221S15	SES143	-0.625363	-5.81515	-5.18979
BLOCK22/SES221/SA221S15	SES175	-1.06343	-6.25322	-5.18979
BLOCK22/SES221/SA221S15	SES187	-1.10142	-6.29121	-5.18979
BLOCK22/SES221/SA221S23	SES068	0.37992	-5.30224	-5.68216
BLOCK22/SES221/SA221S23	SES143	-1.06924	-6.7514	-5.68216
BLOCK22/SES221/SA221S23	SES175	-0.491914	-6.17407	-5.68216
BLOCK22/SES221/SA221S23	SES189	-1.00848	-6.69064	-5.68216
BLOCK22/SES221/SA221S27	SES085	0.160472	-5.48019	-5.64066
BLOCK22/SES221/SA221S27	SES143	-0.650113	-6.29077	-5.64066
BLOCK22/SES221/SA221S27	SES175	-0.338491	-5.97915	-5.64066
BLOCK22/SES221/SA221S27	SES189	-1.20377	-6.84443	-5.64066
BLOCK22/SES221/SA221S29	SES085	-0.168851	-8.59702	-8.42817
BLOCK22/SES221/SA221S29	SES143	-0.460034	-8.8882	-8.42817
BLOCK22/SES221/SA221S29	SES175	0.541811	-7.88636	-8.42817
BLOCK22/SES221/SA221S29	SES187	-0.957677	-9.38585	-8.42817
BLOCK22/SES223/SA223S11	SES143	-0.42903	-7.58067	-7.15164
BLOCK22/SES223/SA223S11	SES144	-2.49701	-9.64865	-7.15164
BLOCK22/SES223/SA223S11	SES175	-0.65167	-7.80331	-7.15164
BLOCK22/SES223/SA223S11	SES187	-1.15343	-8.30507	-7.15164
BLOCK22/SES223/SA223S13	SES068	-0.468792	-8.78607	-8.31727
BLOCK22/SES223/SA223S13	SES143	-1.17194	-9.48921	-8.31727
BLOCK22/SES223/SA223S13	SES146	-0.603687	-8.92096	-8.31727
BLOCK22/SES223/SA223S13	SES202	-0.709555	-9.02683	-8.31727
BLOCK22/SES223/SA223S22	SES143	-0.751404	-6.10957	-5.35816
BLOCK22/SES223/SA223S22	SES144	-1.69263	-7.05079	-5.35816
BLOCK22/SES223/SA223S22	SES175	-1.12122	-6.47938	-5.35816
BLOCK22/SES223/SA223S22	SES187	-0.438318	-5.79648	-5.35816
BLOCK22/SES223/SA223S25	SES068	-0.390802	-6.69463	-6.30383
BLOCK22/SES223/SA223S25	SES143	-0.811744	-7.11557	-6.30383
BLOCK22/SES223/SA223S25	SES175	-0.444241	-6.74807	-6.30383
BLOCK22/SES223/SA223S25	SES187	-0.409966	-6.71379	-6.30383
BLOCK22/SES223/SA223S27	SES143	0.166392	-7.99204	-8.15843
BLOCK22/SES223/SA223S27	SES146	-1.57622	-9.73465	-8.15843
BLOCK22/SES223/SA223S27	SES187	-0.666182	-8.82461	-8.15843
BLOCK22/SES223/SA223S27	SES292	-0.555081	-8.71351	-8.15843
BLOCK27/SES273/SA273S12	SES099	0.483778	-6.17442	-6.6582
BLOCK27/SES273/SA273S12	SES104	0.0553098	-6.60289	-6.6582
BLOCK27/SES273/SA273S12	SES125	-0.282476	-6.94067	-6.6582
BLOCK27/SES273/SA273S12	SES206	1.10547	-5.55273	-6.6582
BLOCK27/SES273/SA273S13	SES099	-0.18297	-3.11316	-2.93019
BLOCK27/SES273/SA273S13	SES104	-0.300883	-3.23107	-2.93019
BLOCK27/SES273/SA273S13	SES206	-0.492203	-3.42239	-2.93019
BLOCK27/SES273/SA273S13	SES292	0.037694	-2.89249	-2.93019
BLOCK27/SES273/SA273S21	SES099	-0.504478	-4.71415	-4.20967
BLOCK27/SES273/SA273S21	SES148	-3.02829	-7.23797	-4.20967
BLOCK27/SES273/SA273S21	SES149	-1.63819	-5.84786	-4.20967
BLOCK27/SES273/SA273S21	SES177	-0.957631	-5.1673	-4.20967
BLOCK27/SES273/SA273S25	SES104	0.175154	-7.05946	-7.23462
BLOCK27/SES273/SA273S25	SES125	-0.319627	-7.55425	-7.23462
BLOCK27/SES273/SA273S25	SES158	1.24905	-5.98557	-7.23462
BLOCK27/SES273/SA273S25	SES206	0.383322	-6.8513	-7.23462
BLOCK27/SES273/SA273S27	SES099	-0.351482	-2.57169	-2.22021
BLOCK27/SES273/SA273S27	SES104	-0.834013	-3.05422	-2.22021
BLOCK27/SES273/SA273S27	SES149	-0.438304	-2.65851	-2.22021
BLOCK27/SES273/SA273S27	SES275	-0.773126	-2.99334	-2.22021
BLOCK27/SES274/SA274S10	SES105	-1.98007	-4.50833	-2.52826
BLOCK27/SES274/SA274S10	SES125	-3.80816	-6.33643	-2.52826
BLOCK27/SES274/SA274S10	SES129	-0.512224	-3.04049	-2.52826
BLOCK27/SES274/SA274S10	SES158	-4.89305	-7.42131	-2.52826
BLOCK27/SES274/SA274S11	SES105	-1.45494	-6.35613	-4.9012
BLOCK27/SES274/SA274S11	SES149	-1.06657	-5.96777	-4.9012
BLOCK27/SES274/SA274S11	SES158	-1.93188	-6.83308	-4.9012
BLOCK27/SES274/SA274S11	SES275	-0.708107	-5.60931	-4.9012
BLOCK27/SES274/SA274S21	SES105	-1.19122	-6.30186	-5.11064
BLOCK27/SES274/SA274S21	SES129	0.298041	-4.8126	-5.11064
BLOCK27/SES274/SA274S21	SES149	-1.1459	-6.25655	-5.11064
BLOCK27/SES274/SA274S21	SES158	-2.65108	-7.76173	-5.11064
BLOCK27/SES274/SA274S24	SES105	-1.40784	-6.58368	-5.17584
BLOCK27/SES274/SA274S24	SES129	-0.0229702	-5.19881	-5.17584
BLOCK27/SES274/SA274S24	SES149	-1.86555	-7.0414	-5.17584
BLOCK27/SES274/SA274S24	SES158	-3.69304	-8.86888	-5.17584
BLOCK27/SES274/SA274S29	SES105	-1.47157	-5.9109	-4.43934
BLOCK27/SES274/SA274S29	SES106	-2.11087	-6.55021	-4.43934
BLOCK27/SES274/SA274S29	SES120	-0.936369	-5.37571	-4.43934
BLOCK27/SES274/SA274S29	SES275	-0.337169	-4.77651	-4.43934
BLOCK27/SES276/SA276S16	SES148	-1.40479	-6.87903	-5.47424
BLOCK27/SES276/SA276S16	SES172	0.862971	-4.61127	-5.47424
BLOCK27/SES276/SA276S16	SES180	-0.161272	-5.63552	-5.47424
BLOCK27/SES276/SA276S16	SES292	-0.211723	-5.68597	-5.47424
BLOCK27/SES276/SA276S17	SES101	-0.369701	-5.49981	-5.1301
BLOCK27/SES276/SA276S17	SES177	-0.399529	-5.52963	-5.1301
BLOCK27/SES276/SA276S17	SES180	-0.307679	-5.43778	-5.1301
BLOCK27/SES276/SA276S17	SES292	-0.537558	-5.66766	-5.1301
BLOCK27/SES276/SA276S24	SES101	-0.319539	-4.31033	-3.99079
BLOCK27/SES276/SA276S24	SES177	-0.168731	-4.15952	-3.99079
BLOCK27/SES276/SA276S24	SES180	-0.62961	-4.6204	-3.99079
BLOCK27/SES276/SA276S24	SES292	-0.975175	-4.96596	-3.99079
BLOCK27/SES276/SA276S26	SES101	-1.27319	-3.05804	-1.78485
BLOCK27/SES276/SA276S26	SES177	0.0670606	-1.71779	-1.78485
BLOCK27/SES276/SA276S26	SES180	-0.287484	-2.07234	-1.78485
BLOCK27/SES276/SA276S26	SES292	0.312917	-1.47194	-1.78485
BLOCK27/SES276/SA276S28	SES101	-0.00166631	-2.7715	-2.76983
BLOCK27/SES276/SA276S28	SES177	-0.291246	-3.06108	-2.76983
BLOCK27/SES276/SA276S28	SES180	0.362442	-2.40739	-2.76983
BLOCK27/SES276/SA276S28	SES292	-0.153586	-2.92342	-2.76983
BLOCK27/SES277/SA277S12	SES101	-0.133234	-7.92322	-7.78999
BLOCK27/SES277/SA277S12	SES177	-1.63079	-9.42077	-7.78999
BLOCK27/SES277/SA277S12	SES180	-1.66723	-9.45722	-7.78999
BLOCK27/SES277/SA277S12	SES292	-1.06907	-8.85906	-7.78999
BLOCK27/SES277/SA277S14	SES177	-1.19175	-8.18003	-6.98829
BLOCK27/SES277/SA277S14	SES180	-1.95404	-8.94233	-6.98829
BLOCK27/SES277/SA277S14	SES189	-0.0514026	-7.03969	-6.98829
BLOCK27/SES277/SA277S14	SES292	-2.01708	-9.00537	-6.98829
BLOCK27/SES277/SA277S21	SES177	-0.740007	-7.31273	-6.57273
BLOCK27/SES277/SA277S21	SES180	-1.34747	-7.9202	-6.57273
BLOCK27/SES277/SA277S21	SES189	0.171695	-6.40103	-6.57273
BLOCK27/SES277/SA277S21	SES292	-1.29278	-7.86551	-6.57273
BLOCK27/SES277/SA277S24	SES144	-1.01151	-8.98345	-7.97194
BLOCK27/SES277/SA277S24	SES177	-1.53198	-9.50392	-7.97194
BLOCK27/SES277/SA277S24	SES180	-1.76238	-9.73432	-7.97194
BLOCK27/SES277/SA277S24	SES189	-0.183716	-8.15566	-7.97194
BLOCK27/SES277/SA277S29	SES177	-0.195117	-3.38072	-3.18561
BLOCK27/SES277/SA277S29	SES180	-0.535968	-3.72157	-3.18561
BLOCK27/SES277/SA277S29	SES202	-0.452969	-3.63857	-3.18561
BLOCK27/SES277/SA277S29	SES292	-0.656632	-3.84224	-3.18561
BLOCK27/SES279/SA279S09	SES120	-0.522331	-4.64149	-4.11916
BLOCK27/SES279/SA279S09	SES146	-1.02304	-5.1422	-4.11916
BLOCK27/SES279/SA279S09	SES206	0.195479	-3.92368	-4.11916
BLOCK27/SES279/SA279S09	SES226	-1.60989	-5.72905	-4.11916
BLOCK27/SES279/SA279S10	SES099	0.0505037	-5.13417	-5.18467
BLOCK27/SES279/SA279S10	SES206	-0.315149	-5.49982	-5.18467
BLOCK27/SES279/SA279S10	SES226	-2.08805	-7.27272	-5.18467
BLOCK27/SES279/SA279S10	SES292	0.658782	-4.52589	-5.18467
BLOCK27/SES279/SA279S20	SES099	-0.883739	-7.82398	-6.94024
BLOCK27/SES279/SA279S20	SES206	0.209806	-6.73043	-6.94024
BLOCK27/SES279/SA279S20	SES226	-1.73492	-8.67516	-6.94024
BLOCK27/SES279/SA279S20	SES292	0.548326	-6.39191	-6.94024
BLOCK27/SES279/SA279S26	SES099	0.306969	-7.16161	-7.46858
BLOCK27/SES279/SA279S26	SES206	0.874859	-6.59372	-7.46858
BLOCK27/SES279/SA279S26	SES226	-3.06083	-10.5294	-7.46858
BLOCK27/SES279/SA279S26	SES292	0.891614	-6.57697	-7.46858
BLOCK27/SES279/SA279S28	SES099	0.426322	-1.66747	-2.09379
BLOCK27/SES279/SA279S28	SES120	-0.691784	-2.78557	-2.09379
BLOCK27/SES279/SA279S28	SES177	-0.934125	-3.02791	-2.09379
BLOCK27/SES279/SA279S28	SES206	-0.114973	-2.20876	-2.09379
BLOCK29/SES290/SA290S12	SES162	-0.175097	-5.20726	-5.03216
BLOCK29/SES290/SA290S12	SES177	-0.793457	-5.82562	-5.03216
BLOCK29/SES290/SA290S12	SES180	-0.716621	-5.74879	-5.03216
BLOCK29/SES290/SA290S12	SES292	-1.26578	-6.29795	-5.03216
BLOCK29/SES290/SA290S13	SES007	-0.172512	-5.12572	-4.95321
BLOCK29/SES290/SA290S13	SES162	-0.739081	-5.69229	-4.95321
BLOCK29/SES290/SA290S13	SES177	-0.43106	-5.38427	-4.95321
BLOCK29/SES290/SA290S13	SES180	-0.508582	-5.46179	-4.95321
BLOCK29/SES290/SA290S22	SES177	-0.071743	-4.86468	-4.79293
BLOCK29/SES290/SA290S22	SES180	-1.07553	-5.86846	-4.79293
BLOCK29/SES290/SA290S22	SES202	-0.326781	-5.11971	-4.79293
BLOCK29/SES290/SA290S22	SES292	-0.374024	-5.16696	-4.79293
BLOCK29/SES290/SA290S25	SES162	-0.593422	-6.24121	-5.64779
BLOCK29/SES290/SA290S25	SES177	-0.704188	-6.35197	-5.64779
BLOCK29/SES290/SA290S25	SES180	-0.713916	-6.3617	-5.64779
BLOCK29/SES290/SA290S25	SES292	-0.230719	-5.8785	-5.64779
BLOCK29/SES290/SA290S29	SES177	0.191253	-2.56428	-2.75554
BLOCK29/SES290/SA290S29	SES180	0.203839	-2.5517	-2.75554
BLOCK29/SES290/SA290S29	SES275	0.245737	-2.5098	-2.75554
BLOCK29/SES290/SA290S29	SES292	-0.187782	-2.94332	-2.75554
BLOCK29/SES291/SA291S11	SES105	-0.638344	-7.64841	-7.01007
BLOCK29/SES291/SA291S11	SES125	-0.919025	-7.92909	-7.01007
BLOCK29/SES291/SA291S11	SES158	-1.27882	-8.28889	-7.01007
BLOCK29/SES291/SA291S11	SES275	-1.00753	-8.0176	-7.01007
BLOCK29/SES291/SA291S12	SES158	1.07766	-7.21256	-8.29021
BLOCK29/SES291/SA291S12	SES226	-2.21991	-10.5101	-8.29021
BLOCK29/SES291/SA291S12	SES270	-0.432915	-8.72313	-8.29021
BLOCK29/SES291/SA291S12	SES275	-2.88532	-11.1755	-8.29021
BLOCK29/SES291/SA291S22	SES082	-0.521191	-6.13439	-5.6132
BLOCK29/SES291/SA291S22	SES158	0.218719	-5.39448	-5.6132
BLOCK29/SES291/SA291S22	SES259	-0.271532	-5.88473	-5.6132
BLOCK29/SES291/SA291S22	SES275	-1.6248	-7.238	-5.6132
BLOCK29/SES291/SA291S24	SES104	0.34591	-6.21695	-6.56286
BLOCK29/SES291/SA291S24	SES125	-0.250342	-6.81321	-6.56286
BLOCK29/SES291/SA291S24	SES158	0.434491	-6.12837	-6.56286
BLOCK29/SES291/SA291S24	SES275	-1.59399	-8.15685	-6.56286
BLOCK29/SES291/SA291S27	SES158	0.607517	-3.95735	-4.56486
BLOCK29/SES291/SA291S27	SES172	-1.70184	-6.26671	-4.56486
BLOCK29/SES291/SA291S27	SES275	-1.01987	-5.58473	-4.56486
BLOCK29/SES291/SA291S27	SES292	-0.302089	-4.86695	-4.56486
