BLOCK00/SES002/SA002S12	SES002	1.06083	30.3942	29.3334
BLOCK00/SES002/SA002S13	SES002	2.26859	28.5746	26.306
BLOCK00/SES002/SA002S23	SES002	0.618725	29.3404	28.7217
BLOCK00/SES002/SA002S26	SES002	1.18613	30.5129	29.3267
BLOCK00/SES002/SA002S28	SES002	0.356974	27.6462	27.2893
BLOCK00/SES007/SA007S14	SES007	1.90986	31.3525	29.4427
BLOCK00/SES007/SA007S15	SES007	0.189743	28.1164	27.9267
BLOCK00/SES007/SA007S24	SES007	0.676516	28.0614	27.3849
BLOCK00/SES007/SA007S27	SES007	0.174629	27.0191	26.8445
BLOCK00/SES007/SA007S29	SES007	0.0330696	28.3634	28.3303
BLOCK00/SES008/SA008S11	SES008	1.29555	28.7467	27.4512
BLOCK00/SES008/SA008S12	SES008	-0.186712	27.2992	27.4859
BLOCK00/SES008/SA008S19	SES008	2.04565	30.7736	28.7279
BLOCK00/SES008/SA008S22	SES008	0.660433	27.1612	26.5008
BLOCK00/SES008/SA008S29	SES008	1.30869	29.7441	28.4354
BLOCK01/SES014/SA014S10	SES014	2.3179	29.6827	27.3648
BLOCK01/SES014/SA014S12	SES014	4.07664	34.1544	30.0778
BLOCK01/SES014/SA014S24	SES014	1.32464	30.0399	28.7153
BLOCK01/SES014/SA014S26	SES014	2.77065	34.487	31.7164
BLOCK01/SES014/SA014S28	SES014	5.04414	34.8218	29.7777
BLOCK01/SES016/SA016S12	SES016	1.53711	26.3757	24.8386
BLOCK01/SES016/SA016S13	SES016	0.954515	27.9073	26.9528
BLOCK01/SES016/SA016S22	SES016	-0.195501	26.6569	26.8524
BLOCK01/SES016/SA016S25	SES016	1.13874	31.2517	30.1129
BLOCK01/SES016/SA016S27	SES016	0.831146	31.3278	30.4967
BLOCK01/SES019/SA019S13	SES019	2.63244	28.3935	25.7611
BLOCK01/SES019/SA019S14	SES019	2.12114	28.2851	26.1639
BLOCK01/SES019/SA019S22	SES019	2.86544	28.5976	25.7322
BLOCK01/SES019/SA019S25	SES019	2.75924	29.3432	26.5839
BLOCK01/SES019/SA019S29	SES019	3.09894	29.1102	26.0113
BLOCK02/SES029/SA029S11	SES029	1.13314	28.9931	27.8599
BLOCK02/SES029/SA029S12	SES029	-0.139132	29.5337	29.6728
BLOCK02/SES029/SA029S20	SES029	0.569418	28.5344	27.9649
BLOCK02/SES029/SA029S25	SES029	0.338615	29.6879	29.3492
BLOCK02/SES029/SA029S28	SES029	-0.268068	28.6052	28.8733
BLOCK04/SES042/SA042S12	SES042	2.27447	31.2587	28.9843
BLOCK04/SES042/SA042S15	SES042	2.03498	31.1286	29.0936
BLOCK04/SES042/SA042S22	SES042	3.89436	35.3511	31.4567
BLOCK04/SES042/SA042S25	SES042	2.13784	30.2803	28.1425
BLOCK04/SES042/SA042S27	SES042	1.88367	33.3758	31.4921
BLOCK04/SES048/SA048S11	SES048	1.6644	30.7762	29.1118
BLOCK04/SES048/SA048S12	SES048	1.04702	30.7565	29.7095
BLOCK04/SES048/SA048S20	SES048	0.527187	30.8158	30.2886
BLOCK04/SES048/SA048S23	SES048	1.38269	29.1561	27.7734
BLOCK04/SES048/SA048S27	SES048	0.917038	32.4114	31.4943
BLOCK06/SES060/SA060S11	SES060	1.43466	31.1962	29.7615
BLOCK06/SES060/SA060S12	SES060	-2.15864	25.2369	27.3955
BLOCK06/SES060/SA060S22	SES060	-1.18396	25.5702	26.7542
BLOCK06/SES060/SA060S24	SES060	1.04666	30.7803	29.7337
BLOCK06/SES060/SA060S28	SES060	0.901115	33.0266	32.1255
BLOCK06/SES062/SA062S10	SES062	1.00211	30.2601	29.258
BLOCK06/SES062/SA062S11	SES062	1.10462	29.0297	27.9251
BLOCK06/SES062/SA062S21	SES062	1.68031	34.3714	32.6911
BLOCK06/SES062/SA062S26	SES062	0.98126	31.131	30.1497
BLOCK06/SES062/SA062S29	SES062	1.57046	32.6483	31.0779
BLOCK06/SES068/SA068S14	SES068	0.312035	29.3485	29.0365
BLOCK06/SES068/SA068S15	SES068	1.12038	31.0607	29.9404
BLOCK06/SES068/SA068S23	SES068	0.371731	27.6235	27.2518
BLOCK06/SES068/SA068S27	SES068	2.24563	31.9408	29.6952
BLOCK06/SES068/SA068S29	SES068	0.143642	29.0992	28.9556
BLOCK08/SES082/SA082S12	SES082	-0.377022	27.672	28.049
BLOCK08/SES082/SA082S14	SES082	-0.142061	26.2957	26.4377
BLOCK08/SES082/SA082S21	SES082	-0.238079	27.304	27.542
BLOCK08/SES082/SA082S24	SES082	0.135273	29.4086	29.2733
BLOCK08/SES082/SA082S28	SES082	0.0472183	27.6508	27.6036
BLOCK08/SES083/SA083S14	SES083	0.0269814	28.4096	28.3826
BLOCK08/SES083/SA083S15	SES083	0.13879	28.975	28.8362
BLOCK08/SES083/SA083S24	SES083	0.0391502	28.4855	28.4464
BLOCK08/SES083/SA083S26	SES083	0.596344	28.9242	28.3278
BLOCK08/SES083/SA083S29	SES083	0.128403	29.4813	29.3529
BLOCK08/SES085/SA085S10	SES085	-0.126766	28.8389	28.9657
BLOCK08/SES085/SA085S13	SES085	0.0447426	27.5469	27.5022
BLOCK08/SES085/SA085S22	SES085	-1.50894	27.537	29.046
BLOCK08/SES085/SA085S26	SES085	-0.336533	28.0868	28.4234
BLOCK08/SES085/SA085S28	SES085	1.12704	30.3338	29.2068
BLOCK08/SES087/SA087S15	SES087	1.38187	29.6879	28.3061
BLOCK08/SES087/SA087S16	SES087	1.53895	29.2534	27.7145
BLOCK08/SES087/SA087S24	SES087	1.74794	30.1987	28.4508
BLOCK08/SES087/SA087S26	SES087	0.965853	30.5591	29.5933
BLOCK08/SES087/SA087S29	SES087	1.82863	29.3063	27.4777
BLOCK09/SES099/SA099S15	SES099	1.93002	29.2723	27.3423
BLOCK09/SES099/SA099S16	SES099	2.15709	29.2714	27.1143
BLOCK09/SES099/SA099S24	SES099	1.2925	28.9369	27.6444
BLOCK09/SES099/SA099S26	SES099	2.02249	29.9683	27.9458
BLOCK09/SES099/SA099S29	SES099	2.50991	30.3954	27.8854
BLOCK10/SES101/SA101S11	SES101	-0.250414	28.7255	28.9759
BLOCK10/SES101/SA101S13	SES101	0.896656	31.3432	30.4466
BLOCK10/SES101/SA101S22	SES101	0.727545	28.0854	27.3579
BLOCK10/SES101/SA101S24	SES101	1.10313	29.3264	28.2233
BLOCK10/SES101/SA101S28	SES101	-0.249249	27.0609	27.3101
BLOCK10/SES104/SA104S11	SES104	2.01617	32.6945	30.6784
BLOCK10/SES104/SA104S12	SES104	1.04444	29.6161	28.5716
BLOCK10/SES104/SA104S21	SES104	1.66446	30.1975	28.5331
BLOCK10/SES104/SA104S24	SES104	0.584238	29.4465	28.8622
BLOCK10/SES104/SA104S28	SES104	1.65757	30.8207	29.1631
BLOCK10/SES105/SA105S12	SES105	0.38892	27.2425	26.8536
BLOCK10/SES105/SA105S13	SES105	0.915438	28.4327	27.5172
BLOCK10/SES105/SA105S22	SES105	-0.268375	26.1917	26.4601
BLOCK10/SES105/SA105S26	SES105	0.759445	27.7051	26.9457
BLOCK10/SES105/SA105S29	SES105	0.865356	29.0665	28.2011
BLOCK10/SES106/SA106S09	SES106	1.14423	26.7683	25.6241
BLOCK10/SES106/SA106S11	SES106	2.05291	30.467	28.4141
BLOCK10/SES106/SA106S22	SES106	3.9865	30.3999	26.4134
BLOCK10/SES106/SA106S27	SES106	1.15083	28.7634	27.6125
BLOCK10/SES106/SA106S29	SES106	0.759016	28.2022	27.4431
BLOCK11/SES117/SA117S12	SES117	0.235435	27.022	26.7866
BLOCK11/SES117/SA117S13	SES117	-0.673916	27.2368	27.9107
BLOCK11/SES117/SA117S23	SES117	2.45999	25.3986	22.9387
BLOCK11/SES117/SA117S25	SES117	0.900063	25.4221	24.522
BLOCK11/SES117/SA117S28	SES117	1.12524	25.4014	24.2762
BLOCK12/SES120/SA120S08	SES120	0.95965	24.8717	23.9121
BLOCK12/SES120/SA120S11	SES120	0.501122	23.0021	22.501
BLOCK12/SES120/SA120S22	SES120	-0.420614	28.1085	28.5291
BLOCK12/SES120/SA120S24	SES120	0.785715	26.8028	26.017
BLOCK12/SES120/SA120S28	SES120	-0.268726	23.6	23.8687
BLOCK12/SES125/SA125S13	SES125	2.27912	29.932	27.6529
BLOCK12/SES125/SA125S14	SES125	0.690809	28.3903	27.6995
BLOCK12/SES125/SA125S25	SES125	2.01847	29.7837	27.7652
BLOCK12/SES125/SA125S27	SES125	1.52547	31.3132	29.7877
BLOCK12/SES125/SA125S29	SES125	1.60131	29.4204	27.8191
BLOCK12/SES127/SA127S11	SES127	0.797577	28.2703	27.4727
BLOCK12/SES127/SA127S12	SES127	0.00130844	28.6553	28.654
BLOCK12/SES127/SA127S23	SES127	0.100357	28.4408	28.3404
BLOCK12/SES127/SA127S25	SES127	-0.500071	27.4004	27.9005
BLOCK12/SES127/SA127S27	SES127	0.631001	28.3671	27.7361
BLOCK12/SES129/SA129S11	SES129	2.01893	31.1112	29.0923
BLOCK12/SES129/SA129S12	SES129	1.47431	30.7857	29.3114
BLOCK12/SES129/SA129S22	SES129	1.16578	29.3882	28.2224
BLOCK12/SES129/SA129S27	SES129	2.12821	30.6555	28.5273
BLOCK12/SES129/SA129S29	SES129	0.849632	30.788	29.9384
BLOCK14/SES142/SA142S11	SES142	1.87256	26.9208	25.0483
BLOCK14/SES142/SA142S12	SES142	0.632196	24.7817	24.1495
BLOCK14/SES142/SA142S24	SES142	1.48096	26.3653	24.8843
BLOCK14/SES142/SA142S27	SES142	1.6044	27.766	26.1616
BLOCK14/SES142/SA142S29	SES142	3.01725	28.0477	25.0304
BLOCK14/SES143/SA143S12	SES143	0.916897	27.4622	26.5453
BLOCK14/SES143/SA143S13	SES143	0.386364	26.7976	26.4113
BLOCK14/SES143/SA143S23	SES143	0.596151	27.2394	26.6433
BLOCK14/SES143/SA143S25	SES143	1.29802	27.4894	26.1914
BLOCK14/SES143/SA143S28	SES143	0.434223	26.7454	26.3112
BLOCK14/SES144/SA144S09	SES144	0.708618	28.7155	28.0069
BLOCK14/SES144/SA144S11	SES144	0.595467	27.426	26.8306
BLOCK14/SES144/SA144S21	SES144	-0.317524	27.1508	27.4684
BLOCK14/SES144/SA144S25	SES144	-0.0803356	26.8996	26.98
BLOCK14/SES144/SA144S29	SES144	-0.252136	28.4537	28.7058
BLOCK14/SES146/SA146S14	SES146	0.431044	27.0226	26.5915
BLOCK14/SES146/SA146S15	SES146	0.219625	27.0782	26.8586
BLOCK14/SES146/SA146S24	SES146	0.509888	27.4747	26.9648
BLOCK14/SES146/SA146S26	SES146	0.670612	27.472	26.8014
BLOCK14/SES146/SA146S29	SES146	0.868208	25.8802	25.012
BLOCK14/SES147/SA147S11	SES147	0.554098	27.3366	26.7825
BLOCK14/SES147/SA147S13	SES147	2.05632	29.0773	27.021
BLOCK14/SES147/SA147S23	SES147	-0.0767517	26.3238	26.4006
BLOCK14/SES147/SA147S26	SES147	0.738907	27.3765	26.6376
BLOCK14/SES147/SA147S28	SES147	0.928951	27.2783	26.3494
BLOCK14/SES148/SA148S10	SES148	0.949438	28.568	27.6186
BLOCK14/SES148/SA148S12	SES148	0.646038	26.8661	26.2201
BLOCK14/SES148/SA148S22	SES148	1.43494	30.0705	28.6355
BLOCK14/SES148/SA148S26	SES148	-0.0219479	29.2036	29.2255
BLOCK14/SES148/SA148S29	SES148	0.23719	28.0929	27.8557
BLOCK14/SES149/SA149S13	SES149	-0.327303	29.396	29.7233
BLOCK14/SES149/SA149S14	SES149	0.120348	29.8633	29.743
BLOCK14/SES149/SA149S24	SES149	1.56773	30.9113	29.3436
BLOCK14/SES149/SA149S26	SES149	1.94587	31.8037	29.8578
BLOCK14/SES149/SA149S28	SES149	2.83228	33.8836	31.0513
BLOCK15/SES158/SA158S13	SES158	1.0817	27.6238	26.5421
BLOCK15/SES158/SA158S14	SES158	3.28407	28.0022	24.7181
BLOCK15/SES158/SA158S23	SES158	1.04237	27.9382	26.8958
BLOCK15/SES158/SA158S26	SES158	2.07018	27.1678	25.0976
BLOCK15/SES158/SA158S28	SES158	1.14318	27.4502	26.307
BLOCK16/SES162/SA162S10	SES162	0.723272	25.9009	25.1776
BLOCK16/SES162/SA162S11	SES162	0.587673	28.7308	28.1432
BLOCK16/SES162/SA162S21	SES162	1.89228	29.0937	27.2014
BLOCK16/SES162/SA162S24	SES162	0.890955	27.7677	26.8768
BLOCK16/SES162/SA162S27	SES162	1.36553	27.3475	25.982
BLOCK16/SES167/SA167S14	SES167	0.223404	29.5443	29.3209
BLOCK16/SES167/SA167S15	SES167	0.613184	28.2211	27.6079
BLOCK16/SES167/SA167S21	SES167	0.691689	28.7662	28.0745
BLOCK16/SES167/SA167S25	SES167	1.83786	29.1498	27.312
BLOCK16/SES167/SA167S29	SES167	2.068	31.2223	29.1543
BLOCK17/SES172/SA172S12	SES172	1.72072	29.0108	27.29
BLOCK17/SES172/SA172S13	SES172	1.09805	28.0119	26.9139
BLOCK17/SES172/SA172S23	SES172	0.55773	30.0136	29.4558
BLOCK17/SES172/SA172S27	SES172	0.695452	28.75	28.0545
BLOCK17/SES172/SA172S29	SES172	2.12005	29.767	27.647
BLOCK17/SES175/SA175S11	SES175	0.0743465	28.0619	27.9876
BLOCK17/SES175/SA175S13	SES175	1.10123	29.3277	28.2265
BLOCK17/SES175/SA175S23	SES175	0.62538	28.9653	28.3399
BLOCK17/SES175/SA175S25	SES175	-0.137806	25.2586	25.3964
BLOCK17/SES175/SA175S28	SES175	-0.0146828	28.0769	28.0916
BLOCK17/SES177/SA177S15	SES177	-0.738876	27.6395	28.3784
BLOCK17/SES177/SA177S17	SES177	-0.100134	28.5689	28.669
BLOCK17/SES177/SA177S23	SES177	-0.721985	26.8159	27.5379
BLOCK17/SES177/SA177S26	SES177	0.645388	31.3515	30.7061
BLOCK17/SES177/SA177S28	SES177	-0.0799446	29.1565	29.2364
BLOCK18/SES180/SA180S13	SES180	0.162222	27.2342	27.072
BLOCK18/SES180/SA180S15	SES180	0.665003	27.5234	26.8584
BLOCK18/SES180/SA180S24	SES180	0.223484	29.4396	29.2162
BLOCK18/SES180/SA180S26	SES180	-0.334906	28.5869	28.9218
BLOCK18/SES180/SA180S29	SES180	0.466778	28.0205	27.5537
BLOCK18/SES183/SA183S13	SES183	0.929611	26.9026	25.973
BLOCK18/SES183/SA183S14	SES183	-0.124094	26.8977	27.0218
BLOCK18/SES183/SA183S24	SES183	0.731617	25.9164	25.1848
BLOCK18/SES183/SA183S27	SES183	0.949993	27.6442	26.6943
BLOCK18/SES183/SA183S29	SES183	0.977615	28.8608	27.8832
BLOCK18/SES187/SA187S13	SES187	-0.352182	25.4883	25.8405
BLOCK18/SES187/SA187S14	SES187	-0.218618	25.9327	26.1513
BLOCK18/SES187/SA187S24	SES187	0.949352	25.6891	24.7398
BLOCK18/SES187/SA187S27	SES187	0.764757	27.1347	26.37
BLOCK18/SES187/SA187S29	SES187	0.743713	26.96	26.2163
BLOCK18/SES189/SA189S10	SES189	2.1148	26.1541	24.0393
BLOCK18/SES189/SA189S13	SES189	1.78194	24.9581	23.1762
BLOCK18/SES189/SA189S24	SES189	2.49504	26.6127	24.1177
BLOCK18/SES189/SA189S26	SES189	1.21934	26.702	25.4826
BLOCK18/SES189/SA189S29	SES189	2.33906	27.1399	24.8008
BLOCK20/SES202/SA202S12	SES202	0.679161	24.4486	23.7695
BLOCK20/SES202/SA202S14	SES202	2.47524	27.0595	24.5843
BLOCK20/SES202/SA202S24	SES202	0.801735	26.8728	26.0711
BLOCK20/SES202/SA202S27	SES202	1.51644	29.4139	27.8974
BLOCK20/SES202/SA202S29	SES202	1.36947	28.5823	27.2128
BLOCK20/SES206/SA206S15	SES206	-0.685991	28.5886	29.2746
BLOCK20/SES206/SA206S17	SES206	1.73668	31.2821	29.5454
BLOCK20/SES206/SA206S24	SES206	1.82089	31.6267	29.8058
BLOCK20/SES206/SA206S27	SES206	1.82742	30.9834	29.156
BLOCK20/SES206/SA206S29	SES206	1.69521	32.8281	31.1329
BLOCK22/SES226/SA226S12	SES226	1.24997	28.1619	26.9119
BLOCK22/SES226/SA226S13	SES226	-1.22545	26.6504	27.8759
BLOCK22/SES226/SA226S20	SES226	1.13692	28.9968	27.8599
BLOCK22/SES226/SA226S23	SES226	1.2346	29.1232	27.8886
BLOCK22/SES226/SA226S28	SES226	2.32725	29.9049	27.5776
BLOCK25/SES259/SA259S13	SES259	4.02202	31.7274	27.7054
BLOCK25/SES259/SA259S14	SES259	2.39684	30.5686	28.1718
BLOCK25/SES259/SA259S22	SES259	2.0535	30.2191	28.1656
BLOCK25/SES259/SA259S24	SES259	2.43802	32.0335	29.5955
BLOCK25/SES259/SA259S28	SES259	2.56515	30.3754	27.8102
BLOCK27/SES270/SA270S14	SES270	2.6937	27.5794	24.8857
BLOCK27/SES270/SA270S16	SES270	0.558342	27.6239	27.0656
BLOCK27/SES270/SA270S22	SES270	2.28212	27.92	25.6379
BLOCK27/SES270/SA270S26	SES270	1.40189	26.492	25.0901
BLOCK27/SES270/SA270S28	SES270	1.18528	27.8263	26.641
BLOCK27/SES275/SA275S17	SES275	1.28752	28.1068	26.8192
BLOCK27/SES275/SA275S18	SES275	0.0702991	27.9427	27.8724
BLOCK27/SES275/SA275S24	SES275	0.695442	27.1871	26.4917
BLOCK27/SES275/SA275S26	SES275	0.934547	28.8459	27.9113
BLOCK27/SES275/SA275S28	SES275	0.0994854	29.2229	29.1235
BLOCK29/SES292/SA292S10	SES292	-0.205334	28.0482	28.2535
BLOCK29/SES292/SA292S12	SES292	0.0366421	26.8231	26.7865
BLOCK29/SES292/SA292S22	SES292	0.362007	29.2899	28.9278
BLOCK29/SES292/SA292S24	SES292	-0.184145	28.7518	28.9359
BLOCK29/SES292/SA292S27	SES292	-0.216099	28.8455	29.0616
BLOCK00/SES001/SA001S14	SES062	-2.83126	23.5088	26.34
BLOCK00/SES001/SA001S14	SES082	-4.64445	21.6956	26.34
BLOCK00/SES001/SA001S14	SES106	-3.11792	23.2221	26.34
BLOCK00/SES001/SA001S14	SES206	-3.37675	22.9633	26.34
BLOCK00/SES001/SA001S15	SES062	-3.0778	24.943	28.0208
BLOCK00/SES001/SA001S15	SES104	-4.07099	23.9499	28.0208
BLOCK00/SES001/SA001S15	SES106	-2.58292	25.4379	28.0208
BLOCK00/SES001/SA001S15	SES206	-3.01921	25.0016	28.0208
BLOCK00/SES001/SA001S24	SES062	-4.51846	21.6097	26.1281
BLOCK00/SES001/SA001S24	SES082	-4.49596	21.6322	26.1281
BLOCK00/SES001/SA001S24	SES087	-3.54472	22.5834	26.1281
BLOCK00/SES001/SA001S24	SES206	-3.08777	23.0404	26.1281
BLOCK00/SES001/SA001S27	SES062	-3.12196	25.2111	28.333
BLOCK00/SES001/SA001S27	SES082	-3.51016	24.8229	28.333
BLOCK00/SES001/SA001S27	SES087	-3.27757	25.0555	28.333
BLOCK00/SES001/SA001S27	SES206	-3.80324	24.5298	28.333
BLOCK00/SES001/SA001S29	SES062	-5.07738	20.8935	25.9709
BLOCK00/SES001/SA001S29	SES082	-3.24555	22.7254	25.9709
BLOCK00/SES001/SA001S29	SES158	-2.60353	23.3674	25.9709
BLOCK00/SES001/SA001S29	SES206	-4.55772	21.4132	25.9709
BLOCK00/SES003/SA003S11	SES002	-2.17262	24.9543	27.127
BLOCK00/SES003/SA003S11	SES019	-3.49702	23.6299	27.127
BLOCK00/SES003/SA003S11	SES082	-2.01729	25.1097	27.127
BLOCK00/SES003/SA003S11	SES125	-2.81733	24.3096	27.127
BLOCK00/SES003/SA003S15	SES016	-2.71589	26.9379	29.6537
BLOCK00/SES003/SA003S15	SES019	-3.811	25.8427	29.6537
BLOCK00/SES003/SA003S15	SES062	-2.94048	26.7133	29.6537
BLOCK00/SES003/SA003S15	SES206	-3.36048	26.2933	29.6537
BLOCK00/SES003/SA003S22	SES002	-3.8924	23.9599	27.8523
BLOCK00/SES003/SA003S22	SES062	-2.58849	25.2638	27.8523
BLOCK00/SES003/SA003S22	SES082	-3.46165	24.3907	27.8523
BLOCK00/SES003/SA003S22	SES087	-4.22202	23.6303	27.8523
BLOCK00/SES003/SA003S25	SES062	-4.03758	21.8295	25.8671
BLOCK00/SES003/SA003S25	SES082	-2.92207	22.9451	25.8671
BLOCK00/SES003/SA003S25	SES087	-2.55993	23.3072	25.8671
BLOCK00/SES003/SA003S25	SES206	-3.87091	21.9962	25.8671
BLOCK00/SES003/SA003S29	SES002	-3.10299	23.9	27.003
BLOCK00/SES003/SA003S29	SES062	-3.84385	23.1591	27.003
BLOCK00/SES003/SA003S29	SES082	-2.8256	24.1774	27.003
BLOCK00/SES003/SA003S29	SES087	-3.18859	23.8144	27.003
BLOCK00/SES004/SA004S12	SES083	-3.78699	22.4607	26.2477
BLOCK00/SES004/SA004S12	SES148	-4.16594	22.0817	26.2477
BLOCK00/SES004/SA004S12	SES172	-1.94184	24.3058	26.2477
BLOCK00/SES004/SA004S12	SES292	-2.8024	23.4453	26.2477
BLOCK00/SES004/SA004S17	SES083	-3.17453	23.6842	26.8587
BLOCK00/SES004/SA004S17	SES162	-2.59722	24.2615	26.8587
BLOCK00/SES004/SA004S17	SES172	-2.34397	24.5148	26.8587
BLOCK00/SES004/SA004S17	SES292	-2.75961	24.0991	26.8587
BLOCK00/SES004/SA004S24	SES083	-3.56695	23.0174	26.5844
BLOCK00/SES004/SA004S24	SES148	-3.95398	22.6304	26.5844
BLOCK00/SES004/SA004S24	SES172	-1.97217	24.6122	26.5844
BLOCK00/SES004/SA004S24	SES292	-3.16802	23.4164	26.5844
BLOCK00/SES004/SA004S26	SES083	-3.12531	23.0721	26.1974
BLOCK00/SES004/SA004S26	SES127	-3.30341	22.894	26.1974
BLOCK00/SES004/SA004S26	SES148	-5.12842	21.069	26.1974
BLOCK00/SES004/SA004S26	SES292	-3.75797	22.4395	26.1974
BLOCK00/SES004/SA004S28	SES083	-2.82503	25.2774	28.1025
BLOCK00/SES004/SA004S28	SES127	-2.91074	25.1917	28.1025
BLOCK00/SES004/SA004S28	SES187	-2.72428	25.3782	28.1025
BLOCK00/SES004/SA004S28	SES292	-3.82276	24.2797	28.1025
BLOCK00/SES006/SA006S10	SES014	-5.93103	16.558	22.489
BLOCK00/SES006/SA006S10	SES158	-3.3412	19.1478	22.489
BLOCK00/SES006/SA006S10	SES226	-5.58902	16.9	22.489
BLOCK00/SES006/SA006S10	SES270	-2.39036	20.0986	22.489
BLOCK00/SES006/SA006S11	SES158	-2.61516	20.541	23.1561
BLOCK00/SES006/SA006S11	SES226	-4.34215	18.814	23.1561
BLOCK00/SES006/SA006S11	SES270	-2.4427	20.7134	23.1561
BLOCK00/SES006/SA006S11	SES275	-4.01303	19.1431	23.1561
BLOCK00/SES006/SA006S23	SES062	-4.2327	22.3956	26.6283
BLOCK00/SES006/SA006S23	SES105	-4.27649	22.3518	26.6283
BLOCK00/SES006/SA006S23	SES158	-3.03411	23.5942	26.6283
BLOCK00/SES006/SA006S23	SES275	-2.99656	23.6317	26.6283
BLOCK00/SES006/SA006S26	SES104	-6.14474	19.2145	25.3593
BLOCK00/SES006/SA006S26	SES158	-2.31402	23.0452	25.3593
BLOCK00/SES006/SA006S26	SES270	-1.15746	24.2018	25.3593
BLOCK00/SES006/SA006S26	SES275	-3.3177	22.0416	25.3593
BLOCK00/SES006/SA006S28	SES007	-4.72025	18.605	23.3253
BLOCK00/SES006/SA006S28	SES105	-4.39954	18.9257	23.3253
BLOCK00/SES006/SA006S28	SES158	-3.40343	19.9218	23.3253
BLOCK00/SES006/SA006S28	SES275	-4.36778	18.9575	23.3253
BLOCK00/SES009/SA009S12	SES083	-3.68959	25.2652	28.9547
BLOCK00/SES009/SA009S12	SES148	-3.75584	25.1989	28.9547
BLOCK00/SES009/SA009S12	SES177	-2.48678	26.468	28.9547
BLOCK00/SES009/SA009S12	SES292	-2.3637	26.591	28.9547
BLOCK00/SES009/SA009S15	SES007	-0.531031	28.9676	29.4986
BLOCK00/SES009/SA009S15	SES099	-4.68846	24.8101	29.4986
BLOCK00/SES009/SA009S15	SES148	-4.00493	25.4937	29.4986
BLOCK00/SES009/SA009S15	SES172	-2.35746	27.1411	29.4986
BLOCK00/SES009/SA009S24	SES146	-2.51711	26.8959	29.413
BLOCK00/SES009/SA009S24	SES148	-4.19351	25.2195	29.413
BLOCK00/SES009/SA009S24	SES177	-1.66734	27.7457	29.413
BLOCK00/SES009/SA009S24	SES292	-2.43486	26.9781	29.413
BLOCK00/SES009/SA009S26	SES083	-3.71138	24.9496	28.661
BLOCK00/SES009/SA009S26	SES101	-3.606	25.055	28.661
BLOCK00/SES009/SA009S26	SES120	-3.34046	25.3205	28.661
BLOCK00/SES009/SA009S26	SES177	-2.36183	26.2991	28.661
BLOCK00/SES009/SA009S29	SES083	-3.16062	26.2351	29.3957
BLOCK00/SES009/SA009S29	SES101	-2.80725	26.5884	29.3957
BLOCK00/SES009/SA009S29	SES177	-2.01467	27.381	29.3957
BLOCK00/SES009/SA009S29	SES292	-2.17506	27.2206	29.3957
BLOCK01/SES011/SA011S10	SES019	-2.29925	25.8721	28.1713
BLOCK01/SES011/SA011S10	SES042	-1.40883	26.7625	28.1713
BLOCK01/SES011/SA011S10	SES082	-3.16929	25.002	28.1713
BLOCK01/SES011/SA011S10	SES206	-2.94697	25.2244	28.1713
BLOCK01/SES011/SA011S11	SES019	-3.80414	22.5848	26.389
BLOCK01/SES011/SA011S11	SES042	-2.93554	23.4534	26.389
BLOCK01/SES011/SA011S11	SES082	-2.25253	24.1365	26.389
BLOCK01/SES011/SA011S11	SES206	-2.87799	23.511	26.389
BLOCK01/SES011/SA011S22	SES019	-2.89758	23.5476	26.4451
BLOCK01/SES011/SA011S22	SES042	-2.83097	23.6142	26.4451
BLOCK01/SES011/SA011S22	SES082	-4.00063	22.4445	26.4451
BLOCK01/SES011/SA011S22	SES206	-3.43777	23.0074	26.4451
BLOCK01/SES011/SA011S24	SES019	-3.54065	23.9676	27.5082
BLOCK01/SES011/SA011S24	SES042	-2.17504	25.3332	27.5082
BLOCK01/SES011/SA011S24	SES104	-3.15333	24.3549	27.5082
BLOCK01/SES011/SA011S24	SES206	-3.30266	24.2056	27.5082
BLOCK01/SES011/SA011S27	SES082	-1.60655	25.0482	26.6548
BLOCK01/SES011/SA011S27	SES087	-3.90631	22.7485	26.6548
BLOCK01/SES011/SA011S27	SES125	-3.1795	23.4753	26.6548
BLOCK01/SES011/SA011S27	SES206	-3.30667	23.3481	26.6548
BLOCK01/SES012/SA012S11	SES007	-1.98415	28.5957	30.5798
BLOCK01/SES012/SA012S11	SES082	-3.55303	27.0268	30.5798
BLOCK01/SES012/SA012S11	SES083	-3.27246	27.3074	30.5798
BLOCK01/SES012/SA012S11	SES206	-3.12737	27.4524	30.5798
BLOCK01/SES012/SA012S14	SES082	-2.09756	28.6483	30.7458
BLOCK01/SES012/SA012S14	SES087	-3.54476	27.2011	30.7458
BLOCK01/SES012/SA012S14	SES206	-2.59164	28.1542	30.7458
BLOCK01/SES012/SA012S14	SES292	-2.91612	27.8297	30.7458
BLOCK01/SES012/SA012S24	SES082	-1.49275	27.0464	28.5392
BLOCK01/SES012/SA012S24	SES087	-3.96129	24.5779	28.5392
BLOCK01/SES012/SA012S24	SES120	-3.58934	24.9498	28.5392
BLOCK01/SES012/SA012S24	SES206	-1.81977	26.7194	28.5392
BLOCK01/SES012/SA012S26	SES019	-5.40413	24.9365	30.3407
BLOCK01/SES012/SA012S26	SES082	-3.75066	26.59	30.3407
BLOCK01/SES012/SA012S26	SES206	-1.9231	28.4176	30.3407
BLOCK01/SES012/SA012S26	SES292	-1.9284	28.4123	30.3407
BLOCK01/SES012/SA012S29	SES062	-2.66728	27.6998	30.3671
BLOCK01/SES012/SA012S29	SES082	-1.7173	28.6498	30.3671
BLOCK01/SES012/SA012S29	SES083	-3.31698	27.0501	30.3671
BLOCK01/SES012/SA012S29	SES206	-1.95404	28.413	30.3671
BLOCK01/SES013/SA013S16	SES062	-4.09365	22.7874	26.881
BLOCK01/SES013/SA013S16	SES106	-2.5235	24.3575	26.881
BLOCK01/SES013/SA013S16	SES206	-3.68847	23.1926	26.881
BLOCK01/SES013/SA013S16	SES226	-2.02506	24.856	26.881
BLOCK01/SES013/SA013S17	SES062	-3.50997	25.7343	29.2443
BLOCK01/SES013/SA013S17	SES106	-3.07512	26.1692	29.2443
BLOCK01/SES013/SA013S17	SES206	-1.92475	27.3196	29.2443
BLOCK01/SES013/SA013S17	SES226	-1.72301	27.5213	29.2443
BLOCK01/SES013/SA013S23	SES104	-3.25267	25.0305	28.2831
BLOCK01/SES013/SA013S23	SES106	-2.04366	26.2395	28.2831
BLOCK01/SES013/SA013S23	SES206	-2.9143	25.3688	28.2831
BLOCK01/SES013/SA013S23	SES270	-2.08821	26.1949	28.2831
BLOCK01/SES013/SA013S25	SES042	-1.75299	27.6064	29.3594
BLOCK01/SES013/SA013S25	SES104	-2.24137	27.118	29.3594
BLOCK01/SES013/SA013S25	SES106	-1.67925	27.6801	29.3594
BLOCK01/SES013/SA013S25	SES206	-1.95942	27.4	29.3594
BLOCK01/SES013/SA013S29	SES062	-4.74434	23.1062	27.8506
BLOCK01/SES013/SA013S29	SES104	-3.53039	24.3202	27.8506
BLOCK01/SES013/SA013S29	SES106	-2.06502	25.7856	27.8506
BLOCK01/SES013/SA013S29	SES206	-3.22554	24.625	27.8506
BLOCK02/SES021/SA021S13	SES016	-4.66209	25.307	29.9691
BLOCK02/SES021/SA021S13	SES029	-3.55164	26.4175	29.9691
BLOCK02/SES021/SA021S13	SES087	-4.01822	25.9509	29.9691
BLOCK02/SES021/SA021S13	SES206	-2.77363	27.1955	29.9691
BLOCK02/SES021/SA021S15	SES087	-2.41906	28.8805	31.2996
BLOCK02/SES021/SA021S15	SES125	-2.16955	29.13	31.2996
BLOCK02/SES021/SA021S15	SES206	-2.30292	28.9967	31.2996
BLOCK02/SES021/SA021S15	SES226	-3.36393	27.9356	31.2996
BLOCK02/SES021/SA021S23	SES062	-4.27287	22.4978	26.7706
BLOCK02/SES021/SA021S23	SES087	-2.51455	24.2561	26.7706
BLOCK02/SES021/SA021S23	SES206	-2.71898	24.0517	26.7706
BLOCK02/SES021/SA021S23	SES226	-2.63318	24.1375	26.7706
BLOCK02/SES021/SA021S27	SES002	-1.77414	28.2661	30.0402
BLOCK02/SES021/SA021S27	SES016	-5.38285	24.6574	30.0402
BLOCK02/SES021/SA021S27	SES019	-3.21149	26.8287	30.0402
BLOCK02/SES021/SA021S27	SES062	-3.2758	26.7644	30.0402
BLOCK02/SES021/SA021S29	SES087	-2.21544	27.0007	29.2161
BLOCK02/SES021/SA021S29	SES125	-2.01128	27.2048	29.2161
BLOCK02/SES021/SA021S29	SES206	-2.0909	27.1252	29.2161
BLOCK02/SES021/SA021S29	SES226	-3.2036	26.0125	29.2161
BLOCK04/SES043/SA043S09	SES083	-3.36932	22.5011	25.8704
BLOCK04/SES043/SA043S09	SES101	-3.64912	22.2213	25.8704
BLOCK04/SES043/SA043S09	SES144	-2.06736	23.803	25.8704
BLOCK04/SES043/SA043S09	SES172	-4.29341	21.577	25.8704
BLOCK04/SES043/SA043S11	SES083	-2.12876	26.4477	28.5765
BLOCK04/SES043/SA043S11	SES101	-2.14893	26.4276	28.5765
BLOCK04/SES043/SA043S11	SES144	-1.51533	27.0612	28.5765
BLOCK04/SES043/SA043S11	SES172	-2.31606	26.2604	28.5765
BLOCK04/SES043/SA043S23	SES083	-2.08178	25.2332	27.315
BLOCK04/SES043/SA043S23	SES144	-0.87719	26.4378	27.315
BLOCK04/SES043/SA043S23	SES177	-3.0342	24.2808	27.315
BLOCK04/SES043/SA043S23	SES275	-1.89306	25.4219	27.315
BLOCK04/SES043/SA043S26	SES083	-2.30527	24.3284	26.6337
BLOCK04/SES043/SA043S26	SES101	-2.47146	24.1623	26.6337
BLOCK04/SES043/SA043S26	SES144	-1.31922	25.3145	26.6337
BLOCK04/SES043/SA043S26	SES177	-3.058	23.5757	26.6337
BLOCK04/SES043/SA043S28	SES016	-3.33768	25.5142	28.8519
BLOCK04/SES043/SA043S28	SES083	-1.95929	26.8926	28.8519
BLOCK04/SES043/SA043S28	SES101	-1.87502	26.9769	28.8519
BLOCK04/SES043/SA043S28	SES144	-1.84972	27.0022	28.8519
BLOCK04/SES044/SA044S10	SES127	-4.80651	17.1904	21.997
BLOCK04/SES044/SA044S10	SES144	-2.8729	19.1241	21.997
BLOCK04/SES044/SA044S10	SES147	-5.16713	16.8298	21.997
BLOCK04/SES044/SA044S10	SES148	-4.95055	17.0464	21.997
BLOCK04/SES044/SA044S11	SES101	-2.87994	21.8995	24.7795
BLOCK04/SES044/SA044S11	SES144	-1.78325	22.9962	24.7795
BLOCK04/SES044/SA044S11	SES147	-3.59545	21.184	24.7795
BLOCK04/SES044/SA044S11	SES177	-4.07286	20.7066	24.7795
BLOCK04/SES044/SA044S24	SES007	-3.3954	22.6721	26.0675
BLOCK04/SES044/SA044S24	SES101	-2.9395	23.128	26.0675
BLOCK04/SES044/SA044S24	SES147	-4.34222	21.7253	26.0675
BLOCK04/SES044/SA044S24	SES177	-4.04301	22.0245	26.0675
BLOCK04/SES044/SA044S26	SES007	-3.34146	23.3482	26.6897
BLOCK04/SES044/SA044S26	SES016	-3.21453	23.4751	26.6897
BLOCK04/SES044/SA044S26	SES101	-2.88285	23.8068	26.6897
BLOCK04/SES044/SA044S26	SES147	-3.26822	23.4215	26.6897
BLOCK04/SES044/SA044S29	SES007	-2.98411	24.9249	27.909
BLOCK04/SES044/SA044S29	SES101	-1.52316	26.3858	27.909
BLOCK04/SES044/SA044S29	SES147	-3.6524	24.2566	27.909
BLOCK04/SES044/SA044S29	SES177	-3.44556	24.4634	27.909
BLOCK04/SES046/SA046S13	SES101	-3.66184	21.408	25.0698
BLOCK04/SES046/SA046S13	SES144	-2.40151	22.6683	25.0698
BLOCK04/SES046/SA046S13	SES147	-3.46594	21.6038	25.0698
BLOCK04/SES046/SA046S13	SES177	-3.01185	22.0579	25.0698
BLOCK04/SES046/SA046S15	SES048	-1.41196	27.512	28.924
BLOCK04/SES046/SA046S15	SES083	-1.80727	27.1167	28.924
BLOCK04/SES046/SA046S15	SES120	-3.99346	24.9305	28.924
BLOCK04/SES046/SA046S15	SES148	-3.20558	25.7184	28.924
BLOCK04/SES046/SA046S22	SES101	-3.03366	23.5411	26.5748
BLOCK04/SES046/SA046S22	SES144	-1.87744	24.6974	26.5748
BLOCK04/SES046/SA046S22	SES147	-3.2925	23.2823	26.5748
BLOCK04/SES046/SA046S22	SES172	-2.43938	24.1354	26.5748
BLOCK04/SES046/SA046S25	SES083	-2.3962	24.359	26.7552
BLOCK04/SES046/SA046S25	SES127	-2.41108	24.3441	26.7552
BLOCK04/SES046/SA046S25	SES144	-2.67759	24.0776	26.7552
BLOCK04/SES046/SA046S25	SES148	-2.73303	24.0222	26.7552
BLOCK04/SES046/SA046S28	SES007	-3.79284	22.9959	26.7887
BLOCK04/SES046/SA046S28	SES105	-4.07297	22.7157	26.7887
BLOCK04/SES046/SA046S28	SES147	-1.83962	24.9491	26.7887
BLOCK04/SES046/SA046S28	SES148	-2.2472	24.5415	26.7887
BLOCK04/SES049/SA049S16	SES104	-3.79038	22.0268	25.8172
BLOCK04/SES049/SA049S16	SES106	-2.04801	23.7691	25.8172
BLOCK04/SES049/SA049S16	SES120	-2.75872	23.0584	25.8172
BLOCK04/SES049/SA049S16	SES206	-2.41186	23.4053	25.8172
BLOCK04/SES049/SA049S18	SES099	-1.97017	23.7462	25.7164
BLOCK04/SES049/SA049S18	SES104	-3.98166	21.7348	25.7164
BLOCK04/SES049/SA049S18	SES125	-4.42553	21.2909	25.7164
BLOCK04/SES049/SA049S18	SES206	-3.35353	22.3629	25.7164
BLOCK04/SES049/SA049S25	SES087	-2.4459	24.1322	26.5781
BLOCK04/SES049/SA049S25	SES104	-1.41658	25.1615	26.5781
BLOCK04/SES049/SA049S25	SES125	-3.06559	23.5125	26.5781
BLOCK04/SES049/SA049S25	SES206	-1.73612	24.842	26.5781
BLOCK04/SES049/SA049S27	SES099	-1.85291	25.3502	27.2031
BLOCK04/SES049/SA049S27	SES104	-1.66022	25.5429	27.2031
BLOCK04/SES049/SA049S27	SES125	-3.28164	23.9215	27.2031
BLOCK04/SES049/SA049S27	SES206	-2.52583	24.6773	27.2031
BLOCK04/SES049/SA049S29	SES099	-1.83169	26.629	28.4606
BLOCK04/SES049/SA049S29	SES104	-1.45366	27.007	28.4606
BLOCK04/SES049/SA049S29	SES125	-2.39902	26.0616	28.4606
BLOCK04/SES049/SA049S29	SES206	-1.55593	26.9047	28.4606
BLOCK06/SES063/SA063S09	SES068	-3.28082	25.9217	29.2026
BLOCK06/SES063/SA063S09	SES083	-1.91291	27.2897	29.2026
BLOCK06/SES063/SA063S09	SES177	-3.1599	26.0427	29.2026
BLOCK06/SES063/SA063S09	SES187	-3.28739	25.9152	29.2026
BLOCK06/SES063/SA063S10	SES068	-2.30197	25.703	28.0049
BLOCK06/SES063/SA063S10	SES083	-2.04904	25.9559	28.0049
BLOCK06/SES063/SA063S10	SES172	-2.83565	25.1693	28.0049
BLOCK06/SES063/SA063S10	SES187	-2.71359	25.2914	28.0049
BLOCK06/SES063/SA063S20	SES068	-3.20443	23.9598	27.1643
BLOCK06/SES063/SA063S20	SES083	-2.60673	24.5575	27.1643
BLOCK06/SES063/SA063S20	SES172	-1.7569	25.4073	27.1643
BLOCK06/SES063/SA063S20	SES187	-2.5517	24.6125	27.1643
BLOCK06/SES063/SA063S24	SES029	-3.66119	24.8441	28.5053
BLOCK06/SES063/SA063S24	SES083	-1.62337	26.8819	28.5053
BLOCK06/SES063/SA063S24	SES177	-2.01324	26.4921	28.5053
BLOCK06/SES063/SA063S24	SES189	-2.75457	25.7507	28.5053
BLOCK06/SES063/SA063S27	SES083	-1.08334	26.1847	27.2681
BLOCK06/SES063/SA063S27	SES172	-2.30828	24.9598	27.2681
BLOCK06/SES063/SA063S27	SES187	-2.45858	24.8095	27.2681
BLOCK06/SES063/SA063S27	SES292	-3.94202	23.326	27.2681
BLOCK06/SES067/SA067S12	SES083	-2.94123	25.5899	28.5311
BLOCK06/SES067/SA067S12	SES172	-3.02613	25.505	28.5311
BLOCK06/SES067/SA067S12	SES202	-1.98113	26.55	28.5311
BLOCK06/SES067/SA067S12	SES292	-3.36786	25.1633	28.5311
BLOCK06/SES067/SA067S14	SES085	-3.16974	26.5824	29.7521
BLOCK06/SES067/SA067S14	SES177	-2.76893	26.9832	29.7521
BLOCK06/SES067/SA067S14	SES183	-1.48653	28.2656	29.7521
BLOCK06/SES067/SA067S14	SES202	-1.58435	28.1678	29.7521
BLOCK06/SES067/SA067S21	SES144	-1.45856	26.252	27.7106
BLOCK06/SES067/SA067S21	SES177	-1.79145	25.9191	27.7106
BLOCK06/SES067/SA067S21	SES183	-1.51189	26.1987	27.7106
BLOCK06/SES067/SA067S21	SES189	-1.19797	26.5126	27.7106
BLOCK06/SES067/SA067S25	SES085	-2.28168	26.4008	28.6825
BLOCK06/SES067/SA067S25	SES177	-2.62254	26.0599	28.6825
BLOCK06/SES067/SA067S25	SES183	-1.67812	27.0043	28.6825
BLOCK06/SES067/SA067S25	SES202	-2.80761	25.8749	28.6825
BLOCK06/SES067/SA067S29	SES085	-3.65145	25.2975	28.9489
BLOCK06/SES067/SA067S29	SES177	-4.14463	24.8043	28.9489
BLOCK06/SES067/SA067S29	SES183	-1.47766	27.4713	28.9489
BLOCK06/SES067/SA067S29	SES202	-1.73527	27.2137	28.9489
BLOCK06/SES069/SA069S12	SES029	-3.74521	25.4934	29.2387
BLOCK06/SES069/SA069S12	SES082	-1.00155	28.2371	29.2387
BLOCK06/SES069/SA069S12	SES087	-2.74181	26.4968	29.2387
BLOCK06/SES069/SA069S12	SES206	-1.88344	27.3552	29.2387
BLOCK06/SES069/SA069S13	SES029	-4.68941	24.1498	28.8392
BLOCK06/SES069/SA069S13	SES087	-2.58157	26.2577	28.8392
BLOCK06/SES069/SA069S13	SES206	-1.92215	26.9171	28.8392
BLOCK06/SES069/SA069S13	SES226	-1.69975	27.1395	28.8392
BLOCK06/SES069/SA069S23	SES029	-1.94255	29.2713	31.2138
BLOCK06/SES069/SA069S23	SES087	-1.36899	29.8449	31.2138
BLOCK06/SES069/SA069S23	SES206	-2.27687	28.937	31.2138
BLOCK06/SES069/SA069S23	SES226	-0.407686	30.8062	31.2138
BLOCK06/SES069/SA069S25	SES087	-2.23566	27.7186	29.9542
BLOCK06/SES069/SA069S25	SES206	-4.4234	25.5308	29.9542
BLOCK06/SES069/SA069S25	SES226	-1.49104	28.4632	29.9542
BLOCK06/SES069/SA069S25	SES270	-2.44641	27.5078	29.9542
BLOCK06/SES069/SA069S27	SES087	-3.0893	26.8979	29.9872
BLOCK06/SES069/SA069S27	SES206	-1.79666	28.1906	29.9872
BLOCK06/SES069/SA069S27	SES226	-0.734808	29.2524	29.9872
BLOCK06/SES069/SA069S27	SES270	-1.55737	28.4299	29.9872
BLOCK08/SES081/SA081S11	SES060	-4.50564	21.6344	26.14
BLOCK08/SES081/SA081S11	SES062	-3.05738	23.0826	26.14
BLOCK08/SES081/SA081S11	SES117	-3.84684	22.2932	26.14
BLOCK08/SES081/SA081S11	SES162	-3.6873	22.4527	26.14
BLOCK08/SES081/SA081S13	SES016	-2.36902	26.6358	29.0048
BLOCK08/SES081/SA081S13	SES060	-1.47256	27.5323	29.0048
BLOCK08/SES081/SA081S13	SES068	-1.2598	27.745	29.0048
BLOCK08/SES081/SA081S13	SES129	-3.10143	25.9034	29.0048
BLOCK08/SES081/SA081S24	SES060	-2.53419	24.5009	27.0351
BLOCK08/SES081/SA081S24	SES068	-1.59841	25.4367	27.0351
BLOCK08/SES081/SA081S24	SES117	-3.26938	23.7657	27.0351
BLOCK08/SES081/SA081S24	SES275	-2.53392	24.5012	27.0351
BLOCK08/SES081/SA081S27	SES007	-2.33524	24.0521	26.3874
BLOCK08/SES081/SA081S27	SES060	-4.25832	22.129	26.3874
BLOCK08/SES081/SA081S27	SES117	-2.42542	23.9619	26.3874
BLOCK08/SES081/SA081S27	SES275	-2.74582	23.6415	26.3874
BLOCK08/SES081/SA081S29	SES007	-2.52131	25.3862	27.9075
BLOCK08/SES081/SA081S29	SES060	-3.27236	24.6351	27.9075
BLOCK08/SES081/SA081S29	SES117	-3.15584	24.7516	27.9075
BLOCK08/SES081/SA081S29	SES275	-3.67171	24.2358	27.9075
BLOCK08/SES086/SA086S11	SES029	-5.80028	20.4051	26.2053
BLOCK08/SES086/SA086S11	SES082	-3.51604	22.6893	26.2053
BLOCK08/SES086/SA086S11	SES087	-2.90799	23.2973	26.2053
BLOCK08/SES086/SA086S11	SES206	-4.30132	21.904	26.2053
BLOCK08/SES086/SA086S12	SES029	-4.03033	23.9713	28.0016
BLOCK08/SES086/SA086S12	SES082	-3.75821	24.2434	28.0016
BLOCK08/SES086/SA086S12	SES087	-1.22223	26.7794	28.0016
BLOCK08/SES086/SA086S12	SES206	-3.02217	24.9794	28.0016
BLOCK08/SES086/SA086S20	SES029	-4.71684	24.5549	29.2717
BLOCK08/SES086/SA086S20	SES082	-3.93105	25.3407	29.2717
BLOCK08/SES086/SA086S20	SES087	-1.24226	28.0295	29.2717
BLOCK08/SES086/SA086S20	SES206	-1.88669	27.385	29.2717
BLOCK08/SES086/SA086S24	SES087	-1.31771	26.7129	28.0306
BLOCK08/SES086/SA086S24	SES104	-3.40726	24.6233	28.0306
BLOCK08/SES086/SA086S24	SES120	-4.14783	23.8827	28.0306
BLOCK08/SES086/SA086S24	SES206	-1.71191	26.3187	28.0306
BLOCK08/SES086/SA086S28	SES029	-3.70302	25.0044	28.7075
BLOCK08/SES086/SA086S28	SES082	-2.95037	25.7571	28.7075
BLOCK08/SES086/SA086S28	SES087	-1.63721	27.0703	28.7075
BLOCK08/SES086/SA086S28	SES206	-1.92074	26.7867	28.7075
BLOCK08/SES089/SA089S13	SES087	-3.12919	23.1677	26.2969
BLOCK08/SES089/SA089S13	SES206	-4.05037	22.2465	26.2969
BLOCK08/SES089/SA089S13	SES226	-2.37864	23.9183	26.2969
BLOCK08/SES089/SA089S13	SES270	-4.10687	22.19	26.2969
BLOCK08/SES089/SA089S14	SES062	-3.605	24.6341	28.2391
BLOCK08/SES089/SA089S14	SES087	-1.86392	26.3751	28.2391
BLOCK08/SES089/SA089S14	SES206	-4.1975	24.0416	28.2391
BLOCK08/SES089/SA089S14	SES226	-2.74112	25.4979	28.2391
BLOCK08/SES089/SA089S23	SES087	-3.55668	21.5399	25.0966
BLOCK08/SES089/SA089S23	SES206	-3.80138	21.2952	25.0966
BLOCK08/SES089/SA089S23	SES226	-3.18681	21.9098	25.0966
BLOCK08/SES089/SA089S23	SES270	-3.70529	21.3913	25.0966
BLOCK08/SES089/SA089S25	SES062	-3.88157	23.7934	27.675
BLOCK08/SES089/SA089S25	SES087	-2.53481	25.1402	27.675
BLOCK08/SES089/SA089S25	SES206	-4.55248	23.1225	27.675
BLOCK08/SES089/SA089S25	SES226	-2.57517	25.0998	27.675
BLOCK08/SES089/SA089S28	SES062	-2.58504	24.7474	27.3324
BLOCK08/SES089/SA089S28	SES087	-1.34887	25.9836	27.3324
BLOCK08/SES089/SA089S28	SES206	-2.40854	24.9239	27.3324
BLOCK08/SES089/SA089S28	SES226	-1.5036	25.8288	27.3324
BLOCK09/SES097/SA097S11	SES099	-1.10838	25.4892	26.5976
BLOCK09/SES097/SA097S11	SES125	-3.61639	22.9812	26.5976
BLOCK09/SES097/SA097S11	SES206	-2.94084	23.6568	26.5976
BLOCK09/SES097/SA097S11	SES226	-1.38652	25.2111	26.5976
BLOCK09/SES097/SA097S14	SES062	-1.83997	24.867	26.707
BLOCK09/SES097/SA097S14	SES099	-0.610416	26.0966	26.707
BLOCK09/SES097/SA097S14	SES104	-3.39369	23.3133	26.707
BLOCK09/SES097/SA097S14	SES206	-3.31802	23.389	26.707
BLOCK09/SES097/SA097S22	SES099	0.0716	27.0363	26.9647
BLOCK09/SES097/SA097S22	SES206	-3.17377	23.7909	26.9647
BLOCK09/SES097/SA097S22	SES226	-3.05304	23.9117	26.9647
BLOCK09/SES097/SA097S22	SES270	-1.30569	25.659	26.9647
BLOCK09/SES097/SA097S26	SES099	-0.564552	26.7285	27.2931
BLOCK09/SES097/SA097S26	SES120	-2.92524	24.3678	27.2931
BLOCK09/SES097/SA097S26	SES206	-3.01539	24.2777	27.2931
BLOCK09/SES097/SA097S26	SES226	-3.11668	24.1764	27.2931
BLOCK09/SES097/SA097S28	SES099	-0.999296	25.9954	26.9947
BLOCK09/SES097/SA097S28	SES120	-2.69518	24.2995	26.9947
BLOCK09/SES097/SA097S28	SES206	-3.2018	23.7929	26.9947
BLOCK09/SES097/SA097S28	SES226	-4.00237	22.9923	26.9947
BLOCK09/SES098/SA098S11	SES127	-3.69504	21.722	25.4171
BLOCK09/SES098/SA098S11	SES144	-3.42162	21.9955	25.4171
BLOCK09/SES098/SA098S11	SES147	-1.99673	23.4204	25.4171
BLOCK09/SES098/SA098S11	SES148	-5.18198	20.2351	25.4171
BLOCK09/SES098/SA098S12	SES127	-7.01557	16.1927	23.2083
BLOCK09/SES098/SA098S12	SES144	-4.13992	19.0684	23.2083
BLOCK09/SES098/SA098S12	SES147	-3.1335	20.0748	23.2083
BLOCK09/SES098/SA098S12	SES189	-2.65136	20.5569	23.2083
BLOCK09/SES098/SA098S20	SES127	-5.76413	18.6671	24.4312
BLOCK09/SES098/SA098S20	SES147	-2.8325	21.5987	24.4312
BLOCK09/SES098/SA098S20	SES148	-5.73068	18.7006	24.4312
BLOCK09/SES098/SA098S20	SES292	-4.59673	19.8345	24.4312
BLOCK09/SES098/SA098S23	SES127	-4.08781	21.9889	26.0767
BLOCK09/SES098/SA098S23	SES147	-2.49419	23.5825	26.0767
BLOCK09/SES098/SA098S23	SES187	-2.50353	23.5731	26.0767
BLOCK09/SES098/SA098S23	SES292	-3.74153	22.3351	26.0767
BLOCK09/SES098/SA098S27	SES127	-5.43273	18.7754	24.2082
BLOCK09/SES098/SA098S27	SES147	-3.91381	20.2943	24.2082
BLOCK09/SES098/SA098S27	SES148	-5.47689	18.7313	24.2082
BLOCK09/SES098/SA098S27	SES292	-4.03812	20.17	24.2082
BLOCK10/SES102/SA102S13	SES101	-2.28533	22.8211	25.1064
BLOCK10/SES102/SA102S13	SES105	-2.6791	22.4273	25.1064
BLOCK10/SES102/SA102S13	SES120	-2.47522	22.6312	25.1064
BLOCK10/SES102/SA102S13	SES158	-4.9385	20.1679	25.1064
BLOCK10/SES102/SA102S14	SES007	-1.12684	27.7708	28.8976
BLOCK10/SES102/SA102S14	SES101	-1.0242	27.8734	28.8976
BLOCK10/SES102/SA102S14	SES105	-1.34373	27.5539	28.8976
BLOCK10/SES102/SA102S14	SES147	-4.27684	24.6208	28.8976
BLOCK10/SES102/SA102S22	SES007	-2.70265	25.4686	28.1713
BLOCK10/SES102/SA102S22	SES101	-1.66889	26.5024	28.1713
BLOCK10/SES102/SA102S22	SES105	-1.72733	26.444	28.1713
BLOCK10/SES102/SA102S22	SES158	-4.37892	23.7924	28.1713
BLOCK10/SES102/SA102S25	SES007	-2.31152	26.8231	29.1346
BLOCK10/SES102/SA102S25	SES101	-1.2327	27.9019	29.1346
BLOCK10/SES102/SA102S25	SES105	-2.17216	26.9624	29.1346
BLOCK10/SES102/SA102S25	SES147	-4.37123	24.7634	29.1346
BLOCK10/SES102/SA102S27	SES007	-2.535	24.7723	27.3073
BLOCK10/SES102/SA102S27	SES101	-1.36135	25.946	27.3073
BLOCK10/SES102/SA102S27	SES105	-2.1829	25.1244	27.3073
BLOCK10/SES102/SA102S27	SES147	-3.71221	23.5951	27.3073
BLOCK10/SES103/SA103S14	SES105	-4.06315	21.662	25.7251
BLOCK10/SES103/SA103S14	SES106	-2.77081	22.9543	25.7251
BLOCK10/SES103/SA103S14	SES120	-4.01587	21.7093	25.7251
BLOCK10/SES103/SA103S14	SES206	-4.90548	20.8197	25.7251
BLOCK10/SES103/SA103S15	SES099	-3.22312	20.5792	23.8023
BLOCK10/SES103/SA103S15	SES101	-5.69343	18.1089	23.8023
BLOCK10/SES103/SA103S15	SES104	-3.61484	20.1875	23.8023
BLOCK10/SES103/SA103S15	SES125	-3.36001	20.4423	23.8023
BLOCK10/SES103/SA103S24	SES104	-2.95025	24.9852	27.9355
BLOCK10/SES103/SA103S24	SES125	-3.10419	24.8313	27.9355
BLOCK10/SES103/SA103S24	SES148	-4.28789	23.6476	27.9355
BLOCK10/SES103/SA103S24	SES158	-2.51573	25.4197	27.9355
BLOCK10/SES103/SA103S26	SES104	-3.67402	20.6264	24.3004
BLOCK10/SES103/SA103S26	SES106	-2.26991	22.0305	24.3004
BLOCK10/SES103/SA103S26	SES125	-3.68334	20.6171	24.3004
BLOCK10/SES103/SA103S26	SES148	-5.44371	18.8567	24.3004
BLOCK10/SES103/SA103S28	SES104	-3.75796	18.897	22.6549
BLOCK10/SES103/SA103S28	SES106	-1.94553	20.7094	22.6549
BLOCK10/SES103/SA103S28	SES125	-4.20527	18.4497	22.6549
BLOCK10/SES103/SA103S28	SES206	-6.057	16.5979	22.6549
BLOCK12/SES121/SA121S12	SES042	-5.0898	18.3525	23.4423
BLOCK12/SES121/SA121S12	SES087	-4.25306	19.1892	23.4423
BLOCK12/SES121/SA121S12	SES105	-2.73366	20.7086	23.4423
BLOCK12/SES121/SA121S12	SES206	-4.05577	19.3865	23.4423
BLOCK12/SES121/SA121S14	SES007	-3.4479	19.7396	23.1875
BLOCK12/SES121/SA121S14	SES105	-3.72472	19.4628	23.1875
BLOCK12/SES121/SA121S14	SES106	-3.29876	19.8887	23.1875
BLOCK12/SES121/SA121S14	SES206	-4.88877	18.2987	23.1875
BLOCK12/SES121/SA121S23	SES105	-3.98369	19.7094	23.6931
BLOCK12/SES121/SA121S23	SES106	-2.40397	21.2891	23.6931
BLOCK12/SES121/SA121S23	SES120	-3.28235	20.4107	23.6931
BLOCK12/SES121/SA121S23	SES206	-3.65132	20.0418	23.6931
BLOCK12/SES121/SA121S25	SES007	-2.573	18.4269	20.9999
BLOCK12/SES121/SA121S25	SES105	-3.73848	17.2614	20.9999
BLOCK12/SES121/SA121S25	SES106	-3.95615	17.0437	20.9999
BLOCK12/SES121/SA121S25	SES206	-5.81156	15.1883	20.9999
BLOCK12/SES121/SA121S27	SES087	-2.81106	20.2386	23.0497
BLOCK12/SES121/SA121S27	SES105	-5.30387	17.7458	23.0497
BLOCK12/SES121/SA121S27	SES120	-1.61354	21.4361	23.0497
BLOCK12/SES121/SA121S27	SES206	-4.63607	18.4136	23.0497
BLOCK12/SES124/SA124S16	SES042	-1.38897	24.825	26.2139
BLOCK12/SES124/SA124S16	SES082	-2.47381	23.7401	26.2139
BLOCK12/SES124/SA124S16	SES183	-3.87109	22.3429	26.2139
BLOCK12/SES124/SA124S16	SES206	-3.95211	22.2618	26.2139
BLOCK12/SES124/SA124S17	SES105	-3.96982	20.0351	24.005
BLOCK12/SES124/SA124S17	SES149	-6.62436	17.3806	24.005
BLOCK12/SES124/SA124S17	SES158	-4.28724	19.7177	24.005
BLOCK12/SES124/SA124S17	SES275	-2.68364	21.3213	24.005
BLOCK12/SES124/SA124S23	SES105	-4.02464	24.1835	28.2082
BLOCK12/SES124/SA124S23	SES125	-1.11146	27.0967	28.2082
BLOCK12/SES124/SA124S23	SES129	-3.77966	24.4285	28.2082
BLOCK12/SES124/SA124S23	SES158	-1.5614	26.6468	28.2082
BLOCK12/SES124/SA124S26	SES105	-5.03663	22.5778	27.6145
BLOCK12/SES124/SA124S26	SES125	-2.92625	24.6882	27.6145
BLOCK12/SES124/SA124S26	SES129	-4.86836	22.7461	27.6145
BLOCK12/SES124/SA124S26	SES158	-3.50289	24.1116	27.6145
BLOCK12/SES124/SA124S28	SES104	-2.30496	25.0721	27.3771
BLOCK12/SES124/SA124S28	SES106	-1.83809	25.539	27.3771
BLOCK12/SES124/SA124S28	SES125	-1.13991	26.2372	27.3771
BLOCK12/SES124/SA124S28	SES275	-3.86968	23.5074	27.3771
BLOCK12/SES126/SA126S13	SES007	-3.17923	22.1656	25.3448
BLOCK12/SES126/SA126S13	SES162	-3.21671	22.1281	25.3448
BLOCK12/SES126/SA126S13	SES177	-2.6939	22.6509	25.3448
BLOCK12/SES126/SA126S13	SES180	-3.23298	22.1119	25.3448
BLOCK12/SES126/SA126S14	SES144	-2.17331	25.3103	27.4836
BLOCK12/SES126/SA126S14	SES148	-2.59373	24.8898	27.4836
BLOCK12/SES126/SA126S14	SES177	-1.73701	25.7466	27.4836
BLOCK12/SES126/SA126S14	SES180	-2.86828	24.6153	27.4836
BLOCK12/SES126/SA126S20	SES007	-3.72205	22.5318	26.2539
BLOCK12/SES126/SA126S20	SES162	-3.91771	22.3362	26.2539
BLOCK12/SES126/SA126S20	SES172	-6.56974	19.6841	26.2539
BLOCK12/SES126/SA126S20	SES180	-3.99363	22.2603	26.2539
BLOCK12/SES126/SA126S24	SES120	-2.23378	25.8831	28.1168
BLOCK12/SES126/SA126S24	SES162	-3.11915	24.9977	28.1168
BLOCK12/SES126/SA126S24	SES177	-2.16999	25.9468	28.1168
BLOCK12/SES126/SA126S24	SES180	-2.33938	25.7775	28.1168
BLOCK12/SES126/SA126S26	SES120	-1.88687	24.5275	26.4144
BLOCK12/SES126/SA126S26	SES177	-2.27302	24.1414	26.4144
BLOCK12/SES126/SA126S26	SES180	-2.97252	23.4419	26.4144
BLOCK12/SES126/SA126S26	SES202	-3.0383	23.3761	26.4144
BLOCK12/SES128/SA128S10	SES087	-3.71537	24.1362	27.8516
BLOCK12/SES128/SA128S10	SES206	-2.80355	25.0481	27.8516
BLOCK12/SES128/SA128S10	SES226	-1.7319	26.1197	27.8516
BLOCK12/SES128/SA128S10	SES270	-1.68393	26.1677	27.8516
BLOCK12/SES128/SA128S12	SES120	-2.25132	24.9757	27.2271
BLOCK12/SES128/SA128S12	SES158	-3.33663	23.8904	27.2271
BLOCK12/SES128/SA128S12	SES206	-2.74423	24.4828	27.2271
BLOCK12/SES128/SA128S12	SES226	-3.07933	24.1477	27.2271
BLOCK12/SES128/SA128S21	SES106	-4.97441	20.4661	25.4405
BLOCK12/SES128/SA128S21	SES120	-3.14681	22.2937	25.4405
BLOCK12/SES128/SA128S21	SES206	-3.25934	22.1811	25.4405
BLOCK12/SES128/SA128S21	SES226	-2.7818	22.6587	25.4405
BLOCK12/SES128/SA128S24	SES087	-3.57462	22.6287	26.2034
BLOCK12/SES128/SA128S24	SES120	-1.85237	24.351	26.2034
BLOCK12/SES128/SA128S24	SES206	-2.97766	23.2257	26.2034
BLOCK12/SES128/SA128S24	SES226	-3.18288	23.0205	26.2034
BLOCK12/SES128/SA128S27	SES099	-1.70301	26.6597	28.3628
BLOCK12/SES128/SA128S27	SES120	-2.13532	26.2274	28.3628
BLOCK12/SES128/SA128S27	SES206	-3.10612	25.2566	28.3628
BLOCK12/SES128/SA128S27	SES226	-2.63745	25.7253	28.3628
BLOCK13/SES130/SA130S13	SES143	-1.94152	24.2948	26.2363
BLOCK13/SES130/SA130S13	SES144	-1.57888	24.6574	26.2363
BLOCK13/SES130/SA130S13	SES146	-2.55844	23.6779	26.2363
BLOCK13/SES130/SA130S13	SES275	-2.9171	23.3192	26.2363
BLOCK13/SES130/SA130S15	SES143	-2.7037	25.9154	28.6191
BLOCK13/SES130/SA130S15	SES144	-1.78582	26.8333	28.6191
BLOCK13/SES130/SA130S15	SES146	-2.68795	25.9312	28.6191
BLOCK13/SES130/SA130S15	SES275	-2.26301	26.3561	28.6191
BLOCK13/SES130/SA130S23	SES127	-4.30738	21.998	26.3054
BLOCK13/SES130/SA130S23	SES144	-3.13556	23.1699	26.3054
BLOCK13/SES130/SA130S23	SES146	-2.91438	23.391	26.3054
BLOCK13/SES130/SA130S23	SES162	-2.80087	23.5045	26.3054
BLOCK13/SES130/SA130S25	SES127	-2.12425	26.7544	28.8787
BLOCK13/SES130/SA130S25	SES144	-1.2368	27.6419	28.8787
BLOCK13/SES130/SA130S25	SES146	-1.75059	27.1281	28.8787
BLOCK13/SES130/SA130S25	SES275	-1.82852	27.0502	28.8787
BLOCK13/SES130/SA130S28	SES127	-2.82925	24.4619	27.2912
BLOCK13/SES130/SA130S28	SES144	-2.39465	24.8965	27.2912
BLOCK13/SES130/SA130S28	SES146	-1.79253	25.4987	27.2912
BLOCK13/SES130/SA130S28	SES275	-1.46256	25.8286	27.2912
BLOCK13/SES131/SA131S13	SES002	-4.37257	19.8518	24.2244
BLOCK13/SES131/SA131S13	SES007	-3.39234	20.8321	24.2244
BLOCK13/SES131/SA131S13	SES099	-4.32686	19.8975	24.2244
BLOCK13/SES131/SA131S13	SES105	-3.94315	20.2813	24.2244
BLOCK13/SES131/SA131S14	SES104	-1.95591	25.0573	27.0132
BLOCK13/SES131/SA131S14	SES106	-2.84199	24.1712	27.0132
BLOCK13/SES131/SA131S14	SES125	-2.81976	24.1934	27.0132
BLOCK13/SES131/SA131S14	SES148	-2.85057	24.1626	27.0132
BLOCK13/SES131/SA131S20	SES104	-4.4365	19.3193	23.7558
BLOCK13/SES131/SA131S20	SES106	-3.11065	20.6452	23.7558
BLOCK13/SES131/SA131S20	SES125	-4.844	18.9118	23.7558
BLOCK13/SES131/SA131S20	SES148	-3.48385	20.272	23.7558
BLOCK13/SES131/SA131S22	SES099	-3.60084	22.0687	25.6695
BLOCK13/SES131/SA131S22	SES104	-3.47195	22.1976	25.6695
BLOCK13/SES131/SA131S22	SES125	-3.9929	21.6766	25.6695
BLOCK13/SES131/SA131S22	SES206	-5.04042	20.6291	25.6695
BLOCK13/SES131/SA131S29	SES087	-4.36116	20.3112	24.6724
BLOCK13/SES131/SA131S29	SES104	-5.29622	19.3761	24.6724
BLOCK13/SES131/SA131S29	SES125	-5.07152	19.6008	24.6724
BLOCK13/SES131/SA131S29	SES206	-5.15032	19.522	24.6724
BLOCK13/SES132/SA132S11	SES083	-3.28513	24.9461	28.2312
BLOCK13/SES132/SA132S11	SES120	-1.08807	27.1431	28.2312
BLOCK13/SES132/SA132S11	SES127	-2.72537	25.5058	28.2312
BLOCK13/SES132/SA132S11	SES275	-2.3434	25.8878	28.2312
BLOCK13/SES132/SA132S12	SES083	-3.26134	25.4321	28.6934
BLOCK13/SES132/SA132S12	SES143	-2.56152	26.1319	28.6934
BLOCK13/SES132/SA132S12	SES144	-2.78538	25.908	28.6934
BLOCK13/SES132/SA132S12	SES148	-1.95759	26.7358	28.6934
BLOCK13/SES132/SA132S22	SES062	-1.35893	27.3977	28.7567
BLOCK13/SES132/SA132S22	SES083	-2.19099	26.5657	28.7567
BLOCK13/SES132/SA132S22	SES127	-2.189	26.5677	28.7567
BLOCK13/SES132/SA132S22	SES275	-1.43711	27.3195	28.7567
BLOCK13/SES132/SA132S24	SES007	-2.33237	27.3349	29.6672
BLOCK13/SES132/SA132S24	SES083	-3.44248	26.2248	29.6672
BLOCK13/SES132/SA132S24	SES127	-2.87867	26.7886	29.6672
BLOCK13/SES132/SA132S24	SES275	-2.31434	27.3529	29.6672
BLOCK13/SES132/SA132S27	SES083	-3.63739	24.4941	28.1315
BLOCK13/SES132/SA132S27	SES120	-1.80439	26.3271	28.1315
BLOCK13/SES132/SA132S27	SES127	-3.55849	24.573	28.1315
BLOCK13/SES132/SA132S27	SES275	-2.83013	25.3014	28.1315
BLOCK14/SES141/SA141S09	SES143	-1.95694	25.7045	27.6614
BLOCK14/SES141/SA141S09	SES144	-1.89582	25.7656	27.6614
BLOCK14/SES141/SA141S09	SES162	-2.63639	25.025	27.6614
BLOCK14/SES141/SA141S09	SES180	-2.36121	25.3002	27.6614
BLOCK14/SES141/SA141S15	SES127	-3.21058	23.9747	27.1853
BLOCK14/SES141/SA141S15	SES144	-2.91475	24.2705	27.1853
BLOCK14/SES141/SA141S15	SES162	-3.64411	23.5412	27.1853
BLOCK14/SES141/SA141S15	SES180	-2.74338	24.4419	27.1853
BLOCK14/SES141/SA141S24	SES127	-2.39414	25.3657	27.7598
BLOCK14/SES141/SA141S24	SES144	-2.6913	25.0685	27.7598
BLOCK14/SES141/SA141S24	SES162	-2.08446	25.6754	27.7598
BLOCK14/SES141/SA141S24	SES183	-2.99434	24.7655	27.7598
BLOCK14/SES141/SA141S26	SES142	-3.42361	23.8255	27.2491
BLOCK14/SES141/SA141S26	SES144	-3.12902	24.1201	27.2491
BLOCK14/SES141/SA141S26	SES172	-3.25227	23.9969	27.2491
BLOCK14/SES141/SA141S26	SES180	-3.20574	24.0434	27.2491
BLOCK14/SES141/SA141S29	SES127	-2.2935	24.928	27.2215
BLOCK14/SES141/SA141S29	SES142	-1.24626	25.9753	27.2215
BLOCK14/SES141/SA141S29	SES144	-2.932	24.2895	27.2215
BLOCK14/SES141/SA141S29	SES180	-1.86304	25.3585	27.2215
BLOCK15/SES157/SA157S08	SES083	-4.13675	23.6449	27.7817
BLOCK15/SES157/SA157S08	SES127	-2.39236	25.3893	27.7817
BLOCK15/SES157/SA157S08	SES148	-2.81342	24.9682	27.7817
BLOCK15/SES157/SA157S08	SES292	-2.8707	24.911	27.7817
BLOCK15/SES157/SA157S11	SES083	-3.59454	25.4346	29.0291
BLOCK15/SES157/SA157S11	SES127	-2.75974	26.2694	29.0291
BLOCK15/SES157/SA157S11	SES148	-3.55354	25.4756	29.0291
BLOCK15/SES157/SA157S11	SES292	-3.46427	25.5648	29.0291
BLOCK15/SES157/SA157S21	SES127	-2.27004	26.6262	28.8962
BLOCK15/SES157/SA157S21	SES148	-1.24463	27.6516	28.8962
BLOCK15/SES157/SA157S21	SES158	-7.27068	21.6255	28.8962
BLOCK15/SES157/SA157S21	SES292	-2.86543	26.0308	28.8962
BLOCK15/SES157/SA157S24	SES127	-2.68449	26.3212	29.0057
BLOCK15/SES157/SA157S24	SES148	-2.86011	26.1456	29.0057
BLOCK15/SES157/SA157S24	SES183	-3.31866	25.687	29.0057
BLOCK15/SES157/SA157S24	SES292	-2.9745	26.0312	29.0057
BLOCK15/SES157/SA157S26	SES007	-1.69976	27.1485	28.8482
BLOCK15/SES157/SA157S26	SES127	-1.99739	26.8509	28.8482
BLOCK15/SES157/SA157S26	SES147	-3.64802	25.2002	28.8482
BLOCK15/SES157/SA157S26	SES148	-2.42089	26.4274	28.8482
BLOCK16/SES161/SA161S10	SES007	-3.41251	22.0469	25.4594
BLOCK16/SES161/SA161S10	SES105	-2.50052	22.9589	25.4594
BLOCK16/SES161/SA161S10	SES158	-3.48643	21.9729	25.4594
BLOCK16/SES161/SA161S10	SES275	-2.40482	23.0546	25.4594
BLOCK16/SES161/SA161S12	SES007	-4.181	22.2816	26.4626
BLOCK16/SES161/SA161S12	SES105	-4.46496	21.9977	26.4626
BLOCK16/SES161/SA161S12	SES158	-3.84854	22.6141	26.4626
BLOCK16/SES161/SA161S12	SES275	-2.59916	23.8635	26.4626
BLOCK16/SES161/SA161S20	SES007	-2.92833	21.7918	24.7201
BLOCK16/SES161/SA161S20	SES105	-3.65841	21.0617	24.7201
BLOCK16/SES161/SA161S20	SES158	-3.44874	21.2714	24.7201
BLOCK16/SES161/SA161S20	SES275	-3.03281	21.6873	24.7201
BLOCK16/SES161/SA161S23	SES007	-4.49726	21.7821	26.2793
BLOCK16/SES161/SA161S23	SES105	-2.69737	23.582	26.2793
BLOCK16/SES161/SA161S23	SES148	-3.13005	23.1493	26.2793
BLOCK16/SES161/SA161S23	SES158	-3.63866	22.6407	26.2793
BLOCK16/SES161/SA161S28	SES007	-4.30489	22.5186	26.8235
BLOCK16/SES161/SA161S28	SES105	-3.82484	22.9986	26.8235
BLOCK16/SES161/SA161S28	SES158	-3.06967	23.7538	26.8235
BLOCK16/SES161/SA161S28	SES206	-3.7075	23.116	26.8235
BLOCK16/SES164/SA164S11	SES104	-3.04242	24.6811	27.7235
BLOCK16/SES164/SA164S11	SES125	-2.32142	25.4021	27.7235
BLOCK16/SES164/SA164S11	SES158	-1.09942	26.6241	27.7235
BLOCK16/SES164/SA164S11	SES206	-3.4664	24.2571	27.7235
BLOCK16/SES164/SA164S13	SES099	-2.38961	23.7647	26.1543
BLOCK16/SES164/SA164S13	SES104	-3.22836	22.9259	26.1543
BLOCK16/SES164/SA164S13	SES125	-3.8941	22.2602	26.1543
BLOCK16/SES164/SA164S13	SES206	-3.65657	22.4977	26.1543
BLOCK16/SES164/SA164S24	SES002	-1.7941	25.0708	26.8649
BLOCK16/SES164/SA164S24	SES099	-2.73573	24.1291	26.8649
BLOCK16/SES164/SA164S24	SES125	-3.88952	22.9753	26.8649
BLOCK16/SES164/SA164S24	SES226	-1.91638	24.9485	26.8649
BLOCK16/SES164/SA164S27	SES087	-3.30574	23.1389	26.4447
BLOCK16/SES164/SA164S27	SES125	-3.38005	23.0646	26.4447
BLOCK16/SES164/SA164S27	SES206	-3.88854	22.5561	26.4447
BLOCK16/SES164/SA164S27	SES226	-3.15637	23.2883	26.4447
BLOCK16/SES164/SA164S29	SES002	-0.961416	25.3412	26.3026
BLOCK16/SES164/SA164S29	SES019	-2.56423	23.7383	26.3026
BLOCK16/SES164/SA164S29	SES125	-2.65072	23.6519	26.3026
BLOCK16/SES164/SA164S29	SES226	-3.03232	23.2703	26.3026
BLOCK16/SES169/SA169S13	SES117	-2.54726	24.4957	27.043
BLOCK16/SES169/SA169S13	SES144	-2.39979	24.6432	27.043
BLOCK16/SES169/SA169S13	SES146	-2.34329	24.6997	27.043
BLOCK16/SES169/SA169S13	SES162	-2.70125	24.3417	27.043
BLOCK16/SES169/SA169S14	SES144	-2.87064	24.9136	27.7842
BLOCK16/SES169/SA169S14	SES148	-3.12517	24.6591	27.7842
BLOCK16/SES169/SA169S14	SES177	-2.26716	25.5171	27.7842
BLOCK16/SES169/SA169S14	SES180	-3.3174	24.4668	27.7842
BLOCK16/SES169/SA169S24	SES117	-1.94443	23.3983	25.3428
BLOCK16/SES169/SA169S24	SES144	-1.87694	23.4658	25.3428
BLOCK16/SES169/SA169S24	SES146	-2.11163	23.2311	25.3428
BLOCK16/SES169/SA169S24	SES162	-1.82835	23.5144	25.3428
BLOCK16/SES169/SA169S27	SES127	-2.41078	24.6553	27.0661
BLOCK16/SES169/SA169S27	SES129	-3.26917	23.7969	27.0661
BLOCK16/SES169/SA169S27	SES144	-2.94458	24.1215	27.0661
BLOCK16/SES169/SA169S27	SES146	-1.49024	25.5759	27.0661
BLOCK16/SES169/SA169S29	SES144	-2.40198	25.752	28.154
BLOCK16/SES169/SA169S29	SES162	-1.89707	26.2569	28.154
BLOCK16/SES169/SA169S29	SES177	-3.70948	24.4445	28.154
BLOCK16/SES169/SA169S29	SES180	-2.63895	25.515	28.154
BLOCK17/SES171/SA171S12	SES083	-2.2919	24.2494	26.5413
BLOCK17/SES171/SA171S12	SES148	-3.52041	23.0209	26.5413
BLOCK17/SES171/SA171S12	SES172	-3.03802	23.5033	26.5413
BLOCK17/SES171/SA171S12	SES292	-3.84227	22.699	26.5413
BLOCK17/SES171/SA171S15	SES148	-3.2316	22.9055	26.1371
BLOCK17/SES171/SA171S15	SES177	-2.69736	23.4398	26.1371
BLOCK17/SES171/SA171S15	SES180	-5.14053	20.9966	26.1371
BLOCK17/SES171/SA171S15	SES292	-3.94056	22.1966	26.1371
BLOCK17/SES171/SA171S22	SES007	-2.26884	25.5139	27.7828
BLOCK17/SES171/SA171S22	SES148	-2.51714	25.2656	27.7828
BLOCK17/SES171/SA171S22	SES177	-1.77469	26.0081	27.7828
BLOCK17/SES171/SA171S22	SES180	-3.56336	24.2194	27.7828
BLOCK17/SES171/SA171S25	SES101	-4.00735	20.5689	24.5763
BLOCK17/SES171/SA171S25	SES120	-4.52664	20.0496	24.5763
BLOCK17/SES171/SA171S25	SES177	-2.5152	22.0611	24.5763
BLOCK17/SES171/SA171S25	SES180	-4.57701	19.9993	24.5763
BLOCK17/SES171/SA171S27	SES177	-2.31567	23.7928	26.1085
BLOCK17/SES171/SA171S27	SES180	-4.24894	21.8595	26.1085
BLOCK17/SES171/SA171S27	SES189	-2.30867	23.7998	26.1085
BLOCK17/SES171/SA171S27	SES292	-3.82245	22.286	26.1085
BLOCK17/SES173/SA173S13	SES162	-4.75917	21.3689	26.1281
BLOCK17/SES173/SA173S13	SES177	-3.49042	22.6377	26.1281
BLOCK17/SES173/SA173S13	SES180	-5.06806	21.06	26.1281
BLOCK17/SES173/SA173S13	SES292	-3.26979	22.8583	26.1281
BLOCK17/SES173/SA173S14	SES007	-3.55475	21.4588	25.0135
BLOCK17/SES173/SA173S14	SES162	-4.90914	20.1044	25.0135
BLOCK17/SES173/SA173S14	SES177	-2.82383	22.1897	25.0135
BLOCK17/SES173/SA173S14	SES180	-4.85913	20.1544	25.0135
BLOCK17/SES173/SA173S24	SES144	-3.25374	20.6842	23.938
BLOCK17/SES173/SA173S24	SES162	-4.68635	19.2516	23.938
BLOCK17/SES173/SA173S24	SES177	-2.88213	21.0558	23.938
BLOCK17/SES173/SA173S24	SES180	-4.38248	19.5555	23.938
BLOCK17/SES173/SA173S27	SES162	-5.48737	19.9578	25.4452
BLOCK17/SES173/SA173S27	SES177	-3.27021	22.175	25.4452
BLOCK17/SES173/SA173S27	SES180	-4.27746	21.1677	25.4452
BLOCK17/SES173/SA173S27	SES292	-2.98068	22.4645	25.4452
BLOCK17/SES173/SA173S29	SES162	-4.61182	20.0055	24.6173
BLOCK17/SES173/SA173S29	SES175	-3.09608	21.5213	24.6173
BLOCK17/SES173/SA173S29	SES177	-3.23814	21.3792	24.6173
BLOCK17/SES173/SA173S29	SES292	-4.77187	19.8455	24.6173
BLOCK18/SES182/SA182S10	SES144	-2.85117	23.6973	26.5484
BLOCK18/SES182/SA182S10	SES177	-2.5923	23.9561	26.5484
BLOCK18/SES182/SA182S10	SES180	-3.81961	22.7288	26.5484
BLOCK18/SES182/SA182S10	SES275	-1.88226	24.6662	26.5484
BLOCK18/SES182/SA182S12	SES144	-1.79829	24.9161	26.7144
BLOCK18/SES182/SA182S12	SES177	-2.86626	23.8482	26.7144
BLOCK18/SES182/SA182S12	SES180	-2.75655	23.9579	26.7144
BLOCK18/SES182/SA182S12	SES275	-1.41455	25.2999	26.7144
BLOCK18/SES182/SA182S21	SES117	-2.39446	23.0022	25.3967
BLOCK18/SES182/SA182S21	SES144	-3.54794	21.8488	25.3967
BLOCK18/SES182/SA182S21	SES162	-2.90859	22.4881	25.3967
BLOCK18/SES182/SA182S21	SES180	-4.22721	21.1695	25.3967
BLOCK18/SES182/SA182S23	SES117	-1.50944	24.9456	26.455
BLOCK18/SES182/SA182S23	SES144	-3.05209	23.403	26.455
BLOCK18/SES182/SA182S23	SES180	-3.86594	22.5891	26.455
BLOCK18/SES182/SA182S23	SES275	-1.5448	24.9102	26.455
BLOCK18/SES182/SA182S25	SES007	-1.70383	24.5934	26.2972
BLOCK18/SES182/SA182S25	SES162	-1.9481	24.3491	26.2972
BLOCK18/SES182/SA182S25	SES177	-2.26619	24.031	26.2972
BLOCK18/SES182/SA182S25	SES180	-3.59392	22.7033	26.2972
BLOCK18/SES184/SA184S12	SES177	-2.57007	24.3535	26.9236
BLOCK18/SES184/SA184S12	SES180	-3.24877	23.6748	26.9236
BLOCK18/SES184/SA184S12	SES189	-3.31733	23.6063	26.9236
BLOCK18/SES184/SA184S12	SES292	-3.0466	23.877	26.9236
BLOCK18/SES184/SA184S13	SES101	-3.33857	23.7685	27.1071
BLOCK18/SES184/SA184S13	SES177	-2.86888	24.2382	27.1071
BLOCK18/SES184/SA184S13	SES180	-3.37902	23.7281	27.1071
BLOCK18/SES184/SA184S13	SES292	-3.26663	23.8405	27.1071
BLOCK18/SES184/SA184S22	SES177	-2.87215	25.7848	28.657
BLOCK18/SES184/SA184S22	SES180	-3.32158	25.3354	28.657
BLOCK18/SES184/SA184S22	SES189	-3.90902	24.7479	28.657
BLOCK18/SES184/SA184S22	SES292	-3.33199	25.325	28.657
BLOCK18/SES184/SA184S25	SES101	-2.02352	27.6442	29.6677
BLOCK18/SES184/SA184S25	SES177	-2.89039	26.7773	29.6677
BLOCK18/SES184/SA184S25	SES180	-2.79853	26.8692	29.6677
BLOCK18/SES184/SA184S25	SES292	-2.75843	26.9093	29.6677
BLOCK18/SES184/SA184S27	SES083	-2.47662	24.4302	26.9068
BLOCK18/SES184/SA184S27	SES177	-2.192	24.7148	26.9068
BLOCK18/SES184/SA184S27	SES202	-3.27668	23.6302	26.9068
BLOCK18/SES184/SA184S27	SES292	-3.15433	23.7525	26.9068
BLOCK20/SES204/SA204S12	SES062	-3.03646	25.9142	28.9507
BLOCK20/SES204/SA204S12	SES083	-4.00965	24.941	28.9507
BLOCK20/SES204/SA204S12	SES206	-3.25786	25.6928	28.9507
BLOCK20/SES204/SA204S12	SES226	-3.76259	25.1881	28.9507
BLOCK20/SES204/SA204S14	SES068	-2.78966	28.0092	30.7989
BLOCK20/SES204/SA204S14	SES087	-1.84006	28.9588	30.7989
BLOCK20/SES204/SA204S14	SES206	-2.71182	28.0871	30.7989
BLOCK20/SES204/SA204S14	SES226	-3.84757	26.9513	30.7989
BLOCK20/SES204/SA204S22	SES068	-3.72205	25.6454	29.3674
BLOCK20/SES204/SA204S22	SES082	-5.93535	23.4321	29.3674
BLOCK20/SES204/SA204S22	SES083	-5.02851	24.3389	29.3674
BLOCK20/SES204/SA204S22	SES206	-3.81099	25.5564	29.3674
BLOCK20/SES204/SA204S25	SES062	-3.96148	25.4538	29.4153
BLOCK20/SES204/SA204S25	SES083	-4.39787	25.0174	29.4153
BLOCK20/SES204/SA204S25	SES206	-3.43241	25.9829	29.4153
BLOCK20/SES204/SA204S25	SES226	-3.89022	25.5251	29.4153
BLOCK20/SES204/SA204S27	SES068	-2.99318	25.3176	28.3108
BLOCK20/SES204/SA204S27	SES082	-5.11437	23.1964	28.3108
BLOCK20/SES204/SA204S27	SES087	-2.44044	25.8704	28.3108
BLOCK20/SES204/SA204S27	SES206	-3.20284	25.108	28.3108
BLOCK20/SES207/SA207S10	SES127	-2.67883	23.5896	26.2684
BLOCK20/SES207/SA207S10	SES183	-2.69038	23.578	26.2684
BLOCK20/SES207/SA207S10	SES189	-3.29731	22.9711	26.2684
BLOCK20/SES207/SA207S10	SES292	-3.3978	22.8706	26.2684
BLOCK20/SES207/SA207S11	SES127	-3.54375	22.8488	26.3926
BLOCK20/SES207/SA207S11	SES183	-2.94391	23.4486	26.3926
BLOCK20/SES207/SA207S11	SES187	-2.87642	23.5161	26.3926
BLOCK20/SES207/SA207S11	SES292	-2.25334	24.1392	26.3926
BLOCK20/SES207/SA207S25	SES068	-2.97246	23.9194	26.8918
BLOCK20/SES207/SA207S25	SES083	-3.36201	23.5298	26.8918
BLOCK20/SES207/SA207S25	SES127	-2.24482	24.647	26.8918
BLOCK20/SES207/SA207S25	SES187	-2.22503	24.6668	26.8918
BLOCK20/SES207/SA207S27	SES127	-3.68087	21.1178	24.7987
BLOCK20/SES207/SA207S27	SES183	-2.32546	22.4733	24.7987
BLOCK20/SES207/SA207S27	SES187	-3.16853	21.6302	24.7987
BLOCK20/SES207/SA207S27	SES292	-3.86343	20.9353	24.7987
BLOCK20/SES207/SA207S29	SES083	-3.54145	23.0794	26.6209
BLOCK20/SES207/SA207S29	SES085	-1.0614	25.5595	26.6209
BLOCK20/SES207/SA207S29	SES172	-2.72311	23.8978	26.6209
BLOCK20/SES207/SA207S29	SES189	-3.26827	23.3526	26.6209
BLOCK22/SES221/SA221S12	SES068	-3.07228	23.4979	26.5702
BLOCK22/SES221/SA221S12	SES143	-2.59586	23.9744	26.5702
BLOCK22/SES221/SA221S12	SES175	-2.99662	23.5736	26.5702
BLOCK22/SES221/SA221S12	SES202	-2.92421	23.646	26.5702
BLOCK22/SES221/SA221S15	SES085	-3.07589	21.8776	24.9535
BLOCK22/SES221/SA221S15	SES143	-3.52343	21.4301	24.9535
BLOCK22/SES221/SA221S15	SES175	-2.96419	21.9893	24.9535
BLOCK22/SES221/SA221S15	SES187	-3.61433	21.3392	24.9535
BLOCK22/SES221/SA221S23	SES068	-2.89913	23.4089	26.308
BLOCK22/SES221/SA221S23	SES143	-2.98279	23.3252	26.308
BLOCK22/SES221/SA221S23	SES175	-1.67787	24.6301	26.308
BLOCK22/SES221/SA221S23	SES189	-1.63932	24.6687	26.308
BLOCK22/SES221/SA221S27	SES085	-3.11108	23.101	26.2121
BLOCK22/SES221/SA221S27	SES143	-2.86002	23.3521	26.2121
BLOCK22/SES221/SA221S27	SES175	-2.73275	23.4793	26.2121
BLOCK22/SES221/SA221S27	SES189	-0.803686	25.4084	26.2121
BLOCK22/SES221/SA221S29	SES085	-3.56467	20.3558	23.9205
BLOCK22/SES221/SA221S29	SES143	-3.41051	20.51	23.9205
BLOCK22/SES221/SA221S29	SES175	-2.47272	21.4478	23.9205
BLOCK22/SES221/SA221S29	SES187	-2.80305	21.1174	23.9205
BLOCK22/SES223/SA223S11	SES143	-3.07369	20.8696	23.9433
BLOCK22/SES223/SA223S11	SES144	-5.20724	18.736	23.9433
BLOCK22/SES223/SA223S11	SES175	-2.82314	21.1201	23.9433
BLOCK22/SES223/SA223S11	SES187	-4.08765	19.8556	23.9433
BLOCK22/SES223/SA223S13	SES068	-2.85466	20.8716	23.7263
BLOCK22/SES223/SA223S13	SES143	-3.2549	20.4714	23.7263
BLOCK22/SES223/SA223S13	SES146	-4.26221	19.4641	23.7263
BLOCK22/SES223/SA223S13	SES202	-3.22132	20.505	23.7263
BLOCK22/SES223/SA223S22	SES143	-2.42671	22.3005	24.7272
BLOCK22/SES223/SA223S22	SES144	-4.93306	19.7941	24.7272
BLOCK22/SES223/SA223S22	SES175	-3.0704	21.6568	24.7272
BLOCK22/SES223/SA223S22	SES187	-2.84555	21.8816	24.7272
BLOCK22/SES223/SA223S25	SES068	-2.78038	22.2615	25.0419
BLOCK22/SES223/SA223S25	SES143	-3.54646	21.4954	25.0419
BLOCK22/SES223/SA223S25	SES175	-2.71654	22.3253	25.0419
BLOCK22/SES223/SA223S25	SES187	-3.64056	21.4013	25.0419
BLOCK22/SES223/SA223S27	SES143	-2.58436	21.0005	23.5849
BLOCK22/SES223/SA223S27	SES146	-4.15409	19.4308	23.5849
BLOCK22/SES223/SA223S27	SES187	-3.85258	19.7323	23.5849
BLOCK22/SES223/SA223S27	SES292	-4.53171	19.0532	23.5849
BLOCK27/SES273/SA273S12	SES099	-0.96089	29.7908	30.7517
BLOCK27/SES273/SA273S12	SES104	-1.90076	28.8509	30.7517
BLOCK27/SES273/SA273S12	SES125	-2.60241	28.1493	30.7517
BLOCK27/SES273/SA273S12	SES206	-1.42087	29.3308	30.7517
BLOCK27/SES273/SA273S13	SES099	-1.89688	29.5441	31.441
BLOCK27/SES273/SA273S13	SES104	-2.71044	28.7306	31.441
BLOCK27/SES273/SA273S13	SES206	-1.64559	29.7954	31.441
BLOCK27/SES273/SA273S13	SES292	-2.68282	28.7582	31.441
BLOCK27/SES273/SA273S21	SES099	-1.12187	29.5616	30.6834
BLOCK27/SES273/SA273S21	SES148	-3.37298	27.3104	30.6834
BLOCK27/SES273/SA273S21	SES149	-2.8664	27.817	30.6834
BLOCK27/SES273/SA273S21	SES177	-2.63065	28.0528	30.6834
BLOCK27/SES273/SA273S25	SES104	-1.94333	28.2888	30.2321
BLOCK27/SES273/SA273S25	SES125	-2.8107	27.4214	30.2321
BLOCK27/SES273/SA273S25	SES158	-1.68912	28.543	30.2321
BLOCK27/SES273/SA273S25	SES206	-0.650803	29.5813	30.2321
BLOCK27/SES273/SA273S27	SES099	-1.05639	29.1414	30.1978
BLOCK27/SES273/SA273S27	SES104	-2.13637	28.0614	30.1978
BLOCK27/SES273/SA273S27	SES149	-2.13622	28.0616	30.1978
BLOCK27/SES273/SA273S27	SES275	-2.73981	27.458	30.1978
BLOCK27/SES274/SA274S10	SES105	-3.09176	25.7995	28.8913
BLOCK27/SES274/SA274S10	SES125	-4.45717	24.4341	28.8913
BLOCK27/SES274/SA274S10	SES129	-2.55953	26.3318	28.8913
BLOCK27/SES274/SA274S10	SES158	-4.4066	24.4847	28.8913
BLOCK27/SES274/SA274S11	SES105	-2.41286	27.432	29.8448
BLOCK27/SES274/SA274S11	SES149	-3.54098	26.3038	29.8448
BLOCK27/SES274/SA274S11	SES158	-3.83784	26.007	29.8448
BLOCK27/SES274/SA274S11	SES275	-1.24844	28.5964	29.8448
BLOCK27/SES274/SA274S21	SES105	-3.85693	25.1712	29.0281
BLOCK27/SES274/SA274S21	SES129	-2.04587	26.9822	29.0281
BLOCK27/SES274/SA274S21	SES149	-2.79859	26.2295	29.0281
BLOCK27/SES274/SA274S21	SES158	-6.18476	22.8433	29.0281
BLOCK27/SES274/SA274S24	SES105	-3.04361	27.4901	30.5337
BLOCK27/SES274/SA274S24	SES129	-1.90747	28.6262	30.5337
BLOCK27/SES274/SA274S24	SES149	-4.01002	26.5237	30.5337
BLOCK27/SES274/SA274S24	SES158	-5.85253	24.6812	30.5337
BLOCK27/SES274/SA274S29	SES105	-3.31555	25.0102	28.3258
BLOCK27/SES274/SA274S29	SES106	-3.89528	24.4305	28.3258
BLOCK27/SES274/SA274S29	SES120	-2.50674	25.819	28.3258
BLOCK27/SES274/SA274S29	SES275	-1.82362	26.5021	28.3258
BLOCK27/SES276/SA276S16	SES148	-2.74054	24.2793	27.0198
BLOCK27/SES276/SA276S16	SES172	-3.75666	23.2631	27.0198
BLOCK27/SES276/SA276S16	SES180	-3.76057	23.2592	27.0198
BLOCK27/SES276/SA276S16	SES292	-3.03615	23.9837	27.0198
BLOCK27/SES276/SA276S17	SES101	-2.87967	25.0061	27.8858
BLOCK27/SES276/SA276S17	SES177	-3.16042	24.7254	27.8858
BLOCK27/SES276/SA276S17	SES180	-3.22407	24.6617	27.8858
BLOCK27/SES276/SA276S17	SES292	-3.56257	24.3232	27.8858
BLOCK27/SES276/SA276S24	SES101	-1.99834	26.985	28.9833
BLOCK27/SES276/SA276S24	SES177	-2.44472	26.5386	28.9833
BLOCK27/SES276/SA276S24	SES180	-3.02801	25.9553	28.9833
BLOCK27/SES276/SA276S24	SES292	-4.11572	24.8676	28.9833
BLOCK27/SES276/SA276S26	SES101	-3.27028	25.8519	29.1222
BLOCK27/SES276/SA276S26	SES177	-2.35722	26.765	29.1222
BLOCK27/SES276/SA276S26	SES180	-1.37712	27.7451	29.1222
BLOCK27/SES276/SA276S26	SES292	-2.04999	27.0722	29.1222
BLOCK27/SES276/SA276S28	SES101	-2.01555	26.3362	28.3518
BLOCK27/SES276/SA276S28	SES177	-3.5786	24.7732	28.3518
BLOCK27/SES276/SA276S28	SES180	-1.89599	26.4558	28.3518
BLOCK27/SES276/SA276S28	SES292	-2.40576	25.946	28.3518
BLOCK27/SES277/SA277S12	SES101	-2.6171	22.0774	24.6945
BLOCK27/SES277/SA277S12	SES177	-3.77106	20.9235	24.6945
BLOCK27/SES277/SA277S12	SES180	-4.3658	20.3287	24.6945
BLOCK27/SES277/SA277S12	SES292	-4.49504	20.1995	24.6945
BLOCK27/SES277/SA277S14	SES177	-3.40119	20.9785	24.3797
BLOCK27/SES277/SA277S14	SES180	-4.27573	20.104	24.3797
BLOCK27/SES277/SA277S14	SES189	-1.93337	22.4463	24.3797
BLOCK27/SES277/SA277S14	SES292	-4.50393	19.8758	24.3797
BLOCK27/SES277/SA277S21	SES177	-1.92257	24.2979	26.2205
BLOCK27/SES277/SA277S21	SES180	-3.81921	22.4013	26.2205
BLOCK27/SES277/SA277S21	SES189	-1.58739	24.6331	26.2205
BLOCK27/SES277/SA277S21	SES292	-3.98176	22.2387	26.2205
BLOCK27/SES277/SA277S24	SES144	-2.86003	20.8154	23.6754
BLOCK27/SES277/SA277S24	SES177	-3.16536	20.51	23.6754
BLOCK27/SES277/SA277S24	SES180	-4.11598	19.5594	23.6754
BLOCK27/SES277/SA277S24	SES189	-1.44573	22.2297	23.6754
BLOCK27/SES277/SA277S29	SES177	-2.29164	25.6289	27.9205
BLOCK27/SES277/SA277S29	SES180	-3.12938	24.7911	27.9205
BLOCK27/SES277/SA277S29	SES202	-2.69607	25.2244	27.9205
BLOCK27/SES277/SA277S29	SES292	-3.70507	24.2154	27.9205
BLOCK27/SES279/SA279S09	SES120	-2.51587	25.9991	28.515
BLOCK27/SES279/SA279S09	SES146	-2.91025	25.6047	28.515
BLOCK27/SES279/SA279S09	SES206	-2.83449	25.6805	28.515
BLOCK27/SES279/SA279S09	SES226	-3.94936	24.5656	28.515
BLOCK27/SES279/SA279S10	SES099	-0.922188	27.8407	28.7629
BLOCK27/SES279/SA279S10	SES206	-1.76164	27.0013	28.7629
BLOCK27/SES279/SA279S10	SES226	-3.55284	25.2101	28.7629
BLOCK27/SES279/SA279S10	SES292	-1.27421	27.4887	28.7629
BLOCK27/SES279/SA279S20	SES099	-2.48631	26.2676	28.7539
BLOCK27/SES279/SA279S20	SES206	-1.17068	27.5832	28.7539
BLOCK27/SES279/SA279S20	SES226	-3.52634	25.2276	28.7539
BLOCK27/SES279/SA279S20	SES292	-0.94722	27.8067	28.7539
BLOCK27/SES279/SA279S26	SES099	-1.99532	26.3566	28.3519
BLOCK27/SES279/SA279S26	SES206	-1.23291	27.119	28.3519
BLOCK27/SES279/SA279S26	SES226	-3.82387	24.5281	28.3519
BLOCK27/SES279/SA279S26	SES292	-1.13121	27.2207	28.3519
BLOCK27/SES279/SA279S28	SES099	-1.53839	29.1996	30.738
BLOCK27/SES279/SA279S28	SES120	-2.22197	28.516	30.738
BLOCK27/SES279/SA279S28	SES177	-3.01588	27.7221	30.738
BLOCK27/SES279/SA279S28	SES206	-2.01597	28.722	30.738
BLOCK29/SES290/SA290S12	SES162	-3.45642	23.6544	27.1108
BLOCK29/SES290/SA290S12	SES177	-3.43488	23.6759	27.1108
BLOCK29/SES290/SA290S12	SES180	-3.25931	23.8515	27.1108
BLOCK29/SES290/SA290S12	SES292	-4.18097	22.9299	27.1108
BLOCK29/SES290/SA290S13	SES007	-4.00114	23.3767	27.3778
BLOCK29/SES290/SA290S13	SES162	-4.72423	22.6536	27.3778
BLOCK29/SES290/SA290S13	SES177	-2.64248	24.7353	27.3778
BLOCK29/SES290/SA290S13	SES180	-3.75501	23.6228	27.3778
BLOCK29/SES290/SA290S22	SES177	-2.17609	24.6497	26.8257
BLOCK29/SES290/SA290S22	SES180	-3.12687	23.6989	26.8257
BLOCK29/SES290/SA290S22	SES202	-3.13103	23.6947	26.8257
BLOCK29/SES290/SA290S22	SES292	-3.91221	22.9135	26.8257
BLOCK29/SES290/SA290S25	SES162	-3.42889	23.7982	27.2271
BLOCK29/SES290/SA290S25	SES177	-2.91046	24.3167	27.2271
BLOCK29/SES290/SA290S25	SES180	-3.07099	24.1561	27.2271
BLOCK29/SES290/SA290S25	SES292	-3.4478	23.7793	27.2271
BLOCK29/SES290/SA290S29	SES177	-1.78014	25.9878	27.7679
BLOCK29/SES290/SA290S29	SES180	-2.31671	25.4512	27.7679
BLOCK29/SES290/SA290S29	SES275	-2.44282	25.3251	27.7679
BLOCK29/SES290/SA290S29	SES292	-2.98083	24.7871	27.7679
BLOCK29/SES291/SA291S11	SES105	-4.37264	21.8352	26.2078
BLOCK29/SES291/SA291S11	SES125	-2.42617	23.7816	26.2078
BLOCK29/SES291/SA291S11	SES158	-2.18143	24.0264	26.2078
BLOCK29/SES291/SA291S11	SES275	-4.16567	22.0421	26.2078
BLOCK29/SES291/SA291S12	SES158	0.0898819	27.344	27.2541
BLOCK29/SES291/SA291S12	SES226	-3.00816	24.2459	27.2541
BLOCK29/SES291/SA291S12	SES270	0.177885	27.432	27.2541
BLOCK29/SES291/SA291S12	SES275	-5.4458	21.8083	27.2541
BLOCK29/SES291/SA291S22	SES082	-2.21947	25.759	27.9785
BLOCK29/SES291/SA291S22	SES158	-2.05495	25.9235	27.9785
BLOCK29/SES291/SA291S22	SES259	-2.93246	25.046	27.9785
BLOCK29/SES291/SA291S22	SES275	-4.5327	23.4458	27.9785
BLOCK29/SES291/SA291S24	SES104	-0.920738	28.5988	29.5195
BLOCK29/SES291/SA291S24	SES125	-1.48439	28.0352	29.5195
BLOCK29/SES291/SA291S24	SES158	-0.942158	28.5774	29.5195
BLOCK29/SES291/SA291S24	SES275	-4.43283	25.0867	29.5195
BLOCK29/SES291/SA291S27	SES158	-0.658524	27.5419	28.2004
BLOCK29/SES291/SA291S27	SES172	-5.20577	22.9946	28.2004
BLOCK29/SES291/SA291S27	SES275	-4.97865	23.2217	28.2004
BLOCK29/SES291/SA291S27	SES292	-3.4162	24.7842	28.2004
